2024-05-24 23:56:07.820 [info] Log level: Info
2024-05-24 23:56:07.820 [info] Validating found git in: "git"
2024-05-24 23:56:07.820 [info] Using git "2.45.1" from "git"
2024-05-24 23:56:07.820 [info] > git rev-parse --show-toplevel [7ms]
2024-05-24 23:56:07.820 [info] fatal: not a git repository (or any parent up to mount point /)
Stopping at filesystem boundary (GIT_DISCOVERY_ACROSS_FILESYSTEM not set).
2024-05-24 23:56:07.820 [info] > git rev-parse --show-toplevel [14ms]
2024-05-24 23:56:07.820 [info] > git rev-parse --git-dir --git-common-dir [3ms]
2024-05-24 23:56:07.820 [info] Open repository: /home/prasant/Downloads/Downloads/React_Projects/Food_Ordering_App
2024-05-24 23:56:07.820 [info] > git rev-parse --show-toplevel [25ms]
2024-05-24 23:56:07.820 [info] fatal: not a git repository (or any parent up to mount point /)
Stopping at filesystem boundary (GIT_DISCOVERY_ACROSS_FILESYSTEM not set).
2024-05-24 23:56:07.820 [info] > git config --get commit.template [44ms]
2024-05-24 23:56:07.820 [info] No remotes found in the git config file.
2024-05-24 23:56:07.820 [info] > git for-each-ref --format=%(refname)%00%(upstream:short)%00%(objectname)%00%(upstream:track)%00%(upstream:remotename)%00%(upstream:remoteref) refs/heads/master refs/remotes/master [3ms]
2024-05-24 23:56:07.820 [info] > git status -z -uall [101ms]
2024-05-24 23:56:07.820 [info] > git config --get commit.template [84ms]
2024-05-24 23:56:07.820 [info] > git show --textconv :src/App.js [26ms]
2024-05-24 23:56:07.820 [info] > git ls-files --stage -- /home/prasant/Downloads/Downloads/React_Projects/Food_Ordering_App/src/App.js [20ms]
2024-05-24 23:56:07.826 [info] No remotes found in the git config file.
2024-05-24 23:56:07.832 [info] > git cat-file -s d650e55cf60fa3a86bd937eaeeeb64f1ba940a3b [16ms]
2024-05-24 23:56:07.935 [info] > git for-each-ref --format=%(refname)%00%(upstream:short)%00%(objectname)%00%(upstream:track)%00%(upstream:remotename)%00%(upstream:remoteref) refs/heads/master refs/remotes/master [109ms]
2024-05-24 23:56:07.944 [info] > git status -z -uall [5ms]
2024-05-24 23:56:08.201 [info] > git check-ignore -v -z --stdin [2ms]
2024-05-24 23:56:11.367 [info] > git check-ignore -v -z --stdin [3ms]
2024-05-24 23:56:15.667 [info] > git show --textconv :src/components/RestaurantCard.js [1ms]
2024-05-24 23:56:15.706 [info] > git ls-files --stage -- /home/prasant/Downloads/Downloads/React_Projects/Food_Ordering_App/src/components/RestaurantCard.js [11ms]
2024-05-24 23:56:15.729 [info] > git cat-file -s ae790f0c5d789ad54cb9e26a9a88759df8640e56 [3ms]
2024-05-24 23:56:19.384 [info] > git show --textconv :src/components/About.js [5ms]
2024-05-24 23:56:19.385 [info] > git ls-files --stage -- /home/prasant/Downloads/Downloads/React_Projects/Food_Ordering_App/src/components/About.js [2ms]
2024-05-24 23:56:19.390 [info] > git cat-file -s 10763be4625fe45ce6d88f9002ab247a553a4bae [1ms]
2024-05-24 23:56:25.044 [info] > git show --textconv :src/components/Contact.js [5ms]
2024-05-24 23:56:25.045 [info] > git ls-files --stage -- /home/prasant/Downloads/Downloads/React_Projects/Food_Ordering_App/src/components/Contact.js [2ms]
2024-05-24 23:56:25.050 [info] > git cat-file -s 80205c552b33a8a4e8118bb40310d82913783252 [1ms]
2024-05-24 23:56:31.056 [info] > git show --textconv :src/components/Error.js [5ms]
2024-05-24 23:56:31.057 [info] > git ls-files --stage -- /home/prasant/Downloads/Downloads/React_Projects/Food_Ordering_App/src/components/Error.js [2ms]
2024-05-24 23:56:31.063 [info] > git cat-file -s a98baafe3df724ca015a2436c3d4b6714567dba7 [2ms]
2024-05-24 23:56:35.160 [info] > git show --textconv :src/components/Header.js [5ms]
2024-05-24 23:56:35.162 [info] > git ls-files --stage -- /home/prasant/Downloads/Downloads/React_Projects/Food_Ordering_App/src/components/Header.js [3ms]
2024-05-24 23:56:35.167 [info] > git cat-file -s 2e9e5684ce6ac53d208c12b89f06104cf845e3dc [1ms]
2024-05-24 23:56:36.116 [info] > git show --textconv :src/components/Logo.js [6ms]
2024-05-24 23:56:36.117 [info] > git ls-files --stage -- /home/prasant/Downloads/Downloads/React_Projects/Food_Ordering_App/src/components/Logo.js [2ms]
2024-05-24 23:56:36.122 [info] > git cat-file -s 4f8e2766c76234ab104e5fd777a1ddcaaaf7f125 [2ms]
2024-05-24 23:56:37.075 [info] > git show --textconv :src/components/RestaurantCard.js [6ms]
2024-05-24 23:56:37.077 [info] > git ls-files --stage -- /home/prasant/Downloads/Downloads/React_Projects/Food_Ordering_App/src/components/RestaurantCard.js [3ms]
2024-05-24 23:56:37.083 [info] > git cat-file -s ae790f0c5d789ad54cb9e26a9a88759df8640e56 [2ms]
2024-05-24 23:56:39.460 [info] > git ls-files --stage -- /home/prasant/Downloads/Downloads/React_Projects/Food_Ordering_App/src/components/RestaurantMenu.js [2ms]
2024-05-24 23:56:39.519 [info] > git show --textconv :src/components/RestaurantMenu.js [67ms]
2024-05-24 23:56:39.519 [info] > git cat-file -s 4a6a70aeb06b83590ece65d1d1994f2c6beae3dc [52ms]
2024-05-24 23:56:40.690 [info] > git show --textconv :src/components/Shimmer.js [6ms]
2024-05-24 23:56:40.691 [info] > git ls-files --stage -- /home/prasant/Downloads/Downloads/React_Projects/Food_Ordering_App/src/components/Shimmer.js [3ms]
2024-05-24 23:56:40.697 [info] > git cat-file -s ec0081b614191e225f4b12da92d4c8799d3c099f [2ms]
2024-05-24 23:56:41.712 [info] > git show --textconv :src/components/UserClass.js [7ms]
2024-05-24 23:56:41.715 [info] > git ls-files --stage -- /home/prasant/Downloads/Downloads/React_Projects/Food_Ordering_App/src/components/UserClass.js [4ms]
2024-05-24 23:56:41.720 [info] > git cat-file -s 88616f2cbe7ac896ca18bc3a4b857e8be1002204 [1ms]
2024-05-24 23:57:10.941 [info] > git show --textconv :src/components/RestaurantCard.js [5ms]
2024-05-24 23:57:10.942 [info] > git ls-files --stage -- /home/prasant/Downloads/Downloads/React_Projects/Food_Ordering_App/src/components/RestaurantCard.js [2ms]
2024-05-24 23:57:10.948 [info] > git cat-file -s ae790f0c5d789ad54cb9e26a9a88759df8640e56 [2ms]
2024-05-24 23:57:24.873 [info] > git show --textconv :src/App.js [5ms]
2024-05-24 23:57:24.874 [info] > git ls-files --stage -- /home/prasant/Downloads/Downloads/React_Projects/Food_Ordering_App/src/App.js [2ms]
2024-05-24 23:57:24.880 [info] > git cat-file -s d650e55cf60fa3a86bd937eaeeeb64f1ba940a3b [3ms]
