2024-05-26 17:26:03.106 [info] Log level: Info
2024-05-26 17:26:03.106 [info] Validating found git in: "git"
2024-05-26 17:26:03.106 [info] Using git "2.45.1" from "git"
2024-05-26 17:26:20.925 [info] Log level: Info
2024-05-26 17:26:20.925 [info] Validating found git in: "git"
2024-05-26 17:26:20.925 [info] Using git "2.45.1" from "git"
2024-05-26 17:26:20.938 [info] > git rev-parse --show-toplevel [22ms]
2024-05-26 17:26:20.984 [info] > git rev-parse --git-dir --git-common-dir [5ms]
2024-05-26 17:26:21.015 [info] Open repository: /home/prasant/.config
2024-05-26 17:26:21.042 [info] > git config --get commit.template [17ms]
2024-05-26 17:26:21.044 [info] > git rev-parse --show-toplevel [7ms]
2024-05-26 17:26:21.068 [info] > git rev-parse --show-toplevel [4ms]
2024-05-26 17:26:21.068 [info] > git for-each-ref --format=%(refname)%00%(upstream:short)%00%(objectname)%00%(upstream:track)%00%(upstream:remotename)%00%(upstream:remoteref) refs/heads/main refs/remotes/main [16ms]
2024-05-26 17:26:21.095 [info] > git rev-parse --show-toplevel [8ms]
2024-05-26 17:26:21.124 [info] > git rev-parse --show-toplevel [17ms]
2024-05-26 17:26:21.154 [info] > git rev-parse --show-toplevel [11ms]
2024-05-26 17:26:21.179 [info] > git rev-parse --show-toplevel [2ms]
2024-05-26 17:26:21.200 [info] > git rev-parse --show-toplevel [2ms]
2024-05-26 17:26:21.226 [info] > git rev-parse --show-toplevel [6ms]
2024-05-26 17:26:21.300 [info] > git rev-parse --show-toplevel [50ms]
2024-05-26 17:26:21.318 [info] > git rev-parse --show-toplevel [3ms]
2024-05-26 17:26:21.332 [info] > git rev-parse --show-toplevel [2ms]
2024-05-26 17:26:21.834 [info] > git status -z -uall [711ms]
2024-05-26 17:26:21.933 [info] > git rev-parse --show-toplevel [588ms]
2024-05-26 17:26:22.272 [info] > git check-ignore -v -z --stdin [449ms]
2024-05-26 17:26:22.274 [info] > git merge-base refs/heads/main refs/remotes/origin/main [415ms]
2024-05-26 17:26:22.320 [info] > git rev-list --count --left-right refs/heads/main...refs/remotes/origin/main [36ms]
2024-05-26 17:26:22.329 [info] > git rev-parse --show-toplevel [70ms]
2024-05-26 17:26:22.339 [info] > git config --get commit.template [85ms]
2024-05-26 17:26:22.344 [info] > git diff --name-status -z --diff-filter=ADMR 6f7a32afb74f8e5cfd7ac400f36d7b7d42cc24ec...refs/remotes/origin/main [15ms]
2024-05-26 17:26:22.463 [info] > git rev-parse --show-toplevel [19ms]
2024-05-26 17:26:22.480 [info] > git for-each-ref --format=%(refname)%00%(upstream:short)%00%(objectname)%00%(upstream:track)%00%(upstream:remotename)%00%(upstream:remoteref) refs/heads/main refs/remotes/main [27ms]
2024-05-26 17:26:22.500 [info] > git rev-parse --show-toplevel [20ms]
2024-05-26 17:26:22.526 [info] > git rev-parse --show-toplevel [10ms]
2024-05-26 17:26:22.711 [info] > git rev-parse --show-toplevel [5ms]
2024-05-26 17:26:22.731 [info] > git rev-parse --show-toplevel [5ms]
2024-05-26 17:26:22.751 [info] > git rev-parse --show-toplevel [8ms]
2024-05-26 17:26:22.771 [info] > git rev-parse --show-toplevel [8ms]
2024-05-26 17:26:22.793 [info] > git rev-parse --show-toplevel [4ms]
2024-05-26 17:26:22.812 [info] > git rev-parse --show-toplevel [5ms]
2024-05-26 17:26:22.820 [info] > git rev-parse --show-toplevel [2ms]
2024-05-26 17:26:22.839 [info] > git rev-parse --show-toplevel [1ms]
2024-05-26 17:26:22.875 [info] > git rev-parse --show-toplevel [30ms]
2024-05-26 17:26:22.897 [info] > git rev-parse --show-toplevel [8ms]
2024-05-26 17:26:22.910 [info] > git status -z -uall [412ms]
2024-05-26 17:26:22.960 [info] > git rev-parse --show-toplevel [52ms]
2024-05-26 17:26:22.973 [info] > git rev-parse --show-toplevel [1ms]
2024-05-26 17:26:22.987 [info] > git rev-parse --show-toplevel [8ms]
2024-05-26 17:26:23.006 [info] > git rev-parse --show-toplevel [3ms]
2024-05-26 17:26:23.017 [info] > git rev-parse --show-toplevel [3ms]
2024-05-26 17:26:23.025 [info] > git rev-parse --show-toplevel [3ms]
2024-05-26 17:26:23.288 [info] > git rev-parse --show-toplevel [255ms]
2024-05-26 17:26:23.322 [info] > git rev-parse --show-toplevel [7ms]
2024-05-26 17:26:23.337 [info] > git rev-parse --show-toplevel [0ms]
2024-05-26 17:26:23.354 [info] > git rev-parse --show-toplevel [5ms]
2024-05-26 17:26:23.366 [info] > git rev-parse --show-toplevel [2ms]
2024-05-26 17:26:23.376 [info] > git rev-parse --show-toplevel [3ms]
2024-05-26 17:26:23.389 [info] > git rev-parse --show-toplevel [1ms]
2024-05-26 17:26:23.401 [info] > git rev-parse --show-toplevel [3ms]
2024-05-26 17:26:23.412 [info] > git rev-parse --show-toplevel [3ms]
2024-05-26 17:26:23.424 [info] > git rev-parse --show-toplevel [5ms]
2024-05-26 17:26:23.436 [info] > git rev-parse --show-toplevel [1ms]
2024-05-26 17:26:23.453 [info] > git rev-parse --show-toplevel [8ms]
2024-05-26 17:26:23.466 [info] > git rev-parse --show-toplevel [4ms]
2024-05-26 17:26:23.486 [info] > git rev-parse --show-toplevel [3ms]
2024-05-26 17:26:23.508 [info] > git rev-parse --show-toplevel [8ms]
2024-05-26 17:26:23.528 [info] > git rev-parse --show-toplevel [6ms]
2024-05-26 17:26:23.545 [info] > git rev-parse --show-toplevel [5ms]
2024-05-26 17:26:23.556 [info] > git rev-parse --show-toplevel [1ms]
2024-05-26 17:26:23.577 [info] > git rev-parse --show-toplevel [3ms]
2024-05-26 17:26:25.224 [info] > git config --get commit.template [4ms]
2024-05-26 17:26:25.225 [info] > git for-each-ref --format=%(refname)%00%(upstream:short)%00%(objectname)%00%(upstream:track)%00%(upstream:remotename)%00%(upstream:remoteref) refs/heads/main refs/remotes/main [2ms]
2024-05-26 17:26:25.356 [info] > git status -z -uall [126ms]
2024-05-26 17:26:30.389 [info] > git config --get commit.template [5ms]
2024-05-26 17:26:30.391 [info] > git for-each-ref --format=%(refname)%00%(upstream:short)%00%(objectname)%00%(upstream:track)%00%(upstream:remotename)%00%(upstream:remoteref) refs/heads/main refs/remotes/main [2ms]
2024-05-26 17:26:30.460 [info] > git check-ignore -v -z --stdin [3ms]
2024-05-26 17:26:30.536 [info] > git status -z -uall [140ms]
2024-05-26 17:26:35.563 [info] > git config --get commit.template [5ms]
2024-05-26 17:26:35.565 [info] > git for-each-ref --format=%(refname)%00%(upstream:short)%00%(objectname)%00%(upstream:track)%00%(upstream:remotename)%00%(upstream:remoteref) refs/heads/main refs/remotes/main [2ms]
2024-05-26 17:26:35.692 [info] > git status -z -uall [123ms]
2024-05-26 17:26:40.715 [info] > git config --get commit.template [6ms]
2024-05-26 17:26:40.717 [info] > git for-each-ref --format=%(refname)%00%(upstream:short)%00%(objectname)%00%(upstream:track)%00%(upstream:remotename)%00%(upstream:remoteref) refs/heads/main refs/remotes/main [1ms]
2024-05-26 17:26:40.859 [info] > git status -z -uall [138ms]
2024-05-26 17:26:45.884 [info] > git config --get commit.template [5ms]
2024-05-26 17:26:45.885 [info] > git for-each-ref --format=%(refname)%00%(upstream:short)%00%(objectname)%00%(upstream:track)%00%(upstream:remotename)%00%(upstream:remoteref) refs/heads/main refs/remotes/main [2ms]
2024-05-26 17:26:46.110 [info] > git status -z -uall [220ms]
2024-05-26 17:26:51.133 [info] > git config --get commit.template [6ms]
2024-05-26 17:26:51.134 [info] > git for-each-ref --format=%(refname)%00%(upstream:short)%00%(objectname)%00%(upstream:track)%00%(upstream:remotename)%00%(upstream:remoteref) refs/heads/main refs/remotes/main [2ms]
2024-05-26 17:26:52.137 [info] > git status -z -uall [998ms]
2024-05-26 17:26:57.161 [info] > git config --get commit.template [6ms]
2024-05-26 17:26:57.162 [info] > git for-each-ref --format=%(refname)%00%(upstream:short)%00%(objectname)%00%(upstream:track)%00%(upstream:remotename)%00%(upstream:remoteref) refs/heads/main refs/remotes/main [2ms]
2024-05-26 17:26:58.149 [info] > git status -z -uall [982ms]
2024-05-26 17:27:03.169 [info] > git config --get commit.template [5ms]
2024-05-26 17:27:03.170 [info] > git for-each-ref --format=%(refname)%00%(upstream:short)%00%(objectname)%00%(upstream:track)%00%(upstream:remotename)%00%(upstream:remoteref) refs/heads/main refs/remotes/main [2ms]
2024-05-26 17:27:04.170 [info] > git status -z -uall [996ms]
2024-05-26 17:27:09.190 [info] > git config --get commit.template [4ms]
2024-05-26 17:27:09.191 [info] > git for-each-ref --format=%(refname)%00%(upstream:short)%00%(objectname)%00%(upstream:track)%00%(upstream:remotename)%00%(upstream:remoteref) refs/heads/main refs/remotes/main [2ms]
2024-05-26 17:27:09.230 [info] > git status -z -uall [34ms]
2024-05-26 17:27:09.242 [info] > git merge-base refs/heads/main refs/remotes/origin/main [5ms]
2024-05-26 17:27:09.250 [info] > git rev-list --count --left-right refs/heads/main...refs/remotes/origin/main [2ms]
2024-05-26 17:27:09.257 [info] > git diff --name-status -z --diff-filter=ADMR 6f7a32afb74f8e5cfd7ac400f36d7b7d42cc24ec...refs/remotes/origin/main [2ms]
2024-05-26 17:27:14.254 [info] > git config --get commit.template [6ms]
2024-05-26 17:27:14.254 [info] > git for-each-ref --format=%(refname)%00%(upstream:short)%00%(objectname)%00%(upstream:track)%00%(upstream:remotename)%00%(upstream:remoteref) refs/heads/main refs/remotes/main [2ms]
2024-05-26 17:27:14.295 [info] > git status -z -uall [37ms]
2024-05-26 17:27:19.309 [info] > git config --get commit.template [2ms]
2024-05-26 17:27:19.328 [info] > git for-each-ref --format=%(refname)%00%(upstream:short)%00%(objectname)%00%(upstream:track)%00%(upstream:remotename)%00%(upstream:remoteref) refs/heads/main refs/remotes/main [1ms]
2024-05-26 17:27:19.424 [info] > git status -z -uall [85ms]
2024-05-26 17:27:24.440 [info] > git config --get commit.template [5ms]
2024-05-26 17:27:24.442 [info] > git for-each-ref --format=%(refname)%00%(upstream:short)%00%(objectname)%00%(upstream:track)%00%(upstream:remotename)%00%(upstream:remoteref) refs/heads/main refs/remotes/main [2ms]
2024-05-26 17:27:24.497 [info] > git status -z -uall [51ms]
2024-05-26 17:27:31.969 [info] > git config --get commit.template [5ms]
2024-05-26 17:27:31.970 [info] > git for-each-ref --format=%(refname)%00%(upstream:short)%00%(objectname)%00%(upstream:track)%00%(upstream:remotename)%00%(upstream:remoteref) refs/heads/main refs/remotes/main [2ms]
2024-05-26 17:27:32.013 [info] > git status -z -uall [39ms]
2024-05-26 17:27:39.847 [info] > git config --get commit.template [6ms]
2024-05-26 17:27:39.848 [info] > git for-each-ref --format=%(refname)%00%(upstream:short)%00%(objectname)%00%(upstream:track)%00%(upstream:remotename)%00%(upstream:remoteref) refs/heads/main refs/remotes/main [2ms]
2024-05-26 17:27:39.891 [info] > git status -z -uall [39ms]
2024-05-26 17:27:44.907 [info] > git config --get commit.template [5ms]
2024-05-26 17:27:44.908 [info] > git for-each-ref --format=%(refname)%00%(upstream:short)%00%(objectname)%00%(upstream:track)%00%(upstream:remotename)%00%(upstream:remoteref) refs/heads/main refs/remotes/main [2ms]
2024-05-26 17:27:44.951 [info] > git status -z -uall [39ms]
2024-05-26 17:27:49.966 [info] > git config --get commit.template [6ms]
2024-05-26 17:27:49.967 [info] > git for-each-ref --format=%(refname)%00%(upstream:short)%00%(objectname)%00%(upstream:track)%00%(upstream:remotename)%00%(upstream:remoteref) refs/heads/main refs/remotes/main [2ms]
2024-05-26 17:27:50.010 [info] > git status -z -uall [39ms]
2024-05-26 17:27:55.023 [info] > git config --get commit.template [5ms]
2024-05-26 17:27:55.025 [info] > git for-each-ref --format=%(refname)%00%(upstream:short)%00%(objectname)%00%(upstream:track)%00%(upstream:remotename)%00%(upstream:remoteref) refs/heads/main refs/remotes/main [2ms]
2024-05-26 17:27:55.067 [info] > git status -z -uall [38ms]
2024-05-26 17:28:02.001 [info] > git config --get commit.template [2ms]
2024-05-26 17:28:02.008 [info] > git for-each-ref --format=%(refname)%00%(upstream:short)%00%(objectname)%00%(upstream:track)%00%(upstream:remotename)%00%(upstream:remoteref) refs/heads/main refs/remotes/main [2ms]
2024-05-26 17:28:02.054 [info] > git status -z -uall [42ms]
2024-05-26 17:28:07.067 [info] > git config --get commit.template [5ms]
2024-05-26 17:28:07.068 [info] > git for-each-ref --format=%(refname)%00%(upstream:short)%00%(objectname)%00%(upstream:track)%00%(upstream:remotename)%00%(upstream:remoteref) refs/heads/main refs/remotes/main [2ms]
2024-05-26 17:28:07.111 [info] > git status -z -uall [38ms]
2024-05-26 17:28:12.123 [info] > git config --get commit.template [5ms]
2024-05-26 17:28:12.124 [info] > git for-each-ref --format=%(refname)%00%(upstream:short)%00%(objectname)%00%(upstream:track)%00%(upstream:remotename)%00%(upstream:remoteref) refs/heads/main refs/remotes/main [2ms]
2024-05-26 17:28:12.170 [info] > git status -z -uall [41ms]
2024-05-26 17:28:20.870 [info] > git config --get commit.template [4ms]
2024-05-26 17:28:20.871 [info] > git for-each-ref --format=%(refname)%00%(upstream:short)%00%(objectname)%00%(upstream:track)%00%(upstream:remotename)%00%(upstream:remoteref) refs/heads/main refs/remotes/main [1ms]
2024-05-26 17:28:20.916 [info] > git status -z -uall [40ms]
2024-05-26 17:28:25.927 [info] > git config --get commit.template [2ms]
2024-05-26 17:28:25.932 [info] > git for-each-ref --format=%(refname)%00%(upstream:short)%00%(objectname)%00%(upstream:track)%00%(upstream:remotename)%00%(upstream:remoteref) refs/heads/main refs/remotes/main [1ms]
2024-05-26 17:28:26.008 [info] > git status -z -uall [71ms]
2024-05-26 17:28:32.038 [info] > git config --get commit.template [6ms]
2024-05-26 17:28:32.039 [info] > git for-each-ref --format=%(refname)%00%(upstream:short)%00%(objectname)%00%(upstream:track)%00%(upstream:remotename)%00%(upstream:remoteref) refs/heads/main refs/remotes/main [2ms]
2024-05-26 17:28:32.085 [info] > git status -z -uall [41ms]
2024-05-26 17:28:42.064 [info] > git config --get commit.template [8ms]
2024-05-26 17:28:42.065 [info] > git for-each-ref --format=%(refname)%00%(upstream:short)%00%(objectname)%00%(upstream:track)%00%(upstream:remotename)%00%(upstream:remoteref) refs/heads/main refs/remotes/main [2ms]
2024-05-26 17:28:42.115 [info] > git status -z -uall [46ms]
2024-05-26 17:28:48.839 [info] > git config --get commit.template [5ms]
2024-05-26 17:28:48.840 [info] > git for-each-ref --format=%(refname)%00%(upstream:short)%00%(objectname)%00%(upstream:track)%00%(upstream:remotename)%00%(upstream:remoteref) refs/heads/main refs/remotes/main [2ms]
2024-05-26 17:28:48.883 [info] > git status -z -uall [38ms]
2024-05-26 17:28:48.893 [info] > git merge-base refs/heads/main refs/remotes/origin/main [5ms]
2024-05-26 17:28:48.901 [info] > git rev-list --count --left-right refs/heads/main...refs/remotes/origin/main [2ms]
2024-05-26 17:28:48.909 [info] > git diff --name-status -z --diff-filter=ADMR 69e004f89567fb4a15378b897863fb7c1336d074...refs/remotes/origin/main [2ms]
