2024-05-30 10:32:29.455 [info] Extension host with pid 29335 started
2024-05-30 10:32:29.531 [info] ExtensionService#_doActivateExtension vscode.git-base, startup: true, activationEvent: '*', root cause: vscode.git
2024-05-30 10:32:29.536 [info] ExtensionService#_doActivateExtension formulahendry.auto-close-tag, startup: true, activationEvent: '*'
2024-05-30 10:32:29.539 [info] ExtensionService#_doActivateExtension formulahendry.auto-rename-tag, startup: true, activationEvent: '*'
2024-05-30 10:32:29.556 [info] ExtensionService#_doActivateExtension johnpapa.vscode-peacock, startup: true, activationEvent: '*'
2024-05-30 10:32:29.566 [info] ExtensionService#_doActivateExtension oderwat.indent-rainbow, startup: true, activationEvent: '*'
2024-05-30 10:32:29.606 [info] ExtensionService#_doActivateExtension vscode.git, startup: true, activationEvent: '*'
2024-05-30 10:32:29.643 [info] ExtensionService#_doActivateExtension vscode.github, startup: true, activationEvent: '*'
2024-05-30 10:32:29.989 [info] Eager extensions activated
2024-05-30 10:32:30.000 [info] ExtensionService#_doActivateExtension vscode.debug-auto-launch, startup: false, activationEvent: 'onStartupFinished'
2024-05-30 10:32:30.002 [info] ExtensionService#_doActivateExtension vscode.merge-conflict, startup: false, activationEvent: 'onStartupFinished'
2024-05-30 10:32:30.016 [info] ExtensionService#_doActivateExtension bradlc.vscode-tailwindcss, startup: false, activationEvent: 'onStartupFinished'
2024-05-30 10:32:30.050 [info] ExtensionService#_doActivateExtension Catppuccin.catppuccin-vsc, startup: false, activationEvent: 'onStartupFinished'
2024-05-30 10:32:30.055 [info] ExtensionService#_doActivateExtension esbenp.prettier-vscode, startup: false, activationEvent: 'onStartupFinished'
2024-05-30 10:32:30.120 [info] ExtensionService#_doActivateExtension formulahendry.code-runner, startup: false, activationEvent: 'onStartupFinished'
2024-05-30 10:32:30.170 [info] ExtensionService#_doActivateExtension kisstkondoros.vscode-gutter-preview, startup: false, activationEvent: 'onStartupFinished'
2024-05-30 10:32:30.212 [info] ExtensionService#_doActivateExtension naumovs.color-highlight, startup: false, activationEvent: 'onStartupFinished'
2024-05-30 10:32:30.219 [info] ExtensionService#_doActivateExtension PKief.material-icon-theme, startup: false, activationEvent: 'onStartupFinished'
2024-05-30 10:32:47.204 [info] Extension host terminating: renderer closed the MessagePort
2024-05-30 10:32:47.218 [info] Extension host with pid 29335 exiting with code 0
2024-05-30 10:32:48.866 [info] Extension host with pid 29678 started
2024-05-30 10:32:48.866 [info] Skipping acquiring lock for /home/prasant/.config/Code/User/workspaceStorage/2997c41fe530ba8adf3d1c8a16920833.
2024-05-30 10:32:49.096 [info] ExtensionService#_doActivateExtension vscode.git-base, startup: true, activationEvent: '*', root cause: vscode.git
2024-05-30 10:32:49.103 [info] ExtensionService#_doActivateExtension formulahendry.auto-close-tag, startup: true, activationEvent: '*'
2024-05-30 10:32:49.109 [info] ExtensionService#_doActivateExtension formulahendry.auto-rename-tag, startup: true, activationEvent: '*'
2024-05-30 10:32:49.135 [info] ExtensionService#_doActivateExtension johnpapa.vscode-peacock, startup: true, activationEvent: '*'
2024-05-30 10:32:49.143 [info] ExtensionService#_doActivateExtension oderwat.indent-rainbow, startup: true, activationEvent: '*'
2024-05-30 10:32:49.198 [info] ExtensionService#_doActivateExtension vscode.git, startup: true, activationEvent: '*'
2024-05-30 10:32:49.241 [info] ExtensionService#_doActivateExtension vscode.github, startup: true, activationEvent: '*'
2024-05-30 10:32:49.630 [info] Eager extensions activated
2024-05-30 10:32:49.665 [info] ExtensionService#_doActivateExtension vscode.debug-auto-launch, startup: false, activationEvent: 'onStartupFinished'
2024-05-30 10:32:49.669 [info] ExtensionService#_doActivateExtension vscode.merge-conflict, startup: false, activationEvent: 'onStartupFinished'
2024-05-30 10:32:49.680 [info] ExtensionService#_doActivateExtension bradlc.vscode-tailwindcss, startup: false, activationEvent: 'onStartupFinished'
2024-05-30 10:32:49.707 [info] ExtensionService#_doActivateExtension Catppuccin.catppuccin-vsc, startup: false, activationEvent: 'onStartupFinished'
2024-05-30 10:32:49.712 [info] ExtensionService#_doActivateExtension esbenp.prettier-vscode, startup: false, activationEvent: 'onStartupFinished'
2024-05-30 10:32:49.768 [info] ExtensionService#_doActivateExtension formulahendry.code-runner, startup: false, activationEvent: 'onStartupFinished'
2024-05-30 10:32:49.823 [info] ExtensionService#_doActivateExtension kisstkondoros.vscode-gutter-preview, startup: false, activationEvent: 'onStartupFinished'
2024-05-30 10:32:49.897 [info] ExtensionService#_doActivateExtension naumovs.color-highlight, startup: false, activationEvent: 'onStartupFinished'
2024-05-30 10:32:49.902 [info] ExtensionService#_doActivateExtension PKief.material-icon-theme, startup: false, activationEvent: 'onStartupFinished'
2024-05-30 10:32:50.395 [warning] [Decorations] CAPPING events from decorations provider vscode.git 1197
2024-05-30 10:32:50.717 [info] ExtensionService#_doActivateExtension vscode.github-authentication, startup: false, activationEvent: 'onAuthenticationRequest:github'
2024-05-30 10:32:51.217 [warning] [Decorations] CAPPING events from decorations provider vscode.git 1198
2024-05-30 10:32:53.633 [warning] [Decorations] CAPPING events from decorations provider vscode.git 1199
2024-05-30 10:32:58.871 [warning] [Decorations] CAPPING events from decorations provider vscode.git 1199
2024-05-30 10:33:04.045 [warning] [Decorations] CAPPING events from decorations provider vscode.git 1199
2024-05-30 10:33:09.200 [warning] [Decorations] CAPPING events from decorations provider vscode.git 1199
