2024-05-27 12:57:11.867 [info] Log level: Info
2024-05-27 12:57:11.867 [info] Validating found git in: "git"
2024-05-27 12:57:11.867 [info] Using git "2.45.1" from "git"
2024-05-27 12:57:11.867 [info] > git rev-parse --show-toplevel [10ms]
2024-05-27 12:57:11.867 [info] fatal: not a git repository (or any parent up to mount point /)
Stopping at filesystem boundary (GIT_DISCOVERY_ACROSS_FILESYSTEM not set).
2024-05-27 12:57:11.867 [info] > git rev-parse --show-toplevel [18ms]
2024-05-27 12:57:11.912 [info] > git rev-parse --git-dir --git-common-dir [19ms]
2024-05-27 12:57:11.977 [info] Open repository: /home/prasant/Downloads/Downloads/React_Projects/Food_Ordering_App
2024-05-27 12:57:12.129 [info] > git rev-parse --show-toplevel [14ms]
2024-05-27 12:57:12.129 [info] fatal: not a git repository (or any parent up to mount point /)
Stopping at filesystem boundary (GIT_DISCOVERY_ACROSS_FILESYSTEM not set).
2024-05-27 12:57:12.130 [info] > git config --get commit.template [36ms]
2024-05-27 12:57:12.147 [info] No remotes found in the git config file.
2024-05-27 12:57:12.148 [info] > git rev-parse --show-toplevel [9ms]
2024-05-27 12:57:12.148 [info] fatal: not a git repository (or any parent up to mount point /)
Stopping at filesystem boundary (GIT_DISCOVERY_ACROSS_FILESYSTEM not set).
2024-05-27 12:57:12.150 [info] > git for-each-ref --format=%(refname)%00%(upstream:short)%00%(objectname)%00%(upstream:track)%00%(upstream:remotename)%00%(upstream:remoteref) refs/heads/master refs/remotes/master [4ms]
2024-05-27 12:57:12.169 [info] > git status -z -uall [10ms]
2024-05-27 12:57:12.252 [info] > git config --get commit.template [41ms]
2024-05-27 12:57:12.276 [info] No remotes found in the git config file.
2024-05-27 12:57:12.714 [info] > git for-each-ref --format=%(refname)%00%(upstream:short)%00%(objectname)%00%(upstream:track)%00%(upstream:remotename)%00%(upstream:remoteref) refs/heads/master refs/remotes/master [439ms]
2024-05-27 12:57:12.938 [info] > git check-ignore -v -z --stdin [236ms]
2024-05-27 12:57:12.949 [info] > git status -z -uall [207ms]
2024-05-27 12:57:14.516 [info] > git rev-parse --show-toplevel [9ms]
2024-05-27 12:57:14.516 [info] fatal: not a git repository (or any parent up to mount point /)
Stopping at filesystem boundary (GIT_DISCOVERY_ACROSS_FILESYSTEM not set).
2024-05-27 12:57:14.650 [info] > git show --textconv :src/App.js [16ms]
2024-05-27 12:57:14.663 [info] > git ls-files --stage -- /home/prasant/Downloads/Downloads/React_Projects/Food_Ordering_App/src/App.js [14ms]
2024-05-27 12:57:14.679 [info] > git cat-file -s d650e55cf60fa3a86bd937eaeeeb64f1ba940a3b [2ms]
