
2024/05/19 (19:49:07) | ===> btop++ v.1.3.2
2024/05/19 (19:49:07) | WARNING: NVML: Failed to get maximum GPU power draw, defaulting to 225W: Not Supported
2024/05/19 (19:49:07) | WARNING: NVML: Failed to get GPU power usage: Not Supported

2024/05/19 (19:50:58) | ===> btop++ v.1.3.2
2024/05/19 (19:50:58) | WARNING: NVML: Failed to get maximum GPU power draw, defaulting to 225W: Not Supported
2024/05/19 (19:50:58) | WARNING: NVML: Failed to get GPU power usage: Not Supported

2024/05/19 (20:15:00) | ===> btop++ v.1.3.2
2024/05/19 (20:15:00) | WARNING: NVML: Failed to get maximum GPU power draw, defaulting to 225W: Not Supported
2024/05/19 (20:15:00) | WARNING: NVML: Failed to get GPU power usage: Not Supported

2024/05/19 (20:15:35) | ===> btop++ v.1.3.2
2024/05/19 (20:15:35) | WARNING: NVML: Failed to get maximum GPU power draw, defaulting to 225W: Not Supported
2024/05/19 (20:15:35) | WARNING: NVML: Failed to get GPU power usage: Not Supported

2024/05/19 (20:20:47) | ===> btop++ v.1.3.2
2024/05/19 (20:20:47) | WARNING: NVML: Failed to get maximum GPU power draw, defaulting to 225W: Not Supported
2024/05/19 (20:20:47) | WARNING: NVML: Failed to get GPU power usage: Not Supported

2024/05/19 (20:20:51) | ===> btop++ v.1.3.2
2024/05/19 (20:20:51) | WARNING: NVML: Failed to get maximum GPU power draw, defaulting to 225W: Not Supported
2024/05/19 (20:20:51) | WARNING: NVML: Failed to get GPU power usage: Not Supported

2024/05/19 (21:23:21) | ===> btop++ v.1.3.2
2024/05/19 (21:23:21) | WARNING: NVML: Failed to get maximum GPU power draw, defaulting to 225W: Not Supported
2024/05/19 (21:23:21) | WARNING: NVML: Failed to get GPU power usage: Not Supported

2024/05/19 (21:23:28) | ===> btop++ v.1.3.2
2024/05/19 (21:23:28) | WARNING: NVML: Failed to get maximum GPU power draw, defaulting to 225W: Not Supported
2024/05/19 (21:23:28) | WARNING: NVML: Failed to get GPU power usage: Not Supported

2024/05/20 (00:45:56) | ===> btop++ v.1.3.2
2024/05/20 (00:45:56) | WARNING: NVML: Failed to get maximum GPU power draw, defaulting to 225W: Not Supported
2024/05/20 (00:45:56) | WARNING: NVML: Failed to get GPU power usage: Not Supported

2024/05/20 (00:46:31) | ===> btop++ v.1.3.2
2024/05/20 (00:46:31) | WARNING: NVML: Failed to get maximum GPU power draw, defaulting to 225W: Not Supported
2024/05/20 (00:46:31) | WARNING: NVML: Failed to get GPU power usage: Not Supported

2024/05/20 (00:46:51) | ===> btop++ v.1.3.2
2024/05/20 (00:46:51) | WARNING: NVML: Failed to get maximum GPU power draw, defaulting to 225W: Not Supported
2024/05/20 (00:46:51) | WARNING: NVML: Failed to get GPU power usage: Not Supported

2024/05/20 (00:46:54) | ===> btop++ v.1.3.2
2024/05/20 (00:46:54) | WARNING: NVML: Failed to get maximum GPU power draw, defaulting to 225W: Not Supported
2024/05/20 (00:46:54) | WARNING: NVML: Failed to get GPU power usage: Not Supported

2024/05/20 (00:48:01) | ===> btop++ v.1.3.2
2024/05/20 (00:48:01) | WARNING: NVML: Failed to get maximum GPU power draw, defaulting to 225W: Not Supported
2024/05/20 (00:48:01) | WARNING: NVML: Failed to get GPU power usage: Not Supported

2024/05/20 (00:48:04) | ===> btop++ v.1.3.2
2024/05/20 (00:48:04) | WARNING: NVML: Failed to get maximum GPU power draw, defaulting to 225W: Not Supported
2024/05/20 (00:48:04) | WARNING: NVML: Failed to get GPU power usage: Not Supported

2024/05/20 (00:50:44) | ===> btop++ v.1.3.2
2024/05/20 (00:50:44) | WARNING: NVML: Failed to get maximum GPU power draw, defaulting to 225W: Not Supported
2024/05/20 (00:50:44) | WARNING: NVML: Failed to get GPU power usage: Not Supported

2024/05/20 (18:10:54) | ===> btop++ v.1.3.2
2024/05/20 (18:10:54) | WARNING: NVML: Failed to get maximum GPU power draw, defaulting to 225W: Not Supported
2024/05/20 (18:10:54) | WARNING: NVML: Failed to get GPU power usage: Not Supported

2024/05/20 (18:11:11) | ===> btop++ v.1.3.2
2024/05/20 (18:11:11) | WARNING: NVML: Failed to get maximum GPU power draw, defaulting to 225W: Not Supported
2024/05/20 (18:11:11) | WARNING: NVML: Failed to get GPU power usage: Not Supported

2024/05/20 (18:13:49) | ===> btop++ v.1.3.2
2024/05/20 (18:13:49) | WARNING: NVML: Failed to get maximum GPU power draw, defaulting to 225W: Not Supported
2024/05/20 (18:13:49) | WARNING: NVML: Failed to get GPU power usage: Not Supported

2024/05/20 (18:13:52) | ===> btop++ v.1.3.2
2024/05/20 (18:13:52) | WARNING: NVML: Failed to get maximum GPU power draw, defaulting to 225W: Not Supported
2024/05/20 (18:13:52) | WARNING: NVML: Failed to get GPU power usage: Not Supported

2024/05/20 (18:19:00) | ===> btop++ v.1.3.2
2024/05/20 (18:19:00) | WARNING: NVML: Failed to get maximum GPU power draw, defaulting to 225W: Not Supported
2024/05/20 (18:19:00) | WARNING: NVML: Failed to get GPU power usage: Not Supported

2024/05/20 (18:19:05) | ===> btop++ v.1.3.2
2024/05/20 (18:19:05) | WARNING: NVML: Failed to get maximum GPU power draw, defaulting to 225W: Not Supported
2024/05/20 (18:19:05) | WARNING: NVML: Failed to get GPU power usage: Not Supported

2024/05/20 (19:06:53) | ===> btop++ v.1.3.2
2024/05/20 (19:06:53) | WARNING: NVML: Failed to get maximum GPU power draw, defaulting to 225W: Not Supported
2024/05/20 (19:06:53) | WARNING: NVML: Failed to get GPU power usage: Not Supported

2024/05/20 (21:22:52) | ===> btop++ v.1.3.2
2024/05/20 (21:22:52) | WARNING: NVML: Failed to get maximum GPU power draw, defaulting to 225W: Not Supported
2024/05/20 (21:22:52) | WARNING: NVML: Failed to get GPU power usage: Not Supported

2024/05/20 (21:22:58) | ===> btop++ v.1.3.2
2024/05/20 (21:22:58) | WARNING: NVML: Failed to get maximum GPU power draw, defaulting to 225W: Not Supported
2024/05/20 (21:22:58) | WARNING: NVML: Failed to get GPU power usage: Not Supported

2024/05/20 (22:05:51) | ===> btop++ v.1.3.2
2024/05/20 (22:05:51) | WARNING: NVML: Failed to get maximum GPU power draw, defaulting to 225W: Not Supported
2024/05/20 (22:05:51) | WARNING: NVML: Failed to get GPU power usage: Not Supported

2024/05/20 (22:05:55) | ===> btop++ v.1.3.2
2024/05/20 (22:05:55) | WARNING: NVML: Failed to get maximum GPU power draw, defaulting to 225W: Not Supported
2024/05/20 (22:05:55) | WARNING: NVML: Failed to get GPU power usage: Not Supported

2024/05/21 (00:48:40) | ===> btop++ v.1.3.2
2024/05/21 (00:48:40) | WARNING: NVML: Failed to get maximum GPU power draw, defaulting to 225W: Not Supported
2024/05/21 (00:48:40) | WARNING: NVML: Failed to get GPU power usage: Not Supported

2024/05/21 (00:48:45) | ===> btop++ v.1.3.2
2024/05/21 (00:48:45) | WARNING: NVML: Failed to get maximum GPU power draw, defaulting to 225W: Not Supported
2024/05/21 (00:48:45) | WARNING: NVML: Failed to get GPU power usage: Not Supported

2024/05/21 (10:39:38) | ===> btop++ v.1.3.2
2024/05/21 (10:39:38) | WARNING: NVML: Failed to get maximum GPU power draw, defaulting to 225W: Not Supported
2024/05/21 (10:39:38) | WARNING: NVML: Failed to get GPU power usage: Not Supported

2024/05/21 (10:39:45) | ===> btop++ v.1.3.2
2024/05/21 (10:39:45) | WARNING: NVML: Failed to get maximum GPU power draw, defaulting to 225W: Not Supported
2024/05/21 (10:39:45) | WARNING: NVML: Failed to get GPU power usage: Not Supported

2024/05/21 (10:52:08) | ===> btop++ v.1.3.2
2024/05/21 (10:52:08) | WARNING: NVML: Failed to get maximum GPU power draw, defaulting to 225W: Not Supported
2024/05/21 (10:52:08) | WARNING: NVML: Failed to get GPU power usage: Not Supported

2024/05/21 (10:52:21) | ===> btop++ v.1.3.2
2024/05/21 (10:52:21) | WARNING: NVML: Failed to get maximum GPU power draw, defaulting to 225W: Not Supported
2024/05/21 (10:52:21) | WARNING: NVML: Failed to get GPU power usage: Not Supported

2024/05/21 (19:17:35) | ===> btop++ v.1.3.2
2024/05/21 (19:17:35) | WARNING: NVML: Failed to get maximum GPU power draw, defaulting to 225W: Not Supported
2024/05/21 (19:17:35) | WARNING: NVML: Failed to get GPU power usage: Not Supported

2024/05/21 (19:17:38) | ===> btop++ v.1.3.2
2024/05/21 (19:17:38) | WARNING: NVML: Failed to get maximum GPU power draw, defaulting to 225W: Not Supported
2024/05/21 (19:17:38) | WARNING: NVML: Failed to get GPU power usage: Not Supported

2024/05/21 (20:28:30) | ===> btop++ v.1.3.2
2024/05/21 (20:28:30) | WARNING: NVML: Failed to get maximum GPU power draw, defaulting to 225W: Not Supported
2024/05/21 (20:28:30) | WARNING: NVML: Failed to get GPU power usage: Not Supported

2024/05/21 (22:21:28) | ===> btop++ v.1.3.2
2024/05/21 (22:21:28) | WARNING: NVML: Failed to get maximum GPU power draw, defaulting to 225W: Not Supported
2024/05/21 (22:21:28) | WARNING: NVML: Failed to get GPU power usage: Not Supported

2024/05/21 (22:21:32) | ===> btop++ v.1.3.2
2024/05/21 (22:21:32) | WARNING: NVML: Failed to get maximum GPU power draw, defaulting to 225W: Not Supported
2024/05/21 (22:21:32) | WARNING: NVML: Failed to get GPU power usage: Not Supported

2024/05/22 (18:34:59) | ===> btop++ v.1.3.2
2024/05/22 (18:34:59) | WARNING: NVML: Failed to get maximum GPU power draw, defaulting to 225W: Not Supported
2024/05/22 (18:34:59) | WARNING: NVML: Failed to get GPU power usage: Not Supported

2024/05/22 (18:35:03) | ===> btop++ v.1.3.2
2024/05/22 (18:35:03) | WARNING: NVML: Failed to get maximum GPU power draw, defaulting to 225W: Not Supported
2024/05/22 (18:35:03) | WARNING: NVML: Failed to get GPU power usage: Not Supported

2024/05/22 (21:47:25) | ===> btop++ v.1.3.2
2024/05/22 (21:47:25) | WARNING: NVML: Failed to get maximum GPU power draw, defaulting to 225W: Not Supported
2024/05/22 (21:47:25) | WARNING: NVML: Failed to get GPU power usage: Not Supported

2024/05/22 (21:47:29) | ===> btop++ v.1.3.2
2024/05/22 (21:47:29) | WARNING: NVML: Failed to get maximum GPU power draw, defaulting to 225W: Not Supported
2024/05/22 (21:47:29) | WARNING: NVML: Failed to get GPU power usage: Not Supported

2024/05/23 (00:36:54) | ===> btop++ v.1.3.2
2024/05/23 (00:36:54) | WARNING: NVML: Failed to get maximum GPU power draw, defaulting to 225W: Not Supported
2024/05/23 (00:36:54) | WARNING: NVML: Failed to get GPU power usage: Not Supported

2024/05/23 (17:00:43) | ===> btop++ v.1.3.2
2024/05/23 (17:00:43) | WARNING: NVML: Failed to get maximum GPU power draw, defaulting to 225W: Not Supported
2024/05/23 (17:00:43) | WARNING: NVML: Failed to get GPU power usage: Not Supported

2024/05/23 (17:00:47) | ===> btop++ v.1.3.2
2024/05/23 (17:00:47) | WARNING: NVML: Failed to get maximum GPU power draw, defaulting to 225W: Not Supported
2024/05/23 (17:00:47) | WARNING: NVML: Failed to get GPU power usage: Not Supported

2024/05/23 (21:45:04) | ===> btop++ v.1.3.2
2024/05/23 (21:45:04) | WARNING: NVML: Failed to get maximum GPU power draw, defaulting to 225W: Not Supported
2024/05/23 (21:45:04) | WARNING: NVML: Failed to get GPU power usage: Not Supported

2024/05/23 (21:45:08) | ===> btop++ v.1.3.2
2024/05/23 (21:45:08) | WARNING: NVML: Failed to get maximum GPU power draw, defaulting to 225W: Not Supported
2024/05/23 (21:45:08) | WARNING: NVML: Failed to get GPU power usage: Not Supported

2024/05/24 (19:19:43) | ===> btop++ v.1.3.2
2024/05/24 (19:19:43) | WARNING: NVML: Failed to get maximum GPU power draw, defaulting to 225W: Not Supported
2024/05/24 (19:19:43) | WARNING: NVML: Failed to get GPU power usage: Not Supported

2024/05/24 (19:19:48) | ===> btop++ v.1.3.2
2024/05/24 (19:19:48) | WARNING: NVML: Failed to get maximum GPU power draw, defaulting to 225W: Not Supported
2024/05/24 (19:19:48) | WARNING: NVML: Failed to get GPU power usage: Not Supported

2024/05/24 (22:07:52) | ===> btop++ v.1.3.2
2024/05/24 (22:07:52) | WARNING: NVML: Failed to get maximum GPU power draw, defaulting to 225W: Not Supported
2024/05/24 (22:07:52) | WARNING: NVML: Failed to get GPU power usage: Not Supported

2024/05/24 (22:07:56) | ===> btop++ v.1.3.2
2024/05/24 (22:07:56) | WARNING: NVML: Failed to get maximum GPU power draw, defaulting to 225W: Not Supported
2024/05/24 (22:07:56) | WARNING: NVML: Failed to get GPU power usage: Not Supported

2024/05/25 (17:00:33) | ===> btop++ v.1.3.2
2024/05/25 (17:00:33) | WARNING: NVML: Failed to get maximum GPU power draw, defaulting to 225W: Not Supported
2024/05/25 (17:00:33) | WARNING: NVML: Failed to get GPU power usage: Not Supported

2024/05/25 (17:00:36) | ===> btop++ v.1.3.2
2024/05/25 (17:00:36) | WARNING: NVML: Failed to get maximum GPU power draw, defaulting to 225W: Not Supported
2024/05/25 (17:00:36) | WARNING: NVML: Failed to get GPU power usage: Not Supported

2024/05/25 (22:22:07) | ===> btop++ v.1.3.2
2024/05/25 (22:22:07) | WARNING: NVML: Failed to get maximum GPU power draw, defaulting to 225W: Not Supported
2024/05/25 (22:22:07) | WARNING: NVML: Failed to get GPU power usage: Not Supported

2024/05/25 (22:22:10) | ===> btop++ v.1.3.2
2024/05/25 (22:22:10) | WARNING: NVML: Failed to get maximum GPU power draw, defaulting to 225W: Not Supported
2024/05/25 (22:22:10) | WARNING: NVML: Failed to get GPU power usage: Not Supported

2024/05/26 (00:38:21) | ===> btop++ v.1.3.2
2024/05/26 (00:38:21) | WARNING: NVML: Failed to get maximum GPU power draw, defaulting to 225W: Not Supported
2024/05/26 (00:38:21) | WARNING: NVML: Failed to get GPU power usage: Not Supported

2024/05/26 (10:35:00) | ===> btop++ v.1.3.2
2024/05/26 (10:35:00) | WARNING: NVML: Failed to get maximum GPU power draw, defaulting to 225W: Not Supported
2024/05/26 (10:35:00) | WARNING: NVML: Failed to get GPU power usage: Not Supported

2024/05/26 (10:35:03) | ===> btop++ v.1.3.2
2024/05/26 (10:35:03) | WARNING: NVML: Failed to get maximum GPU power draw, defaulting to 225W: Not Supported
2024/05/26 (10:35:03) | WARNING: NVML: Failed to get GPU power usage: Not Supported

2024/05/26 (23:04:44) | ===> btop++ v.1.3.2
2024/05/26 (23:04:44) | WARNING: NVML: Failed to get maximum GPU power draw, defaulting to 225W: Not Supported
2024/05/26 (23:04:44) | WARNING: NVML: Failed to get GPU power usage: Not Supported

2024/05/26 (23:24:58) | ===> btop++ v.1.3.2
2024/05/26 (23:24:58) | WARNING: NVML: Failed to get maximum GPU power draw, defaulting to 225W: Not Supported
2024/05/26 (23:24:58) | WARNING: NVML: Failed to get GPU power usage: Not Supported

2024/05/27 (11:04:58) | ===> btop++ v.1.3.2
2024/05/27 (11:04:58) | WARNING: NVML: Failed to get maximum GPU power draw, defaulting to 225W: Not Supported
2024/05/27 (11:04:58) | WARNING: NVML: Failed to get GPU power usage: Not Supported

2024/05/27 (11:05:02) | ===> btop++ v.1.3.2
2024/05/27 (11:05:02) | WARNING: NVML: Failed to get maximum GPU power draw, defaulting to 225W: Not Supported
2024/05/27 (11:05:02) | WARNING: NVML: Failed to get GPU power usage: Not Supported

2024/05/27 (11:47:31) | ===> btop++ v.1.3.2
2024/05/27 (11:47:31) | WARNING: NVML: Failed to get maximum GPU power draw, defaulting to 225W: Not Supported
2024/05/27 (11:47:31) | WARNING: NVML: Failed to get GPU power usage: Not Supported

2024/05/27 (11:47:48) | ===> btop++ v.1.3.2
2024/05/27 (11:47:48) | WARNING: NVML: Failed to get maximum GPU power draw, defaulting to 225W: Not Supported
2024/05/27 (11:47:48) | WARNING: NVML: Failed to get GPU power usage: Not Supported

2024/05/27 (11:48:00) | ===> btop++ v.1.3.2
2024/05/27 (11:48:00) | WARNING: NVML: Failed to get maximum GPU power draw, defaulting to 225W: Not Supported
2024/05/27 (11:48:00) | WARNING: NVML: Failed to get GPU power usage: Not Supported
2024/05/27 (11:48:11) | ERROR: Couldn't determine terminal size of "STDOUT_FILENO"!
2024/05/27 (11:48:11) | ERROR: Couldn't determine terminal size of "/dev/tty"!

2024/05/27 (11:48:14) | ===> btop++ v.1.3.2
2024/05/27 (11:48:14) | WARNING: NVML: Failed to get maximum GPU power draw, defaulting to 225W: Not Supported
2024/05/27 (11:48:14) | WARNING: NVML: Failed to get GPU power usage: Not Supported

2024/05/27 (11:48:28) | ===> btop++ v.1.3.2
2024/05/27 (11:48:28) | WARNING: NVML: Failed to get maximum GPU power draw, defaulting to 225W: Not Supported
2024/05/27 (11:48:28) | WARNING: NVML: Failed to get GPU power usage: Not Supported

2024/05/27 (11:52:48) | ===> btop++ v.1.3.2
2024/05/27 (11:52:48) | WARNING: NVML: Failed to get maximum GPU power draw, defaulting to 225W: Not Supported
2024/05/27 (11:52:48) | WARNING: NVML: Failed to get GPU power usage: Not Supported

2024/05/27 (11:53:07) | ===> btop++ v.1.3.2
2024/05/27 (11:53:07) | WARNING: NVML: Failed to get maximum GPU power draw, defaulting to 225W: Not Supported
2024/05/27 (11:53:07) | WARNING: NVML: Failed to get GPU power usage: Not Supported

2024/05/27 (11:53:12) | ===> btop++ v.1.3.2
2024/05/27 (11:53:12) | WARNING: NVML: Failed to get maximum GPU power draw, defaulting to 225W: Not Supported
2024/05/27 (11:53:12) | WARNING: NVML: Failed to get GPU power usage: Not Supported
