2024-05-21 20:25:14.046 [info] Log level: Info
2024-05-21 20:25:14.046 [info] Validating found git in: "git"
2024-05-21 20:25:14.046 [info] Using git "2.45.1" from "git"
2024-05-21 20:25:14.046 [info] > git rev-parse --show-toplevel [13ms]
2024-05-21 20:25:14.046 [info] fatal: not a git repository (or any parent up to mount point /)
Stopping at filesystem boundary (GIT_DISCOVERY_ACROSS_FILESYSTEM not set).
2024-05-21 20:25:14.046 [info] > git rev-parse --show-toplevel [20ms]
2024-05-21 20:25:14.061 [info] > git rev-parse --git-dir --git-common-dir [6ms]
2024-05-21 20:25:14.084 [info] Open repository: /home/prasant/Downloads/Downloads/React_Projects/Food_Ordering_App
2024-05-21 20:25:14.122 [info] No remotes found in the git config file.
2024-05-21 20:25:14.126 [info] > git for-each-ref --format=%(refname)%00%(upstream:short)%00%(objectname)%00%(upstream:track)%00%(upstream:remotename)%00%(upstream:remoteref) refs/heads/master refs/remotes/master [5ms]
2024-05-21 20:25:14.127 [info] > git config --get commit.template [16ms]
2024-05-21 20:25:14.151 [info] > git status -z -uall [15ms]
2024-05-21 20:25:14.172 [info] > git config --get commit.template [4ms]
2024-05-21 20:25:14.172 [info] No remotes found in the git config file.
2024-05-21 20:25:14.187 [info] > git for-each-ref --format=%(refname)%00%(upstream:short)%00%(objectname)%00%(upstream:track)%00%(upstream:remotename)%00%(upstream:remoteref) refs/heads/master refs/remotes/master [7ms]
2024-05-21 20:25:14.200 [info] > git status -z -uall [6ms]
2024-05-21 20:25:14.775 [info] > git check-ignore -v -z --stdin [51ms]
2024-05-21 20:25:14.780 [info] > git rev-parse --show-toplevel [23ms]
2024-05-21 20:25:14.780 [info] fatal: not a git repository (or any parent up to mount point /)
Stopping at filesystem boundary (GIT_DISCOVERY_ACROSS_FILESYSTEM not set).
2024-05-21 20:25:14.792 [info] > git rev-parse --show-toplevel [2ms]
2024-05-21 20:25:14.792 [info] fatal: not a git repository (or any parent up to mount point /)
Stopping at filesystem boundary (GIT_DISCOVERY_ACROSS_FILESYSTEM not set).
2024-05-21 20:25:16.159 [info] > git rev-parse --show-toplevel [3ms]
2024-05-21 20:25:16.159 [info] fatal: not a git repository (or any parent up to mount point /)
Stopping at filesystem boundary (GIT_DISCOVERY_ACROSS_FILESYSTEM not set).
2024-05-21 20:25:21.732 [info] > git show --textconv :src/App.js [13ms]
2024-05-21 20:25:21.735 [info] > git ls-files --stage -- /home/prasant/Downloads/Downloads/React_Projects/Food_Ordering_App/src/App.js [4ms]
2024-05-21 20:25:21.751 [info] > git cat-file -s d650e55cf60fa3a86bd937eaeeeb64f1ba940a3b [4ms]
2024-05-21 20:26:08.524 [info] > git rev-parse --show-toplevel [12ms]
2024-05-21 20:26:08.524 [info] fatal: not a git repository (or any parent up to mount point /)
Stopping at filesystem boundary (GIT_DISCOVERY_ACROSS_FILESYSTEM not set).
2024-05-21 20:26:27.284 [info] Log level: Info
2024-05-21 20:26:27.284 [info] Validating found git in: "git"
2024-05-21 20:26:27.284 [info] Using git "2.45.1" from "git"
2024-05-21 20:26:27.284 [info] > git rev-parse --show-toplevel [3ms]
2024-05-21 20:26:27.284 [info] fatal: not a git repository (or any parent up to mount point /)
Stopping at filesystem boundary (GIT_DISCOVERY_ACROSS_FILESYSTEM not set).
2024-05-21 20:26:27.284 [info] > git rev-parse --show-toplevel [8ms]
2024-05-21 20:26:27.284 [info] > git rev-parse --git-dir --git-common-dir [12ms]
2024-05-21 20:26:27.284 [info] Open repository: /home/prasant/Downloads/Downloads/React_Projects/Food_Ordering_App
2024-05-21 20:26:27.284 [info] > git config --get commit.template [16ms]
2024-05-21 20:26:27.284 [info] No remotes found in the git config file.
2024-05-21 20:26:27.290 [info] > git for-each-ref --format=%(refname)%00%(upstream:short)%00%(objectname)%00%(upstream:track)%00%(upstream:remotename)%00%(upstream:remoteref) refs/heads/master refs/remotes/master [8ms]
2024-05-21 20:26:27.320 [info] > git status -z -uall [13ms]
2024-05-21 20:26:27.398 [info] > git config --get commit.template [42ms]
2024-05-21 20:26:27.421 [info] No remotes found in the git config file.
2024-05-21 20:26:27.456 [info] > git for-each-ref --format=%(refname)%00%(upstream:short)%00%(objectname)%00%(upstream:track)%00%(upstream:remotename)%00%(upstream:remoteref) refs/heads/master refs/remotes/master [35ms]
2024-05-21 20:26:27.488 [info] > git status -z -uall [24ms]
2024-05-21 20:26:28.014 [info] > git rev-parse --show-toplevel [49ms]
2024-05-21 20:26:28.014 [info] fatal: not a git repository (or any parent up to mount point /)
Stopping at filesystem boundary (GIT_DISCOVERY_ACROSS_FILESYSTEM not set).
2024-05-21 20:26:45.432 [info] > git rev-parse --show-toplevel [2ms]
2024-05-21 20:26:45.432 [info] fatal: not a git repository (or any parent up to mount point /)
Stopping at filesystem boundary (GIT_DISCOVERY_ACROSS_FILESYSTEM not set).
2024-05-21 20:26:56.966 [info] > git check-ignore -v -z --stdin [2ms]
2024-05-21 20:27:00.624 [info] > git rev-parse --show-toplevel [3ms]
2024-05-21 20:27:00.624 [info] fatal: not a git repository (or any parent up to mount point /)
Stopping at filesystem boundary (GIT_DISCOVERY_ACROSS_FILESYSTEM not set).
2024-05-21 20:27:01.373 [info] > git rev-parse --show-toplevel [1ms]
2024-05-21 20:27:01.373 [info] fatal: not a git repository (or any parent up to mount point /)
Stopping at filesystem boundary (GIT_DISCOVERY_ACROSS_FILESYSTEM not set).
2024-05-21 20:27:05.611 [info] > git rev-parse --show-toplevel [5ms]
2024-05-21 20:27:05.612 [info] fatal: not a git repository (or any parent up to mount point /)
Stopping at filesystem boundary (GIT_DISCOVERY_ACROSS_FILESYSTEM not set).
2024-05-21 20:27:10.391 [info] Log level: Info
2024-05-21 20:27:10.391 [info] Validating found git in: "git"
2024-05-21 20:27:10.391 [info] Using git "2.45.1" from "git"
2024-05-21 20:27:10.391 [info] > git rev-parse --show-toplevel [19ms]
2024-05-21 20:27:10.391 [info] fatal: not a git repository (or any parent up to mount point /)
Stopping at filesystem boundary (GIT_DISCOVERY_ACROSS_FILESYSTEM not set).
2024-05-21 20:27:10.395 [info] > git rev-parse --show-toplevel [6ms]
2024-05-21 20:27:10.395 [info] fatal: not a git repository (or any parent up to mount point /)
Stopping at filesystem boundary (GIT_DISCOVERY_ACROSS_FILESYSTEM not set).
2024-05-21 20:27:10.413 [info] > git rev-parse --show-toplevel [10ms]
2024-05-21 20:27:10.413 [info] fatal: not a git repository (or any parent up to mount point /)
Stopping at filesystem boundary (GIT_DISCOVERY_ACROSS_FILESYSTEM not set).
2024-05-21 20:27:10.428 [info] > git rev-parse --show-toplevel [6ms]
2024-05-21 20:27:10.451 [info] > git rev-parse --git-dir --git-common-dir [3ms]
2024-05-21 20:27:10.479 [info] Open repository: /home/prasant/Downloads/Downloads/React_Projects/Food_Ordering_App
2024-05-21 20:27:10.500 [info] > git config --get commit.template [7ms]
2024-05-21 20:27:10.518 [info] No remotes found in the git config file.
2024-05-21 20:27:10.526 [info] > git for-each-ref --format=%(refname)%00%(upstream:short)%00%(objectname)%00%(upstream:track)%00%(upstream:remotename)%00%(upstream:remoteref) refs/heads/master refs/remotes/master [9ms]
2024-05-21 20:27:10.553 [info] > git status -z -uall [13ms]
2024-05-21 20:27:10.604 [info] No remotes found in the git config file.
2024-05-21 20:27:10.610 [info] > git config --get commit.template [17ms]
2024-05-21 20:27:10.626 [info] > git for-each-ref --format=%(refname)%00%(upstream:short)%00%(objectname)%00%(upstream:track)%00%(upstream:remotename)%00%(upstream:remoteref) refs/heads/master refs/remotes/master [23ms]
2024-05-21 20:27:10.901 [info] > git status -z -uall [254ms]
2024-05-21 20:27:11.081 [info] > git check-ignore -v -z --stdin [21ms]
2024-05-21 20:27:11.083 [info] > git rev-parse --show-toplevel [14ms]
2024-05-21 20:27:11.083 [info] fatal: not a git repository (or any parent up to mount point /)
Stopping at filesystem boundary (GIT_DISCOVERY_ACROSS_FILESYSTEM not set).
2024-05-21 20:27:11.759 [info] > git rev-parse --show-toplevel [1ms]
2024-05-21 20:27:11.759 [info] fatal: not a git repository (or any parent up to mount point /)
Stopping at filesystem boundary (GIT_DISCOVERY_ACROSS_FILESYSTEM not set).
2024-05-21 20:27:39.069 [info] > git rev-parse --show-toplevel [4ms]
2024-05-21 20:27:39.069 [info] fatal: not a git repository (or any parent up to mount point /)
Stopping at filesystem boundary (GIT_DISCOVERY_ACROSS_FILESYSTEM not set).
2024-05-21 20:27:43.843 [info] > git show --textconv :src/App.js [23ms]
2024-05-21 20:27:43.843 [info] > git ls-files --stage -- /home/prasant/Downloads/Downloads/React_Projects/Food_Ordering_App/src/App.js [1ms]
2024-05-21 20:27:43.871 [info] > git cat-file -s d650e55cf60fa3a86bd937eaeeeb64f1ba940a3b [13ms]
2024-05-21 20:27:51.713 [info] > git config --get commit.template [7ms]
2024-05-21 20:27:51.713 [info] No remotes found in the git config file.
2024-05-21 20:27:51.721 [info] > git for-each-ref --format=%(refname)%00%(upstream:short)%00%(objectname)%00%(upstream:track)%00%(upstream:remotename)%00%(upstream:remoteref) refs/heads/master refs/remotes/master [2ms]
2024-05-21 20:27:51.728 [info] > git status -z -uall [3ms]
2024-05-21 20:27:56.745 [info] No remotes found in the git config file.
2024-05-21 20:27:56.746 [info] > git config --get commit.template [5ms]
2024-05-21 20:27:56.747 [info] > git for-each-ref --format=%(refname)%00%(upstream:short)%00%(objectname)%00%(upstream:track)%00%(upstream:remotename)%00%(upstream:remoteref) refs/heads/master refs/remotes/master [2ms]
2024-05-21 20:27:56.754 [info] > git status -z -uall [3ms]
