2024-05-30 10:30:35.402 [info] Log level: Info
2024-05-30 10:30:35.402 [info] Validating found git in: "git"
2024-05-30 10:30:35.402 [info] Using git "2.45.1" from "git"
2024-05-30 10:30:35.402 [info] > git rev-parse --show-toplevel [6ms]
2024-05-30 10:30:35.402 [info] fatal: not a git repository (or any parent up to mount point /)
Stopping at filesystem boundary (GIT_DISCOVERY_ACROSS_FILESYSTEM not set).
2024-05-30 10:30:35.402 [info] > git rev-parse --show-toplevel [6ms]
2024-05-30 10:30:35.436 [info] > git rev-parse --git-dir --git-common-dir [12ms]
2024-05-30 10:30:35.492 [info] Open repository: /home/prasant/Downloads/Downloads/React_Projects/Food_Ordering_App
2024-05-30 10:30:35.567 [info] > git rev-parse --show-toplevel [26ms]
2024-05-30 10:30:35.567 [info] fatal: not a git repository (or any parent up to mount point /)
Stopping at filesystem boundary (GIT_DISCOVERY_ACROSS_FILESYSTEM not set).
2024-05-30 10:30:35.572 [info] > git config --get commit.template [42ms]
2024-05-30 10:30:35.594 [info] No remotes found in the git config file.
2024-05-30 10:30:35.608 [info] > git for-each-ref --format=%(refname)%00%(upstream:short)%00%(objectname)%00%(upstream:track)%00%(upstream:remotename)%00%(upstream:remoteref) refs/heads/master refs/remotes/master [1ms]
2024-05-30 10:30:35.641 [info] > git status -z -uall [15ms]
2024-05-30 10:30:35.684 [info] No remotes found in the git config file.
2024-05-30 10:30:35.686 [info] > git config --get commit.template [18ms]
2024-05-30 10:30:35.693 [info] > git for-each-ref --format=%(refname)%00%(upstream:short)%00%(objectname)%00%(upstream:track)%00%(upstream:remotename)%00%(upstream:remoteref) refs/heads/master refs/remotes/master [10ms]
2024-05-30 10:30:35.726 [info] > git status -z -uall [17ms]
2024-05-30 10:30:36.797 [info] > git check-ignore -v -z --stdin [232ms]
2024-05-30 10:30:38.204 [info] > git rev-parse --show-toplevel [5ms]
2024-05-30 10:30:38.205 [info] fatal: not a git repository (or any parent up to mount point /)
Stopping at filesystem boundary (GIT_DISCOVERY_ACROSS_FILESYSTEM not set).
2024-05-30 10:30:38.429 [info] > git rev-parse --show-toplevel [14ms]
2024-05-30 10:30:38.429 [info] fatal: not a git repository (or any parent up to mount point /)
Stopping at filesystem boundary (GIT_DISCOVERY_ACROSS_FILESYSTEM not set).
2024-05-30 10:30:39.431 [info] > git rev-parse --show-toplevel [0ms]
2024-05-30 10:30:39.431 [info] fatal: not a git repository (or any parent up to mount point /)
Stopping at filesystem boundary (GIT_DISCOVERY_ACROSS_FILESYSTEM not set).
2024-05-30 10:30:39.582 [info] > git show --textconv :src/App.js [40ms]
2024-05-30 10:30:39.582 [info] > git ls-files --stage -- /home/prasant/Downloads/Downloads/React_Projects/Food_Ordering_App/src/App.js [1ms]
2024-05-30 10:30:39.611 [info] > git cat-file -s d650e55cf60fa3a86bd937eaeeeb64f1ba940a3b [5ms]
