2024-05-27 12:57:26.757 [info] Log level: Info
2024-05-27 12:57:26.757 [info] Validating found git in: "git"
2024-05-27 12:57:26.757 [info] Using git "2.45.1" from "git"
2024-05-27 12:57:42.195 [info] Log level: Info
2024-05-27 12:57:42.195 [info] Validating found git in: "git"
2024-05-27 12:57:42.195 [info] Using git "2.45.1" from "git"
2024-05-27 12:57:42.195 [info] > git rev-parse --show-toplevel [6ms]
2024-05-27 12:57:42.214 [info] > git rev-parse --git-dir --git-common-dir [4ms]
2024-05-27 12:57:42.241 [info] Open repository: /home/prasant/.config
2024-05-27 12:57:42.291 [info] > git rev-parse --show-toplevel [16ms]
2024-05-27 12:57:42.297 [info] > git config --get commit.template [34ms]
2024-05-27 12:57:42.333 [info] > git rev-parse --show-toplevel [17ms]
2024-05-27 12:57:42.343 [info] > git for-each-ref --format=%(refname)%00%(upstream:short)%00%(objectname)%00%(upstream:track)%00%(upstream:remotename)%00%(upstream:remoteref) refs/heads/main refs/remotes/main [14ms]
2024-05-27 12:57:42.345 [info] > git rev-parse --show-toplevel [3ms]
2024-05-27 12:57:42.363 [info] > git rev-parse --show-toplevel [11ms]
2024-05-27 12:57:42.397 [info] > git rev-parse --show-toplevel [11ms]
2024-05-27 12:57:42.410 [info] > git rev-parse --show-toplevel [1ms]
2024-05-27 12:57:42.420 [info] > git rev-parse --show-toplevel [4ms]
2024-05-27 12:57:42.428 [info] > git rev-parse --show-toplevel [2ms]
2024-05-27 12:57:42.439 [info] > git rev-parse --show-toplevel [3ms]
2024-05-27 12:57:42.446 [info] > git rev-parse --show-toplevel [1ms]
2024-05-27 12:57:42.473 [info] > git rev-parse --show-toplevel [8ms]
2024-05-27 12:57:42.493 [info] > git rev-parse --show-toplevel [10ms]
2024-05-27 12:57:42.508 [info] > git rev-parse --show-toplevel [3ms]
2024-05-27 12:57:42.518 [info] > git rev-parse --show-toplevel [3ms]
2024-05-27 12:57:42.526 [info] > git rev-parse --show-toplevel [1ms]
2024-05-27 12:57:42.535 [info] > git rev-parse --show-toplevel [3ms]
2024-05-27 12:57:42.544 [info] > git rev-parse --show-toplevel [1ms]
2024-05-27 12:57:42.561 [info] > git rev-parse --show-toplevel [0ms]
2024-05-27 12:57:42.580 [info] > git rev-parse --show-toplevel [8ms]
2024-05-27 12:57:42.599 [info] > git rev-parse --show-toplevel [6ms]
2024-05-27 12:57:42.619 [info] > git rev-parse --show-toplevel [0ms]
2024-05-27 12:57:42.627 [info] > git rev-parse --show-toplevel [1ms]
2024-05-27 12:57:42.636 [info] > git rev-parse --show-toplevel [0ms]
2024-05-27 12:57:42.654 [info] > git rev-parse --show-toplevel [5ms]
2024-05-27 12:57:43.065 [info] > git rev-parse --show-toplevel [400ms]
2024-05-27 12:57:43.213 [info] > git status -z -uall [851ms]
2024-05-27 12:57:43.213 [info] > git check-ignore -v -z --stdin [150ms]
2024-05-27 12:57:43.386 [info] > git merge-base refs/heads/main refs/remotes/origin/main [142ms]
2024-05-27 12:57:43.409 [info] > git rev-parse --show-toplevel [210ms]
2024-05-27 12:57:43.873 [info] > git rev-list --count --left-right refs/heads/main...refs/remotes/origin/main [464ms]
2024-05-27 12:57:43.883 [info] > git config --get commit.template [528ms]
2024-05-27 12:57:43.885 [info] > git rev-parse --show-toplevel [17ms]
2024-05-27 12:57:43.910 [info] > git diff --name-status -z --diff-filter=ADMR 69e004f89567fb4a15378b897863fb7c1336d074...refs/remotes/origin/main [28ms]
2024-05-27 12:57:43.915 [info] > git rev-parse --show-toplevel [6ms]
2024-05-27 12:57:43.915 [info] > git for-each-ref --format=%(refname)%00%(upstream:short)%00%(objectname)%00%(upstream:track)%00%(upstream:remotename)%00%(upstream:remoteref) refs/heads/main refs/remotes/main [17ms]
2024-05-27 12:57:44.029 [info] > git rev-parse --show-toplevel [12ms]
2024-05-27 12:57:44.052 [info] > git rev-parse --show-toplevel [12ms]
2024-05-27 12:57:44.077 [info] > git rev-parse --show-toplevel [9ms]
2024-05-27 12:57:44.095 [info] > git rev-parse --show-toplevel [1ms]
2024-05-27 12:57:44.147 [info] > git rev-parse --show-toplevel [41ms]
2024-05-27 12:57:44.164 [info] > git rev-parse --show-toplevel [4ms]
2024-05-27 12:57:44.172 [info] > git rev-parse --show-toplevel [1ms]
2024-05-27 12:57:44.179 [info] > git rev-parse --show-toplevel [2ms]
2024-05-27 12:57:44.191 [info] > git rev-parse --show-toplevel [0ms]
2024-05-27 12:57:44.198 [info] > git rev-parse --show-toplevel [1ms]
2024-05-27 12:57:44.207 [info] > git rev-parse --show-toplevel [2ms]
2024-05-27 12:57:44.218 [info] > git rev-parse --show-toplevel [6ms]
2024-05-27 12:57:44.232 [info] > git rev-parse --show-toplevel [4ms]
2024-05-27 12:57:44.242 [info] > git rev-parse --show-toplevel [2ms]
2024-05-27 12:57:44.249 [info] > git rev-parse --show-toplevel [1ms]
2024-05-27 12:57:44.260 [info] > git rev-parse --show-toplevel [2ms]
2024-05-27 12:57:44.273 [info] > git rev-parse --show-toplevel [2ms]
2024-05-27 12:57:44.281 [info] > git rev-parse --show-toplevel [2ms]
2024-05-27 12:57:44.292 [info] > git rev-parse --show-toplevel [1ms]
2024-05-27 12:57:44.310 [info] > git rev-parse --show-toplevel [3ms]
2024-05-27 12:57:44.327 [info] > git rev-parse --show-toplevel [2ms]
2024-05-27 12:57:44.343 [info] > git rev-parse --show-toplevel [5ms]
2024-05-27 12:57:44.359 [info] > git rev-parse --show-toplevel [5ms]
2024-05-27 12:57:44.377 [info] > git rev-parse --show-toplevel [2ms]
2024-05-27 12:57:44.387 [info] > git rev-parse --show-toplevel [3ms]
2024-05-27 12:57:44.400 [info] > git rev-parse --show-toplevel [6ms]
2024-05-27 12:57:44.581 [info] > git status -z -uall [531ms]
2024-05-27 12:57:47.259 [info] > git config --get commit.template [1ms]
2024-05-27 12:57:47.269 [info] > git for-each-ref --format=%(refname)%00%(upstream:short)%00%(objectname)%00%(upstream:track)%00%(upstream:remotename)%00%(upstream:remoteref) refs/heads/main refs/remotes/main [4ms]
2024-05-27 12:57:47.530 [info] > git status -z -uall [251ms]
2024-05-27 12:57:49.754 [info] > git check-ignore -v -z --stdin [5ms]
2024-05-27 12:57:52.559 [info] > git config --get commit.template [5ms]
2024-05-27 12:57:52.560 [info] > git for-each-ref --format=%(refname)%00%(upstream:short)%00%(objectname)%00%(upstream:track)%00%(upstream:remotename)%00%(upstream:remoteref) refs/heads/main refs/remotes/main [2ms]
2024-05-27 12:57:52.801 [info] > git status -z -uall [237ms]
2024-05-27 12:57:57.825 [info] > git config --get commit.template [4ms]
2024-05-27 12:57:57.826 [info] > git for-each-ref --format=%(refname)%00%(upstream:short)%00%(objectname)%00%(upstream:track)%00%(upstream:remotename)%00%(upstream:remoteref) refs/heads/main refs/remotes/main [1ms]
2024-05-27 12:57:58.063 [info] > git status -z -uall [233ms]
2024-05-27 12:58:03.088 [info] > git config --get commit.template [4ms]
2024-05-27 12:58:03.089 [info] > git for-each-ref --format=%(refname)%00%(upstream:short)%00%(objectname)%00%(upstream:track)%00%(upstream:remotename)%00%(upstream:remoteref) refs/heads/main refs/remotes/main [1ms]
2024-05-27 12:58:03.311 [info] > git status -z -uall [217ms]
2024-05-27 12:58:08.338 [info] > git config --get commit.template [5ms]
2024-05-27 12:58:08.339 [info] > git for-each-ref --format=%(refname)%00%(upstream:short)%00%(objectname)%00%(upstream:track)%00%(upstream:remotename)%00%(upstream:remoteref) refs/heads/main refs/remotes/main [2ms]
2024-05-27 12:58:08.571 [info] > git status -z -uall [227ms]
