2024-05-26 11:47:23.579 [info] Log level: Info
2024-05-26 11:47:23.579 [info] Validating found git in: "git"
2024-05-26 11:47:23.579 [info] Using git "2.45.1" from "git"
2024-05-26 11:47:23.622 [info] > git rev-parse --show-toplevel [11ms]
2024-05-26 11:47:23.622 [info] fatal: not a git repository (or any parent up to mount point /)
Stopping at filesystem boundary (GIT_DISCOVERY_ACROSS_FILESYSTEM not set).
2024-05-26 11:47:23.690 [info] > git rev-parse --show-toplevel [25ms]
2024-05-26 11:47:23.750 [info] > git rev-parse --git-dir --git-common-dir [37ms]
2024-05-26 11:47:23.822 [info] Open repository: /home/prasant/Downloads/Downloads/React_Projects/Food_Ordering_App
2024-05-26 11:47:23.936 [info] > git rev-parse --show-toplevel [51ms]
2024-05-26 11:47:23.936 [info] fatal: not a git repository (or any parent up to mount point /)
Stopping at filesystem boundary (GIT_DISCOVERY_ACROSS_FILESYSTEM not set).
2024-05-26 11:47:23.940 [info] > git config --get commit.template [70ms]
2024-05-26 11:47:24.942 [info] No remotes found in the git config file.
2024-05-26 11:47:25.017 [info] > git check-ignore -v -z --stdin [83ms]
2024-05-26 11:47:25.018 [info] > git for-each-ref --format=%(refname)%00%(upstream:short)%00%(objectname)%00%(upstream:track)%00%(upstream:remotename)%00%(upstream:remoteref) refs/heads/master refs/remotes/master [77ms]
2024-05-26 11:47:25.177 [info] > git status -z -uall [146ms]
2024-05-26 11:47:25.301 [info] > git show --textconv :src/App.js [30ms]
2024-05-26 11:47:25.304 [info] > git config --get commit.template [61ms]
2024-05-26 11:47:25.313 [info] > git ls-files --stage -- /home/prasant/Downloads/Downloads/React_Projects/Food_Ordering_App/src/App.js [16ms]
2024-05-26 11:47:25.330 [info] No remotes found in the git config file.
2024-05-26 11:47:25.331 [info] > git for-each-ref --format=%(refname)%00%(upstream:short)%00%(objectname)%00%(upstream:track)%00%(upstream:remotename)%00%(upstream:remoteref) refs/heads/master refs/remotes/master [1ms]
2024-05-26 11:47:25.342 [info] > git cat-file -s d650e55cf60fa3a86bd937eaeeeb64f1ba940a3b [23ms]
2024-05-26 11:47:25.430 [info] > git status -z -uall [88ms]
2024-05-26 11:47:25.477 [info] > git check-ignore -v -z --stdin [7ms]
