2024-05-22 19:41:30.370 [info] Log level: Info
2024-05-22 19:41:30.370 [info] Validating found git in: "git"
2024-05-22 19:41:30.370 [info] Using git "2.45.1" from "git"
2024-05-22 19:41:30.371 [info] > git rev-parse --show-toplevel [14ms]
2024-05-22 19:41:30.371 [info] fatal: not a git repository (or any parent up to mount point /)
Stopping at filesystem boundary (GIT_DISCOVERY_ACROSS_FILESYSTEM not set).
2024-05-22 19:41:30.371 [info] > git rev-parse --show-toplevel [11ms]
2024-05-22 19:41:30.372 [info] > git rev-parse --git-dir --git-common-dir [2ms]
2024-05-22 19:41:30.412 [info] Open repository: /home/prasant/Downloads/Downloads/React_Projects/Food_Ordering_App
2024-05-22 19:41:30.480 [info] > git rev-parse --show-toplevel [35ms]
2024-05-22 19:41:30.480 [info] fatal: not a git repository (or any parent up to mount point /)
Stopping at filesystem boundary (GIT_DISCOVERY_ACROSS_FILESYSTEM not set).
2024-05-22 19:41:30.487 [info] > git config --get commit.template [47ms]
2024-05-22 19:41:30.504 [info] No remotes found in the git config file.
2024-05-22 19:41:30.505 [info] > git for-each-ref --format=%(refname)%00%(upstream:short)%00%(objectname)%00%(upstream:track)%00%(upstream:remotename)%00%(upstream:remoteref) refs/heads/master refs/remotes/master [2ms]
2024-05-22 19:41:30.537 [info] > git status -z -uall [10ms]
2024-05-22 19:41:30.575 [info] > git config --get commit.template [3ms]
2024-05-22 19:41:30.588 [info] No remotes found in the git config file.
2024-05-22 19:41:30.592 [info] > git for-each-ref --format=%(refname)%00%(upstream:short)%00%(objectname)%00%(upstream:track)%00%(upstream:remotename)%00%(upstream:remoteref) refs/heads/master refs/remotes/master [5ms]
2024-05-22 19:41:30.605 [info] > git status -z -uall [6ms]
2024-05-22 19:41:31.742 [info] > git rev-parse --show-toplevel [15ms]
2024-05-22 19:41:31.742 [info] fatal: not a git repository (or any parent up to mount point /)
Stopping at filesystem boundary (GIT_DISCOVERY_ACROSS_FILESYSTEM not set).
2024-05-22 19:41:31.948 [info] > git check-ignore -v -z --stdin [26ms]
2024-05-22 19:41:33.227 [info] > git rev-parse --show-toplevel [4ms]
2024-05-22 19:41:33.227 [info] fatal: not a git repository (or any parent up to mount point /)
Stopping at filesystem boundary (GIT_DISCOVERY_ACROSS_FILESYSTEM not set).
2024-05-22 19:41:33.976 [info] > git rev-parse --show-toplevel [4ms]
2024-05-22 19:41:33.976 [info] fatal: not a git repository (or any parent up to mount point /)
Stopping at filesystem boundary (GIT_DISCOVERY_ACROSS_FILESYSTEM not set).
2024-05-22 19:41:34.061 [info] > git show --textconv :src/App.js [21ms]
2024-05-22 19:41:34.068 [info] > git ls-files --stage -- /home/prasant/Downloads/Downloads/React_Projects/Food_Ordering_App/src/App.js [7ms]
2024-05-22 19:41:34.089 [info] > git cat-file -s d650e55cf60fa3a86bd937eaeeeb64f1ba940a3b [10ms]
2024-05-22 19:42:11.568 [info] > git config --get commit.template [2ms]
2024-05-22 19:42:11.572 [info] No remotes found in the git config file.
2024-05-22 19:42:11.574 [info] > git for-each-ref --format=%(refname)%00%(upstream:short)%00%(objectname)%00%(upstream:track)%00%(upstream:remotename)%00%(upstream:remoteref) refs/heads/master refs/remotes/master [2ms]
2024-05-22 19:42:11.581 [info] > git status -z -uall [3ms]
2024-05-22 19:45:35.193 [info] > git rev-parse --show-toplevel [1ms]
2024-05-22 19:45:35.193 [info] fatal: not a git repository (or any parent up to mount point /)
Stopping at filesystem boundary (GIT_DISCOVERY_ACROSS_FILESYSTEM not set).
2024-05-22 19:45:42.205 [info] > git rev-parse --show-toplevel [9ms]
2024-05-22 19:45:42.205 [info] fatal: not a git repository (or any parent up to mount point /)
Stopping at filesystem boundary (GIT_DISCOVERY_ACROSS_FILESYSTEM not set).
2024-05-22 19:45:51.593 [info] > git rev-parse --show-toplevel [2ms]
2024-05-22 19:45:51.593 [info] fatal: not a git repository (or any parent up to mount point /)
Stopping at filesystem boundary (GIT_DISCOVERY_ACROSS_FILESYSTEM not set).
2024-05-22 19:46:00.611 [info] > git rev-parse --show-toplevel [0ms]
2024-05-22 19:46:00.611 [info] fatal: not a git repository (or any parent up to mount point /)
Stopping at filesystem boundary (GIT_DISCOVERY_ACROSS_FILESYSTEM not set).
2024-05-22 19:46:08.067 [info] > git rev-parse --show-toplevel [2ms]
2024-05-22 19:46:08.067 [info] fatal: not a git repository (or any parent up to mount point /)
Stopping at filesystem boundary (GIT_DISCOVERY_ACROSS_FILESYSTEM not set).
2024-05-22 19:46:16.511 [info] > git rev-parse --show-toplevel [1ms]
2024-05-22 19:46:16.511 [info] fatal: not a git repository (or any parent up to mount point /)
Stopping at filesystem boundary (GIT_DISCOVERY_ACROSS_FILESYSTEM not set).
2024-05-22 19:46:28.326 [info] > git rev-parse --show-toplevel [4ms]
2024-05-22 19:46:28.326 [info] fatal: not a git repository (or any parent up to mount point /)
Stopping at filesystem boundary (GIT_DISCOVERY_ACROSS_FILESYSTEM not set).
2024-05-22 19:46:30.600 [info] > git rev-parse --show-toplevel [3ms]
2024-05-22 19:46:30.600 [info] fatal: not a git repository (or any parent up to mount point /)
Stopping at filesystem boundary (GIT_DISCOVERY_ACROSS_FILESYSTEM not set).
2024-05-22 19:46:33.840 [info] > git rev-parse --show-toplevel [2ms]
2024-05-22 19:46:33.840 [info] fatal: not a git repository (or any parent up to mount point /)
Stopping at filesystem boundary (GIT_DISCOVERY_ACROSS_FILESYSTEM not set).
2024-05-22 19:46:41.547 [info] > git show --textconv :src/App.js [8ms]
2024-05-22 19:46:41.549 [info] > git ls-files --stage -- /home/prasant/Downloads/Downloads/React_Projects/Food_Ordering_App/src/App.js [3ms]
2024-05-22 19:46:41.555 [info] > git cat-file -s d650e55cf60fa3a86bd937eaeeeb64f1ba940a3b [2ms]
2024-05-22 19:46:53.894 [info] > git rev-parse --show-toplevel [2ms]
2024-05-22 19:46:53.894 [info] fatal: not a git repository (or any parent up to mount point /)
Stopping at filesystem boundary (GIT_DISCOVERY_ACROSS_FILESYSTEM not set).
2024-05-22 19:50:21.942 [info] > git rev-parse --show-toplevel [3ms]
2024-05-22 19:50:21.942 [info] fatal: not a git repository (or any parent up to mount point /)
Stopping at filesystem boundary (GIT_DISCOVERY_ACROSS_FILESYSTEM not set).
2024-05-22 19:50:26.350 [info] > git rev-parse --show-toplevel [2ms]
2024-05-22 19:50:26.350 [info] fatal: not a git repository (or any parent up to mount point /)
Stopping at filesystem boundary (GIT_DISCOVERY_ACROSS_FILESYSTEM not set).
