2024-05-30 10:32:17.775 [info] Log level: Info
2024-05-30 10:32:17.775 [info] Validating found git in: "git"
2024-05-30 10:32:17.775 [info] Using git "2.45.1" from "git"
2024-05-30 10:32:17.775 [info] > git rev-parse --show-toplevel [30ms]
2024-05-30 10:32:17.775 [info] fatal: not a git repository (or any parent up to mount point /)
Stopping at filesystem boundary (GIT_DISCOVERY_ACROSS_FILESYSTEM not set).
2024-05-30 10:32:17.775 [info] > git rev-parse --show-toplevel [7ms]
2024-05-30 10:32:17.777 [info] > git rev-parse --git-dir --git-common-dir [4ms]
2024-05-30 10:32:17.807 [info] Open repository: /home/prasant/Downloads/Downloads/React_Projects/Food_Ordering_App
2024-05-30 10:32:17.845 [info] > git rev-parse --show-toplevel [12ms]
2024-05-30 10:32:17.846 [info] fatal: not a git repository (or any parent up to mount point /)
Stopping at filesystem boundary (GIT_DISCOVERY_ACROSS_FILESYSTEM not set).
2024-05-30 10:32:17.853 [info] > git config --get commit.template [31ms]
2024-05-30 10:32:17.906 [info] No remotes found in the git config file.
2024-05-30 10:32:17.906 [info] > git rev-parse --show-toplevel [32ms]
2024-05-30 10:32:17.906 [info] fatal: not a git repository (or any parent up to mount point /)
Stopping at filesystem boundary (GIT_DISCOVERY_ACROSS_FILESYSTEM not set).
2024-05-30 10:32:17.913 [info] > git for-each-ref --format=%(refname)%00%(upstream:short)%00%(objectname)%00%(upstream:track)%00%(upstream:remotename)%00%(upstream:remoteref) refs/heads/master refs/remotes/master [8ms]
2024-05-30 10:32:17.937 [info] > git status -z -uall [16ms]
2024-05-30 10:32:17.982 [info] > git config --get commit.template [5ms]
2024-05-30 10:32:17.993 [info] No remotes found in the git config file.
2024-05-30 10:32:17.995 [info] > git for-each-ref --format=%(refname)%00%(upstream:short)%00%(objectname)%00%(upstream:track)%00%(upstream:remotename)%00%(upstream:remoteref) refs/heads/master refs/remotes/master [5ms]
2024-05-30 10:32:18.008 [info] > git status -z -uall [7ms]
2024-05-30 10:32:18.131 [info] > git rev-parse --show-toplevel [4ms]
2024-05-30 10:32:18.132 [info] fatal: not a git repository (or any parent up to mount point /)
Stopping at filesystem boundary (GIT_DISCOVERY_ACROSS_FILESYSTEM not set).
2024-05-30 10:32:18.913 [info] > git check-ignore -v -z --stdin [265ms]
2024-05-30 10:32:20.588 [info] > git rev-parse --show-toplevel [6ms]
2024-05-30 10:32:20.588 [info] fatal: not a git repository (or any parent up to mount point /)
Stopping at filesystem boundary (GIT_DISCOVERY_ACROSS_FILESYSTEM not set).
2024-05-30 10:32:20.761 [info] > git show --textconv :src/App.js [17ms]
2024-05-30 10:32:20.761 [info] > git ls-files --stage -- /home/prasant/Downloads/Downloads/React_Projects/Food_Ordering_App/src/App.js [2ms]
2024-05-30 10:32:20.781 [info] > git cat-file -s d650e55cf60fa3a86bd937eaeeeb64f1ba940a3b [12ms]
