2024-05-26 11:47:41.049 [info] Added views:workbench.panel.markers.view in workbench.panel.markers
2024-05-26 11:47:41.049 [info] Added views:workbench.panel.output in workbench.panel.output
2024-05-26 11:47:41.049 [info] Added views:terminal in terminal
2024-05-26 11:47:41.049 [info] Added views:outline in workbench.view.explorer
2024-05-26 11:47:41.049 [info] Added views:workbench.scm in workbench.view.scm
2024-05-26 11:47:41.049 [info] Added views:workbench.view.search in workbench.view.search
2024-05-26 11:47:41.049 [info] Added views:timeline in workbench.view.explorer
2024-05-26 11:47:41.049 [info] Added views:workbench.explorer.emptyView in workbench.view.explorer
2024-05-26 11:47:41.849 [info] Added views:workbench.debug.variablesView,workbench.debug.watchExpressionsView,workbench.debug.callStackView,workbench.debug.breakPointsView in workbench.view.debug
2024-05-26 11:47:41.910 [info] Added views:workbench.panel.repl.view in workbench.panel.repl
2024-05-26 11:47:41.912 [info] Removed views:workbench.debug.breakPointsView,workbench.debug.callStackView,workbench.debug.watchExpressionsView,workbench.debug.variablesView from workbench.view.debug
2024-05-26 11:47:41.913 [info] Added views:workbench.debug.welcome in workbench.view.debug
2024-05-26 11:47:42.244 [info] Added views:~remote.forwardedPorts in ~remote.forwardedPortsContainer
2024-05-26 11:49:59.397 [info] Added views:workbench.panel.markers.view in workbench.panel.markers
2024-05-26 11:49:59.397 [info] Added views:workbench.panel.output in workbench.panel.output
2024-05-26 11:49:59.397 [info] Added views:terminal in terminal
2024-05-26 11:49:59.397 [info] Added views:outline in workbench.view.explorer
2024-05-26 11:49:59.397 [info] Added views:workbench.scm in workbench.view.scm
2024-05-26 11:49:59.397 [info] Added views:workbench.view.search in workbench.view.search
2024-05-26 11:49:59.397 [info] Added views:timeline in workbench.view.explorer
2024-05-26 11:49:59.397 [info] Added views:workbench.explorer.fileView in workbench.view.explorer
2024-05-26 11:50:00.282 [info] Added views:workbench.debug.variablesView,workbench.debug.watchExpressionsView,workbench.debug.callStackView,workbench.debug.breakPointsView in workbench.view.debug
2024-05-26 11:50:00.359 [info] Added views:workbench.panel.repl.view in workbench.panel.repl
2024-05-26 11:50:00.368 [info] Removed views:workbench.debug.breakPointsView,workbench.debug.callStackView,workbench.debug.watchExpressionsView,workbench.debug.variablesView from workbench.view.debug
2024-05-26 11:50:00.368 [info] Added views:workbench.debug.welcome in workbench.view.debug
2024-05-26 11:50:00.754 [info] Added views:~remote.forwardedPorts in ~remote.forwardedPortsContainer
2024-05-26 12:33:16.679 [info] Added views:workbench.panel.markers.view in workbench.panel.markers
2024-05-26 12:33:16.679 [info] Added views:workbench.panel.output in workbench.panel.output
2024-05-26 12:33:16.679 [info] Added views:terminal in terminal
2024-05-26 12:33:16.679 [info] Added views:outline in workbench.view.explorer
2024-05-26 12:33:16.679 [info] Added views:workbench.scm in workbench.view.scm
2024-05-26 12:33:16.679 [info] Added views:workbench.view.search in workbench.view.search
2024-05-26 12:33:16.679 [info] Added views:timeline in workbench.view.explorer
2024-05-26 12:33:16.679 [info] Added views:workbench.explorer.fileView in workbench.view.explorer
2024-05-26 12:33:17.502 [info] Added views:workbench.debug.variablesView,workbench.debug.watchExpressionsView,workbench.debug.callStackView,workbench.debug.breakPointsView in workbench.view.debug
2024-05-26 12:33:17.556 [info] Added views:workbench.panel.repl.view in workbench.panel.repl
2024-05-26 12:33:17.557 [info] Removed views:workbench.debug.breakPointsView,workbench.debug.callStackView,workbench.debug.watchExpressionsView,workbench.debug.variablesView from workbench.view.debug
2024-05-26 12:33:17.558 [info] Added views:workbench.debug.welcome in workbench.view.debug
2024-05-26 12:33:17.962 [info] Added views:~remote.forwardedPorts in ~remote.forwardedPortsContainer
