2024-05-26 12:47:53.921 [info] Extension host with pid 141340 started
2024-05-26 12:47:53.921 [info] Skipping acquiring lock for /home/prasant/.config/Code/User/workspaceStorage/32614b22623198c1ebc3e2e6676ffa72.
2024-05-26 12:47:54.039 [info] ExtensionService#_doActivateExtension vscode.git-base, startup: true, activationEvent: '*', root cause: vscode.git
2024-05-26 12:47:54.043 [info] ExtensionService#_doActivateExtension formulahendry.auto-close-tag, startup: true, activationEvent: '*'
2024-05-26 12:47:54.045 [info] ExtensionService#_doActivateExtension formulahendry.auto-rename-tag, startup: true, activationEvent: '*'
2024-05-26 12:47:54.062 [info] ExtensionService#_doActivateExtension johnpapa.vscode-peacock, startup: true, activationEvent: '*'
2024-05-26 12:47:54.069 [info] ExtensionService#_doActivateExtension oderwat.indent-rainbow, startup: true, activationEvent: '*'
2024-05-26 12:47:54.235 [info] ExtensionService#_doActivateExtension vscode.git, startup: true, activationEvent: '*'
2024-05-26 12:47:54.290 [info] ExtensionService#_doActivateExtension vscode.github, startup: true, activationEvent: '*'
2024-05-26 12:47:54.413 [info] Eager extensions activated
2024-05-26 12:47:54.499 [info] ExtensionService#_doActivateExtension vscode.debug-auto-launch, startup: false, activationEvent: 'onStartupFinished'
2024-05-26 12:47:54.505 [info] ExtensionService#_doActivateExtension vscode.merge-conflict, startup: false, activationEvent: 'onStartupFinished'
2024-05-26 12:47:54.523 [info] ExtensionService#_doActivateExtension bradlc.vscode-tailwindcss, startup: false, activationEvent: 'onStartupFinished'
2024-05-26 12:47:54.564 [info] ExtensionService#_doActivateExtension Catppuccin.catppuccin-vsc, startup: false, activationEvent: 'onStartupFinished'
2024-05-26 12:47:54.571 [info] ExtensionService#_doActivateExtension esbenp.prettier-vscode, startup: false, activationEvent: 'onStartupFinished'
2024-05-26 12:47:54.628 [info] ExtensionService#_doActivateExtension formulahendry.code-runner, startup: false, activationEvent: 'onStartupFinished'
2024-05-26 12:47:54.671 [info] ExtensionService#_doActivateExtension kisstkondoros.vscode-gutter-preview, startup: false, activationEvent: 'onStartupFinished'
2024-05-26 12:47:54.726 [info] ExtensionService#_doActivateExtension naumovs.color-highlight, startup: false, activationEvent: 'onStartupFinished'
2024-05-26 12:47:54.739 [info] ExtensionService#_doActivateExtension PKief.material-icon-theme, startup: false, activationEvent: 'onStartupFinished'
2024-05-26 12:47:55.130 [info] ExtensionService#_doActivateExtension vscode.github-authentication, startup: false, activationEvent: 'onAuthenticationRequest:github'
2024-05-26 12:50:32.225 [info] Extension host terminating: renderer closed the MessagePort
2024-05-26 12:50:32.263 [error] Canceled: Canceled
    at new O (/opt/visual-studio-code/resources/app/out/vs/workbench/api/node/extensionHostProcess.js:143:47131)
    at c.U (/opt/visual-studio-code/resources/app/out/vs/workbench/api/node/extensionHostProcess.js:150:5542)
    at Proxy.F.<computed>.z.charCodeAt.F.<computed> (/opt/visual-studio-code/resources/app/out/vs/workbench/api/node/extensionHostProcess.js:150:2993)
    at r.g (/opt/visual-studio-code/resources/app/out/vs/workbench/api/node/extensionHostProcess.js:153:188926)
    at r.executeCommand (/opt/visual-studio-code/resources/app/out/vs/workbench/api/node/extensionHostProcess.js:153:188364)
    at k.registerCommand.description (/opt/visual-studio-code/resources/app/out/vs/workbench/api/node/extensionHostProcess.js:153:187688)
    at r.h (/opt/visual-studio-code/resources/app/out/vs/workbench/api/node/extensionHostProcess.js:153:189465)
    at r.g (/opt/visual-studio-code/resources/app/out/vs/workbench/api/node/extensionHostProcess.js:153:188457)
    at r.executeCommand (/opt/visual-studio-code/resources/app/out/vs/workbench/api/node/extensionHostProcess.js:153:188364)
    at Object.executeCommand (/opt/visual-studio-code/resources/app/out/vs/workbench/api/node/extensionHostProcess.js:163:22673)
    at a.O [as value] (/opt/visual-studio-code/resources/app/extensions/git/dist/main.js:2:945138)
    at o.y (/opt/visual-studio-code/resources/app/out/vs/workbench/api/node/extensionHostProcess.js:82:660)
    at o.z (/opt/visual-studio-code/resources/app/out/vs/workbench/api/node/extensionHostProcess.js:82:730)
    at o.fire (/opt/visual-studio-code/resources/app/out/vs/workbench/api/node/extensionHostProcess.js:82:946)
    at Object.p [as dispose] (/opt/visual-studio-code/resources/app/extensions/git/dist/main.js:2:964222)
    at /opt/visual-studio-code/resources/app/extensions/git/dist/main.js:2:970260
    at Array.forEach (<anonymous>)
    at f.dispose (/opt/visual-studio-code/resources/app/extensions/git/dist/main.js:2:970246)
    at h.<anonymous> (/opt/visual-studio-code/resources/app/out/vs/workbench/api/node/extensionHostProcess.js:151:3955)
    at h.dispose (/opt/visual-studio-code/resources/app/out/vs/workbench/api/node/extensionHostProcess.js:151:4052)
    at h.<anonymous> (/opt/visual-studio-code/resources/app/extensions/git/dist/main.js:2:947395)
    at h.dispose (/opt/visual-studio-code/resources/app/out/vs/workbench/api/node/extensionHostProcess.js:151:4052)
    at a (/opt/visual-studio-code/resources/app/out/vs/workbench/api/node/extensionHostProcess.js:30:744)
    at f.eb (/opt/visual-studio-code/resources/app/out/vs/workbench/api/node/extensionHostProcess.js:159:9975)
    at /opt/visual-studio-code/resources/app/out/vs/workbench/api/node/extensionHostProcess.js:159:7824
    at Array.map (<anonymous>)
    at f.$ (/opt/visual-studio-code/resources/app/out/vs/workbench/api/node/extensionHostProcess.js:159:7811)
    at f.terminate (/opt/visual-studio-code/resources/app/out/vs/workbench/api/node/extensionHostProcess.js:159:8085)
    at a.terminate (/opt/visual-studio-code/resources/app/out/vs/workbench/api/node/extensionHostProcess.js:163:1513)
    at t (/opt/visual-studio-code/resources/app/out/vs/workbench/api/node/extensionHostProcess.js:176:9922)
    at MessagePortMain.<anonymous> (/opt/visual-studio-code/resources/app/out/vs/workbench/api/node/extensionHostProcess.js:176:6347)
    at MessagePortMain.emit (node:events:517:28)
    at Object.MessagePortMain._internalPort.emit (node:electron/js2c/utility_init:2:2285) setContext undefined
2024-05-26 12:50:32.267 [error] Canceled: Canceled
    at new O (/opt/visual-studio-code/resources/app/out/vs/workbench/api/node/extensionHostProcess.js:143:47131)
    at c.U (/opt/visual-studio-code/resources/app/out/vs/workbench/api/node/extensionHostProcess.js:150:5542)
    at Proxy.F.<computed>.z.charCodeAt.F.<computed> (/opt/visual-studio-code/resources/app/out/vs/workbench/api/node/extensionHostProcess.js:150:2993)
    at r.g (/opt/visual-studio-code/resources/app/out/vs/workbench/api/node/extensionHostProcess.js:153:188926)
    at r.executeCommand (/opt/visual-studio-code/resources/app/out/vs/workbench/api/node/extensionHostProcess.js:153:188364)
    at k.registerCommand.description (/opt/visual-studio-code/resources/app/out/vs/workbench/api/node/extensionHostProcess.js:153:187688)
    at r.h (/opt/visual-studio-code/resources/app/out/vs/workbench/api/node/extensionHostProcess.js:153:189465)
    at r.g (/opt/visual-studio-code/resources/app/out/vs/workbench/api/node/extensionHostProcess.js:153:188457)
    at r.executeCommand (/opt/visual-studio-code/resources/app/out/vs/workbench/api/node/extensionHostProcess.js:153:188364)
    at Object.executeCommand (/opt/visual-studio-code/resources/app/out/vs/workbench/api/node/extensionHostProcess.js:163:22673)
    at a.VscodeDevShareProvider.set hasGitHubRepositories [as hasGitHubRepositories] (/opt/visual-studio-code/resources/app/extensions/github/dist/extension.js:2:322969)
    at /opt/visual-studio-code/resources/app/extensions/github/dist/extension.js:2:323928
    at a.value (/opt/visual-studio-code/resources/app/extensions/git/dist/main.js:2:1050711)
    at o.y (/opt/visual-studio-code/resources/app/out/vs/workbench/api/node/extensionHostProcess.js:82:660)
    at o.z (/opt/visual-studio-code/resources/app/out/vs/workbench/api/node/extensionHostProcess.js:82:730)
    at o.fire (/opt/visual-studio-code/resources/app/out/vs/workbench/api/node/extensionHostProcess.js:82:946)
    at Object.p [as dispose] (/opt/visual-studio-code/resources/app/extensions/git/dist/main.js:2:964222)
    at /opt/visual-studio-code/resources/app/extensions/git/dist/main.js:2:970260
    at Array.forEach (<anonymous>)
    at f.dispose (/opt/visual-studio-code/resources/app/extensions/git/dist/main.js:2:970246)
    at h.<anonymous> (/opt/visual-studio-code/resources/app/out/vs/workbench/api/node/extensionHostProcess.js:151:3955)
    at h.dispose (/opt/visual-studio-code/resources/app/out/vs/workbench/api/node/extensionHostProcess.js:151:4052)
    at h.<anonymous> (/opt/visual-studio-code/resources/app/extensions/git/dist/main.js:2:947395)
    at h.dispose (/opt/visual-studio-code/resources/app/out/vs/workbench/api/node/extensionHostProcess.js:151:4052)
    at a (/opt/visual-studio-code/resources/app/out/vs/workbench/api/node/extensionHostProcess.js:30:744)
    at f.eb (/opt/visual-studio-code/resources/app/out/vs/workbench/api/node/extensionHostProcess.js:159:9975)
    at /opt/visual-studio-code/resources/app/out/vs/workbench/api/node/extensionHostProcess.js:159:7824
    at Array.map (<anonymous>)
    at f.$ (/opt/visual-studio-code/resources/app/out/vs/workbench/api/node/extensionHostProcess.js:159:7811)
    at f.terminate (/opt/visual-studio-code/resources/app/out/vs/workbench/api/node/extensionHostProcess.js:159:8085)
    at a.terminate (/opt/visual-studio-code/resources/app/out/vs/workbench/api/node/extensionHostProcess.js:163:1513)
    at t (/opt/visual-studio-code/resources/app/out/vs/workbench/api/node/extensionHostProcess.js:176:9922)
    at MessagePortMain.<anonymous> (/opt/visual-studio-code/resources/app/out/vs/workbench/api/node/extensionHostProcess.js:176:6347)
    at MessagePortMain.emit (node:events:517:28)
    at Object.MessagePortMain._internalPort.emit (node:electron/js2c/utility_init:2:2285) setContext undefined
2024-05-26 12:50:32.268 [info] Extension host with pid 141340 exiting with code 0
2024-05-26 12:50:34.396 [info] Extension host with pid 144644 started
2024-05-26 12:50:34.396 [info] Skipping acquiring lock for /home/prasant/.config/Code/User/workspaceStorage/d5e2eb986f6e779781252fca1b1e65c4.
2024-05-26 12:50:34.666 [info] ExtensionService#_doActivateExtension vscode.emmet, startup: false, activationEvent: 'onLanguage'
2024-05-26 12:50:34.682 [info] ExtensionService#_doActivateExtension vscode.typescript-language-features, startup: false, activationEvent: 'onLanguage:javascript'
2024-05-26 12:50:35.492 [info] ExtensionService#_doActivateExtension vscode.git-base, startup: true, activationEvent: '*', root cause: vscode.git
2024-05-26 12:50:35.496 [info] ExtensionService#_doActivateExtension formulahendry.auto-close-tag, startup: true, activationEvent: '*'
2024-05-26 12:50:35.498 [info] ExtensionService#_doActivateExtension formulahendry.auto-rename-tag, startup: true, activationEvent: '*'
2024-05-26 12:50:35.515 [info] ExtensionService#_doActivateExtension johnpapa.vscode-peacock, startup: true, activationEvent: '*'
2024-05-26 12:50:35.521 [info] ExtensionService#_doActivateExtension oderwat.indent-rainbow, startup: true, activationEvent: '*'
2024-05-26 12:50:35.572 [info] ExtensionService#_doActivateExtension vscode.git, startup: true, activationEvent: '*'
2024-05-26 12:50:35.612 [info] ExtensionService#_doActivateExtension vscode.github, startup: true, activationEvent: '*'
2024-05-26 12:50:36.436 [info] Eager extensions activated
2024-05-26 12:50:36.452 [info] ExtensionService#_doActivateExtension vscode.debug-auto-launch, startup: false, activationEvent: 'onStartupFinished'
2024-05-26 12:50:36.467 [info] ExtensionService#_doActivateExtension vscode.merge-conflict, startup: false, activationEvent: 'onStartupFinished'
2024-05-26 12:50:36.484 [info] ExtensionService#_doActivateExtension bradlc.vscode-tailwindcss, startup: false, activationEvent: 'onStartupFinished'
2024-05-26 12:50:36.514 [info] ExtensionService#_doActivateExtension Catppuccin.catppuccin-vsc, startup: false, activationEvent: 'onStartupFinished'
2024-05-26 12:50:36.518 [info] ExtensionService#_doActivateExtension esbenp.prettier-vscode, startup: false, activationEvent: 'onStartupFinished'
2024-05-26 12:50:36.615 [info] ExtensionService#_doActivateExtension formulahendry.code-runner, startup: false, activationEvent: 'onStartupFinished'
2024-05-26 12:50:36.664 [info] ExtensionService#_doActivateExtension kisstkondoros.vscode-gutter-preview, startup: false, activationEvent: 'onStartupFinished'
2024-05-26 12:50:36.748 [info] ExtensionService#_doActivateExtension naumovs.color-highlight, startup: false, activationEvent: 'onStartupFinished'
2024-05-26 12:50:36.756 [info] ExtensionService#_doActivateExtension PKief.material-icon-theme, startup: false, activationEvent: 'onStartupFinished'
2024-05-26 12:50:45.254 [info] Extension host terminating: renderer closed the MessagePort
2024-05-26 12:50:45.287 [error] Canceled: Canceled
    at new O (/opt/visual-studio-code/resources/app/out/vs/workbench/api/node/extensionHostProcess.js:143:47131)
    at c.U (/opt/visual-studio-code/resources/app/out/vs/workbench/api/node/extensionHostProcess.js:150:5542)
    at Proxy.F.<computed>.z.charCodeAt.F.<computed> (/opt/visual-studio-code/resources/app/out/vs/workbench/api/node/extensionHostProcess.js:150:2993)
    at r.g (/opt/visual-studio-code/resources/app/out/vs/workbench/api/node/extensionHostProcess.js:153:188926)
    at r.executeCommand (/opt/visual-studio-code/resources/app/out/vs/workbench/api/node/extensionHostProcess.js:153:188364)
    at k.registerCommand.description (/opt/visual-studio-code/resources/app/out/vs/workbench/api/node/extensionHostProcess.js:153:187688)
    at r.h (/opt/visual-studio-code/resources/app/out/vs/workbench/api/node/extensionHostProcess.js:153:189465)
    at r.g (/opt/visual-studio-code/resources/app/out/vs/workbench/api/node/extensionHostProcess.js:153:188457)
    at r.executeCommand (/opt/visual-studio-code/resources/app/out/vs/workbench/api/node/extensionHostProcess.js:153:188364)
    at Object.executeCommand (/opt/visual-studio-code/resources/app/out/vs/workbench/api/node/extensionHostProcess.js:163:22673)
    at a.O [as value] (/opt/visual-studio-code/resources/app/extensions/git/dist/main.js:2:945138)
    at o.y (/opt/visual-studio-code/resources/app/out/vs/workbench/api/node/extensionHostProcess.js:82:660)
    at o.z (/opt/visual-studio-code/resources/app/out/vs/workbench/api/node/extensionHostProcess.js:82:730)
    at o.fire (/opt/visual-studio-code/resources/app/out/vs/workbench/api/node/extensionHostProcess.js:82:946)
    at Object.p [as dispose] (/opt/visual-studio-code/resources/app/extensions/git/dist/main.js:2:964222)
    at /opt/visual-studio-code/resources/app/extensions/git/dist/main.js:2:970260
    at Array.forEach (<anonymous>)
    at f.dispose (/opt/visual-studio-code/resources/app/extensions/git/dist/main.js:2:970246)
    at h.<anonymous> (/opt/visual-studio-code/resources/app/out/vs/workbench/api/node/extensionHostProcess.js:151:3955)
    at h.dispose (/opt/visual-studio-code/resources/app/out/vs/workbench/api/node/extensionHostProcess.js:151:4052)
    at h.<anonymous> (/opt/visual-studio-code/resources/app/extensions/git/dist/main.js:2:947395)
    at h.dispose (/opt/visual-studio-code/resources/app/out/vs/workbench/api/node/extensionHostProcess.js:151:4052)
    at a (/opt/visual-studio-code/resources/app/out/vs/workbench/api/node/extensionHostProcess.js:30:744)
    at f.eb (/opt/visual-studio-code/resources/app/out/vs/workbench/api/node/extensionHostProcess.js:159:9975)
    at /opt/visual-studio-code/resources/app/out/vs/workbench/api/node/extensionHostProcess.js:159:7824
    at Array.map (<anonymous>)
    at f.$ (/opt/visual-studio-code/resources/app/out/vs/workbench/api/node/extensionHostProcess.js:159:7811)
    at f.terminate (/opt/visual-studio-code/resources/app/out/vs/workbench/api/node/extensionHostProcess.js:159:8085)
    at a.terminate (/opt/visual-studio-code/resources/app/out/vs/workbench/api/node/extensionHostProcess.js:163:1513)
    at t (/opt/visual-studio-code/resources/app/out/vs/workbench/api/node/extensionHostProcess.js:176:9922)
    at MessagePortMain.<anonymous> (/opt/visual-studio-code/resources/app/out/vs/workbench/api/node/extensionHostProcess.js:176:6347)
    at MessagePortMain.emit (node:events:517:28)
    at Object.MessagePortMain._internalPort.emit (node:electron/js2c/utility_init:2:2285) setContext undefined
2024-05-26 12:50:45.291 [error] Canceled: Canceled
    at new O (/opt/visual-studio-code/resources/app/out/vs/workbench/api/node/extensionHostProcess.js:143:47131)
    at c.U (/opt/visual-studio-code/resources/app/out/vs/workbench/api/node/extensionHostProcess.js:150:5542)
    at Proxy.F.<computed>.z.charCodeAt.F.<computed> (/opt/visual-studio-code/resources/app/out/vs/workbench/api/node/extensionHostProcess.js:150:2993)
    at r.g (/opt/visual-studio-code/resources/app/out/vs/workbench/api/node/extensionHostProcess.js:153:188926)
    at r.executeCommand (/opt/visual-studio-code/resources/app/out/vs/workbench/api/node/extensionHostProcess.js:153:188364)
    at k.registerCommand.description (/opt/visual-studio-code/resources/app/out/vs/workbench/api/node/extensionHostProcess.js:153:187688)
    at r.h (/opt/visual-studio-code/resources/app/out/vs/workbench/api/node/extensionHostProcess.js:153:189465)
    at r.g (/opt/visual-studio-code/resources/app/out/vs/workbench/api/node/extensionHostProcess.js:153:188457)
    at r.executeCommand (/opt/visual-studio-code/resources/app/out/vs/workbench/api/node/extensionHostProcess.js:153:188364)
    at Object.executeCommand (/opt/visual-studio-code/resources/app/out/vs/workbench/api/node/extensionHostProcess.js:163:22673)
    at a.VscodeDevShareProvider.set hasGitHubRepositories [as hasGitHubRepositories] (/opt/visual-studio-code/resources/app/extensions/github/dist/extension.js:2:322969)
    at /opt/visual-studio-code/resources/app/extensions/github/dist/extension.js:2:323928
    at a.value (/opt/visual-studio-code/resources/app/extensions/git/dist/main.js:2:1050711)
    at o.y (/opt/visual-studio-code/resources/app/out/vs/workbench/api/node/extensionHostProcess.js:82:660)
    at o.z (/opt/visual-studio-code/resources/app/out/vs/workbench/api/node/extensionHostProcess.js:82:730)
    at o.fire (/opt/visual-studio-code/resources/app/out/vs/workbench/api/node/extensionHostProcess.js:82:946)
    at Object.p [as dispose] (/opt/visual-studio-code/resources/app/extensions/git/dist/main.js:2:964222)
    at /opt/visual-studio-code/resources/app/extensions/git/dist/main.js:2:970260
    at Array.forEach (<anonymous>)
    at f.dispose (/opt/visual-studio-code/resources/app/extensions/git/dist/main.js:2:970246)
    at h.<anonymous> (/opt/visual-studio-code/resources/app/out/vs/workbench/api/node/extensionHostProcess.js:151:3955)
    at h.dispose (/opt/visual-studio-code/resources/app/out/vs/workbench/api/node/extensionHostProcess.js:151:4052)
    at h.<anonymous> (/opt/visual-studio-code/resources/app/extensions/git/dist/main.js:2:947395)
    at h.dispose (/opt/visual-studio-code/resources/app/out/vs/workbench/api/node/extensionHostProcess.js:151:4052)
    at a (/opt/visual-studio-code/resources/app/out/vs/workbench/api/node/extensionHostProcess.js:30:744)
    at f.eb (/opt/visual-studio-code/resources/app/out/vs/workbench/api/node/extensionHostProcess.js:159:9975)
    at /opt/visual-studio-code/resources/app/out/vs/workbench/api/node/extensionHostProcess.js:159:7824
    at Array.map (<anonymous>)
    at f.$ (/opt/visual-studio-code/resources/app/out/vs/workbench/api/node/extensionHostProcess.js:159:7811)
    at f.terminate (/opt/visual-studio-code/resources/app/out/vs/workbench/api/node/extensionHostProcess.js:159:8085)
    at a.terminate (/opt/visual-studio-code/resources/app/out/vs/workbench/api/node/extensionHostProcess.js:163:1513)
    at t (/opt/visual-studio-code/resources/app/out/vs/workbench/api/node/extensionHostProcess.js:176:9922)
    at MessagePortMain.<anonymous> (/opt/visual-studio-code/resources/app/out/vs/workbench/api/node/extensionHostProcess.js:176:6347)
    at MessagePortMain.emit (node:events:517:28)
    at Object.MessagePortMain._internalPort.emit (node:electron/js2c/utility_init:2:2285) setContext undefined
2024-05-26 12:50:45.296 [error] Canceled: Canceled
    at new O (/opt/visual-studio-code/resources/app/out/vs/workbench/api/node/extensionHostProcess.js:143:47131)
    at c.U (/opt/visual-studio-code/resources/app/out/vs/workbench/api/node/extensionHostProcess.js:150:5542)
    at Proxy.F.<computed>.z.charCodeAt.F.<computed> (/opt/visual-studio-code/resources/app/out/vs/workbench/api/node/extensionHostProcess.js:150:2993)
    at r.g (/opt/visual-studio-code/resources/app/out/vs/workbench/api/node/extensionHostProcess.js:153:188926)
    at r.executeCommand (/opt/visual-studio-code/resources/app/out/vs/workbench/api/node/extensionHostProcess.js:153:188364)
    at k.registerCommand.description (/opt/visual-studio-code/resources/app/out/vs/workbench/api/node/extensionHostProcess.js:153:187688)
    at r.h (/opt/visual-studio-code/resources/app/out/vs/workbench/api/node/extensionHostProcess.js:153:189465)
    at r.g (/opt/visual-studio-code/resources/app/out/vs/workbench/api/node/extensionHostProcess.js:153:188457)
    at r.executeCommand (/opt/visual-studio-code/resources/app/out/vs/workbench/api/node/extensionHostProcess.js:153:188364)
    at Object.executeCommand (/opt/visual-studio-code/resources/app/out/vs/workbench/api/node/extensionHostProcess.js:163:22673)
    at LT (/home/prasant/.vscode/extensions/bradlc.vscode-tailwindcss-0.10.5/dist/extension.js:43:6988)
    at /home/prasant/.vscode/extensions/bradlc.vscode-tailwindcss-0.10.5/dist/extension.js:43:15311
    at er (/home/prasant/.vscode/extensions/bradlc.vscode-tailwindcss-0.10.5/dist/extension.js:4:1357)
    at Zn (/home/prasant/.vscode/extensions/bradlc.vscode-tailwindcss-0.10.5/dist/extension.js:3:6843)
    at Immediate.<anonymous> (/home/prasant/.vscode/extensions/bradlc.vscode-tailwindcss-0.10.5/dist/extension.js:3:6721)
    at processImmediate (node:internal/timers:476:21) setContext undefined
2024-05-26 12:50:45.317 [info] Extension host with pid 144644 exiting with code 0
