2024-05-26 11:47:41.844 [info] Extension host with pid 74112 started
2024-05-26 11:47:41.916 [info] ExtensionService#_doActivateExtension vscode.git-base, startup: true, activationEvent: '*', root cause: vscode.git
2024-05-26 11:47:41.922 [info] ExtensionService#_doActivateExtension formulahendry.auto-close-tag, startup: true, activationEvent: '*'
2024-05-26 11:47:41.928 [info] ExtensionService#_doActivateExtension formulahendry.auto-rename-tag, startup: true, activationEvent: '*'
2024-05-26 11:47:41.946 [info] ExtensionService#_doActivateExtension johnpapa.vscode-peacock, startup: true, activationEvent: '*'
2024-05-26 11:47:41.955 [info] ExtensionService#_doActivateExtension oderwat.indent-rainbow, startup: true, activationEvent: '*'
2024-05-26 11:47:42.009 [info] ExtensionService#_doActivateExtension vscode.git, startup: true, activationEvent: '*'
2024-05-26 11:47:42.049 [info] ExtensionService#_doActivateExtension vscode.github, startup: true, activationEvent: '*'
2024-05-26 11:47:42.307 [info] Eager extensions activated
2024-05-26 11:47:42.332 [info] ExtensionService#_doActivateExtension vscode.debug-auto-launch, startup: false, activationEvent: 'onStartupFinished'
2024-05-26 11:47:42.334 [info] ExtensionService#_doActivateExtension vscode.merge-conflict, startup: false, activationEvent: 'onStartupFinished'
2024-05-26 11:47:42.346 [info] ExtensionService#_doActivateExtension bradlc.vscode-tailwindcss, startup: false, activationEvent: 'onStartupFinished'
2024-05-26 11:47:42.369 [info] ExtensionService#_doActivateExtension Catppuccin.catppuccin-vsc, startup: false, activationEvent: 'onStartupFinished'
2024-05-26 11:47:42.374 [info] ExtensionService#_doActivateExtension esbenp.prettier-vscode, startup: false, activationEvent: 'onStartupFinished'
2024-05-26 11:47:42.427 [info] ExtensionService#_doActivateExtension formulahendry.code-runner, startup: false, activationEvent: 'onStartupFinished'
2024-05-26 11:47:42.459 [info] ExtensionService#_doActivateExtension kisstkondoros.vscode-gutter-preview, startup: false, activationEvent: 'onStartupFinished'
2024-05-26 11:47:42.495 [info] ExtensionService#_doActivateExtension naumovs.color-highlight, startup: false, activationEvent: 'onStartupFinished'
2024-05-26 11:47:42.502 [info] ExtensionService#_doActivateExtension PKief.material-icon-theme, startup: false, activationEvent: 'onStartupFinished'
2024-05-26 11:49:58.644 [info] Extension host terminating: renderer closed the MessagePort
2024-05-26 11:49:58.664 [info] Extension host with pid 74112 exiting with code 0
2024-05-26 11:50:00.274 [info] Extension host with pid 76210 started
2024-05-26 11:50:00.274 [info] Skipping acquiring lock for /home/prasant/.config/Code/User/workspaceStorage/2997c41fe530ba8adf3d1c8a16920833.
2024-05-26 11:50:00.369 [info] ExtensionService#_doActivateExtension vscode.git-base, startup: true, activationEvent: '*', root cause: vscode.git
2024-05-26 11:50:00.376 [info] ExtensionService#_doActivateExtension formulahendry.auto-close-tag, startup: true, activationEvent: '*'
2024-05-26 11:50:00.382 [info] ExtensionService#_doActivateExtension formulahendry.auto-rename-tag, startup: true, activationEvent: '*'
2024-05-26 11:50:00.404 [info] ExtensionService#_doActivateExtension johnpapa.vscode-peacock, startup: true, activationEvent: '*'
2024-05-26 11:50:00.409 [info] ExtensionService#_doActivateExtension oderwat.indent-rainbow, startup: true, activationEvent: '*'
2024-05-26 11:50:00.444 [info] ExtensionService#_doActivateExtension vscode.git, startup: true, activationEvent: '*'
2024-05-26 11:50:00.475 [info] ExtensionService#_doActivateExtension vscode.github, startup: true, activationEvent: '*'
2024-05-26 11:50:00.892 [info] Eager extensions activated
2024-05-26 11:50:00.910 [info] ExtensionService#_doActivateExtension vscode.debug-auto-launch, startup: false, activationEvent: 'onStartupFinished'
2024-05-26 11:50:00.914 [info] ExtensionService#_doActivateExtension vscode.merge-conflict, startup: false, activationEvent: 'onStartupFinished'
2024-05-26 11:50:00.925 [info] ExtensionService#_doActivateExtension bradlc.vscode-tailwindcss, startup: false, activationEvent: 'onStartupFinished'
2024-05-26 11:50:00.951 [info] ExtensionService#_doActivateExtension Catppuccin.catppuccin-vsc, startup: false, activationEvent: 'onStartupFinished'
2024-05-26 11:50:00.955 [info] ExtensionService#_doActivateExtension esbenp.prettier-vscode, startup: false, activationEvent: 'onStartupFinished'
2024-05-26 11:50:01.007 [info] ExtensionService#_doActivateExtension formulahendry.code-runner, startup: false, activationEvent: 'onStartupFinished'
2024-05-26 11:50:01.045 [info] ExtensionService#_doActivateExtension kisstkondoros.vscode-gutter-preview, startup: false, activationEvent: 'onStartupFinished'
2024-05-26 11:50:01.091 [info] ExtensionService#_doActivateExtension naumovs.color-highlight, startup: false, activationEvent: 'onStartupFinished'
2024-05-26 11:50:01.098 [info] ExtensionService#_doActivateExtension PKief.material-icon-theme, startup: false, activationEvent: 'onStartupFinished'
2024-05-26 11:50:17.130 [warning] [Decorations] CAPPING events from decorations provider vscode.git 5871
2024-05-26 11:50:17.850 [warning] [Decorations] CAPPING events from decorations provider vscode.git 5871
2024-05-26 11:50:19.960 [warning] [Decorations] CAPPING events from decorations provider vscode.git 5871
2024-05-26 11:50:25.049 [warning] [Decorations] CAPPING events from decorations provider vscode.git 5871
2024-05-26 11:50:30.137 [warning] [Decorations] CAPPING events from decorations provider vscode.git 5871
2024-05-26 11:50:35.229 [warning] [Decorations] CAPPING events from decorations provider vscode.git 5871
2024-05-26 11:50:40.342 [warning] [Decorations] CAPPING events from decorations provider vscode.git 5871
2024-05-26 11:50:45.457 [warning] [Decorations] CAPPING events from decorations provider vscode.git 5871
2024-05-26 11:51:07.947 [warning] [Decorations] CAPPING events from decorations provider vscode.git 5871
2024-05-26 11:51:13.057 [warning] [Decorations] CAPPING events from decorations provider vscode.git 5871
2024-05-26 11:51:18.147 [warning] [Decorations] CAPPING events from decorations provider vscode.git 5871
2024-05-26 11:51:23.241 [warning] [Decorations] CAPPING events from decorations provider vscode.git 5871
2024-05-26 11:51:28.329 [warning] [Decorations] CAPPING events from decorations provider vscode.git 5871
2024-05-26 11:51:33.429 [warning] [Decorations] CAPPING events from decorations provider vscode.git 5871
2024-05-26 11:51:38.544 [warning] [Decorations] CAPPING events from decorations provider vscode.git 5871
2024-05-26 11:51:43.665 [warning] [Decorations] CAPPING events from decorations provider vscode.git 5871
2024-05-26 11:51:48.751 [warning] [Decorations] CAPPING events from decorations provider vscode.git 5871
2024-05-26 11:51:53.850 [warning] [Decorations] CAPPING events from decorations provider vscode.git 5871
2024-05-26 11:51:58.944 [warning] [Decorations] CAPPING events from decorations provider vscode.git 5871
2024-05-26 11:52:04.030 [warning] [Decorations] CAPPING events from decorations provider vscode.git 5871
2024-05-26 11:52:09.130 [warning] [Decorations] CAPPING events from decorations provider vscode.git 5872
2024-05-26 11:52:14.233 [warning] [Decorations] CAPPING events from decorations provider vscode.git 5872
2024-05-26 11:52:19.328 [warning] [Decorations] CAPPING events from decorations provider vscode.git 5872
2024-05-26 11:52:24.429 [warning] [Decorations] CAPPING events from decorations provider vscode.git 5872
2024-05-26 11:52:29.522 [warning] [Decorations] CAPPING events from decorations provider vscode.git 5872
2024-05-26 11:52:34.627 [warning] [Decorations] CAPPING events from decorations provider vscode.git 5872
2024-05-26 11:52:39.730 [warning] [Decorations] CAPPING events from decorations provider vscode.git 5872
2024-05-26 11:52:45.794 [error] Error: Failed to execute git
    at t.Git._exec (/opt/visual-studio-code/resources/app/extensions/git/dist/main.js:2:906914)
    at t.Git.exec (/opt/visual-studio-code/resources/app/extensions/git/dist/main.js:2:905982)
    at N.exec (/opt/visual-studio-code/resources/app/extensions/git/dist/main.js:2:911485)
    at N.getRemotesGit (/opt/visual-studio-code/resources/app/extensions/git/dist/main.js:2:931024)
    at N.getRemotes (/opt/visual-studio-code/resources/app/extensions/git/dist/main.js:2:930756)
    at async Promise.all (index 1)
    at T._updateModelState (/opt/visual-studio-code/resources/app/extensions/git/dist/main.js:2:1024434)
    at T.updateModelState (/opt/visual-studio-code/resources/app/extensions/git/dist/main.js:2:1024261)
    at T.run (/opt/visual-studio-code/resources/app/extensions/git/dist/main.js:2:1023469)
    at T.status (/opt/visual-studio-code/resources/app/extensions/git/dist/main.js:2:1004662)
2024-05-26 11:52:50.688 [warning] [Decorations] CAPPING events from decorations provider vscode.git 5872
2024-05-26 11:52:51.333 [warning] [Decorations] CAPPING events from decorations provider vscode.git 5872
2024-05-26 11:52:52.891 [warning] [Decorations] CAPPING events from decorations provider vscode.git 5872
2024-05-26 11:52:58.004 [warning] [Decorations] CAPPING events from decorations provider vscode.git 5872
2024-05-26 11:53:03.098 [warning] [Decorations] CAPPING events from decorations provider vscode.git 5872
2024-05-26 11:53:08.187 [warning] [Decorations] CAPPING events from decorations provider vscode.git 5872
2024-05-26 11:53:13.300 [warning] [Decorations] CAPPING events from decorations provider vscode.git 5872
2024-05-26 11:53:18.414 [warning] [Decorations] CAPPING events from decorations provider vscode.git 5872
2024-05-26 11:53:23.519 [warning] [Decorations] CAPPING events from decorations provider vscode.git 5872
2024-05-26 11:53:28.613 [warning] [Decorations] CAPPING events from decorations provider vscode.git 5873
2024-05-26 11:53:33.705 [warning] [Decorations] CAPPING events from decorations provider vscode.git 5873
2024-05-26 11:53:38.795 [warning] [Decorations] CAPPING events from decorations provider vscode.git 5873
2024-05-26 11:53:43.911 [warning] [Decorations] CAPPING events from decorations provider vscode.git 5873
2024-05-26 11:53:49.003 [warning] [Decorations] CAPPING events from decorations provider vscode.git 5873
2024-05-26 11:53:54.104 [warning] [Decorations] CAPPING events from decorations provider vscode.git 5873
2024-05-26 11:58:41.699 [warning] [Decorations] CAPPING events from decorations provider vscode.git 5873
2024-05-26 11:58:46.800 [warning] [Decorations] CAPPING events from decorations provider vscode.git 5873
2024-05-26 11:58:51.900 [warning] [Decorations] CAPPING events from decorations provider vscode.git 5873
2024-05-26 11:58:56.987 [warning] [Decorations] CAPPING events from decorations provider vscode.git 5873
2024-05-26 11:59:02.081 [warning] [Decorations] CAPPING events from decorations provider vscode.git 5873
2024-05-26 11:59:07.176 [warning] [Decorations] CAPPING events from decorations provider vscode.git 5873
2024-05-26 11:59:12.268 [warning] [Decorations] CAPPING events from decorations provider vscode.git 5873
2024-05-26 11:59:18.337 [error] Error: Failed to execute git
    at ChildProcess.a (/opt/visual-studio-code/resources/app/extensions/git/dist/main.js:2:926495)
    at ChildProcess.emit (node:events:517:28)
    at maybeClose (node:internal/child_process:1098:16)
    at Socket.<anonymous> (node:internal/child_process:450:11)
    at Socket.emit (node:events:517:28)
    at Pipe.<anonymous> (node:net:350:12)
2024-05-26 11:59:21.040 [warning] [Decorations] CAPPING events from decorations provider vscode.git 5876
2024-05-26 11:59:21.684 [warning] [Decorations] CAPPING events from decorations provider vscode.git 5876
2024-05-26 11:59:23.236 [warning] [Decorations] CAPPING events from decorations provider vscode.git 5876
2024-05-26 11:59:28.340 [warning] [Decorations] CAPPING events from decorations provider vscode.git 5876
2024-05-26 11:59:33.431 [warning] [Decorations] CAPPING events from decorations provider vscode.git 5876
2024-05-26 11:59:38.528 [warning] [Decorations] CAPPING events from decorations provider vscode.git 5876
2024-05-26 11:59:43.640 [warning] [Decorations] CAPPING events from decorations provider vscode.git 5876
2024-05-26 11:59:48.751 [warning] [Decorations] CAPPING events from decorations provider vscode.git 5876
2024-05-26 11:59:53.840 [warning] [Decorations] CAPPING events from decorations provider vscode.git 5876
2024-05-26 11:59:58.934 [warning] [Decorations] CAPPING events from decorations provider vscode.git 5876
2024-05-26 12:00:04.031 [warning] [Decorations] CAPPING events from decorations provider vscode.git 5876
2024-05-26 12:00:09.140 [warning] [Decorations] CAPPING events from decorations provider vscode.git 5876
2024-05-26 12:00:14.239 [warning] [Decorations] CAPPING events from decorations provider vscode.git 5876
2024-05-26 12:00:19.334 [warning] [Decorations] CAPPING events from decorations provider vscode.git 5876
2024-05-26 12:00:24.440 [warning] [Decorations] CAPPING events from decorations provider vscode.git 5876
2024-05-26 12:00:29.538 [warning] [Decorations] CAPPING events from decorations provider vscode.git 5876
2024-05-26 12:00:34.641 [warning] [Decorations] CAPPING events from decorations provider vscode.git 5876
2024-05-26 12:00:39.735 [warning] [Decorations] CAPPING events from decorations provider vscode.git 5876
2024-05-26 12:00:44.830 [warning] [Decorations] CAPPING events from decorations provider vscode.git 5876
2024-05-26 12:00:49.924 [warning] [Decorations] CAPPING events from decorations provider vscode.git 5876
2024-05-26 12:00:55.018 [warning] [Decorations] CAPPING events from decorations provider vscode.git 5876
2024-05-26 12:01:00.116 [warning] [Decorations] CAPPING events from decorations provider vscode.git 5876
2024-05-26 12:01:05.211 [warning] [Decorations] CAPPING events from decorations provider vscode.git 5876
2024-05-26 12:01:10.300 [warning] [Decorations] CAPPING events from decorations provider vscode.git 5876
2024-05-26 12:01:16.347 [error] Error: Failed to execute git
    at t.Git._exec (/opt/visual-studio-code/resources/app/extensions/git/dist/main.js:2:906914)
    at t.Git.exec (/opt/visual-studio-code/resources/app/extensions/git/dist/main.js:2:905982)
    at N.exec (/opt/visual-studio-code/resources/app/extensions/git/dist/main.js:2:911485)
    at N.getRemotesGit (/opt/visual-studio-code/resources/app/extensions/git/dist/main.js:2:931024)
    at N.getRemotes (/opt/visual-studio-code/resources/app/extensions/git/dist/main.js:2:930756)
    at async Promise.all (index 1)
    at T._updateModelState (/opt/visual-studio-code/resources/app/extensions/git/dist/main.js:2:1024434)
    at T.updateModelState (/opt/visual-studio-code/resources/app/extensions/git/dist/main.js:2:1024261)
    at T.run (/opt/visual-studio-code/resources/app/extensions/git/dist/main.js:2:1023469)
    at T.status (/opt/visual-studio-code/resources/app/extensions/git/dist/main.js:2:1004662)
2024-05-26 12:01:19.346 [warning] [Decorations] CAPPING events from decorations provider vscode.git 5876
2024-05-26 12:01:19.909 [warning] [Decorations] CAPPING events from decorations provider vscode.git 5876
2024-05-26 12:01:21.461 [warning] [Decorations] CAPPING events from decorations provider vscode.git 5876
2024-05-26 12:01:26.560 [warning] [Decorations] CAPPING events from decorations provider vscode.git 5876
2024-05-26 12:01:31.651 [warning] [Decorations] CAPPING events from decorations provider vscode.git 5876
2024-05-26 12:01:36.756 [warning] [Decorations] CAPPING events from decorations provider vscode.git 5876
2024-05-26 12:01:41.854 [warning] [Decorations] CAPPING events from decorations provider vscode.git 5876
2024-05-26 12:01:46.947 [warning] [Decorations] CAPPING events from decorations provider vscode.git 5876
2024-05-26 12:01:52.034 [warning] [Decorations] CAPPING events from decorations provider vscode.git 5876
2024-05-26 12:01:57.125 [warning] [Decorations] CAPPING events from decorations provider vscode.git 5876
2024-05-26 12:02:02.232 [warning] [Decorations] CAPPING events from decorations provider vscode.git 5876
2024-05-26 12:02:07.336 [warning] [Decorations] CAPPING events from decorations provider vscode.git 5876
2024-05-26 12:02:12.408 [warning] [Decorations] CAPPING events from decorations provider vscode.git 5876
2024-05-26 12:03:06.058 [info] ExtensionService#_doActivateExtension vscode.github-authentication, startup: false, activationEvent: 'onAuthenticationRequest:github'
2024-05-26 12:03:18.934 [info] ExtensionService#_doActivateExtension vscode.json-language-features, startup: false, activationEvent: 'onLanguage:jsonc'
2024-05-26 12:03:19.027 [info] ExtensionService#_doActivateExtension vscode.typescript-language-features, startup: false, activationEvent: 'onLanguage:jsonc'
2024-05-26 12:03:19.084 [info] ExtensionService#_doActivateExtension vscode.emmet, startup: false, activationEvent: 'onLanguage'
2024-05-26 12:29:44.476 [info] ExtensionService#_doActivateExtension vscode.extension-editing, startup: false, activationEvent: 'onLanguage:markdown'
2024-05-26 12:29:44.516 [info] ExtensionService#_doActivateExtension vscode.markdown-language-features, startup: false, activationEvent: 'onLanguage:markdown'
2024-05-26 12:29:44.777 [info] ExtensionService#_doActivateExtension shd101wyy.markdown-preview-enhanced, startup: false, activationEvent: 'onLanguage:markdown'
2024-05-26 12:29:46.320 [info] ExtensionService#_doActivateExtension vscode.markdown-math, startup: false, activationEvent: 'api', root cause: vscode.markdown-language-features
2024-05-26 12:33:15.221 [info] Extension host terminating: renderer closed the MessagePort
2024-05-26 12:33:15.254 [error] Canceled: Canceled
    at new O (/opt/visual-studio-code/resources/app/out/vs/workbench/api/node/extensionHostProcess.js:143:47131)
    at c.U (/opt/visual-studio-code/resources/app/out/vs/workbench/api/node/extensionHostProcess.js:150:5542)
    at Proxy.F.<computed>.z.charCodeAt.F.<computed> (/opt/visual-studio-code/resources/app/out/vs/workbench/api/node/extensionHostProcess.js:150:2993)
    at r.g (/opt/visual-studio-code/resources/app/out/vs/workbench/api/node/extensionHostProcess.js:153:188926)
    at r.executeCommand (/opt/visual-studio-code/resources/app/out/vs/workbench/api/node/extensionHostProcess.js:153:188364)
    at k.registerCommand.description (/opt/visual-studio-code/resources/app/out/vs/workbench/api/node/extensionHostProcess.js:153:187688)
    at r.h (/opt/visual-studio-code/resources/app/out/vs/workbench/api/node/extensionHostProcess.js:153:189465)
    at r.g (/opt/visual-studio-code/resources/app/out/vs/workbench/api/node/extensionHostProcess.js:153:188457)
    at r.executeCommand (/opt/visual-studio-code/resources/app/out/vs/workbench/api/node/extensionHostProcess.js:153:188364)
    at Object.executeCommand (/opt/visual-studio-code/resources/app/out/vs/workbench/api/node/extensionHostProcess.js:163:22673)
    at a.O [as value] (/opt/visual-studio-code/resources/app/extensions/git/dist/main.js:2:945138)
    at o.y (/opt/visual-studio-code/resources/app/out/vs/workbench/api/node/extensionHostProcess.js:82:660)
    at o.z (/opt/visual-studio-code/resources/app/out/vs/workbench/api/node/extensionHostProcess.js:82:730)
    at o.fire (/opt/visual-studio-code/resources/app/out/vs/workbench/api/node/extensionHostProcess.js:82:946)
    at Object.p [as dispose] (/opt/visual-studio-code/resources/app/extensions/git/dist/main.js:2:964222)
    at /opt/visual-studio-code/resources/app/extensions/git/dist/main.js:2:970260
    at Array.forEach (<anonymous>)
    at f.dispose (/opt/visual-studio-code/resources/app/extensions/git/dist/main.js:2:970246)
    at h.<anonymous> (/opt/visual-studio-code/resources/app/out/vs/workbench/api/node/extensionHostProcess.js:151:3955)
    at h.dispose (/opt/visual-studio-code/resources/app/out/vs/workbench/api/node/extensionHostProcess.js:151:4052)
    at h.<anonymous> (/opt/visual-studio-code/resources/app/extensions/git/dist/main.js:2:947395)
    at h.dispose (/opt/visual-studio-code/resources/app/out/vs/workbench/api/node/extensionHostProcess.js:151:4052)
    at a (/opt/visual-studio-code/resources/app/out/vs/workbench/api/node/extensionHostProcess.js:30:744)
    at f.eb (/opt/visual-studio-code/resources/app/out/vs/workbench/api/node/extensionHostProcess.js:159:9975)
    at /opt/visual-studio-code/resources/app/out/vs/workbench/api/node/extensionHostProcess.js:159:7824
    at Array.map (<anonymous>)
    at f.$ (/opt/visual-studio-code/resources/app/out/vs/workbench/api/node/extensionHostProcess.js:159:7811)
    at f.terminate (/opt/visual-studio-code/resources/app/out/vs/workbench/api/node/extensionHostProcess.js:159:8085)
    at a.terminate (/opt/visual-studio-code/resources/app/out/vs/workbench/api/node/extensionHostProcess.js:163:1513)
    at t (/opt/visual-studio-code/resources/app/out/vs/workbench/api/node/extensionHostProcess.js:176:9922)
    at MessagePortMain.<anonymous> (/opt/visual-studio-code/resources/app/out/vs/workbench/api/node/extensionHostProcess.js:176:6347)
    at MessagePortMain.emit (node:events:517:28)
    at Object.MessagePortMain._internalPort.emit (node:electron/js2c/utility_init:2:2285) setContext undefined
2024-05-26 12:33:15.256 [error] Canceled: Canceled
    at new O (/opt/visual-studio-code/resources/app/out/vs/workbench/api/node/extensionHostProcess.js:143:47131)
    at c.U (/opt/visual-studio-code/resources/app/out/vs/workbench/api/node/extensionHostProcess.js:150:5542)
    at Proxy.F.<computed>.z.charCodeAt.F.<computed> (/opt/visual-studio-code/resources/app/out/vs/workbench/api/node/extensionHostProcess.js:150:2993)
    at r.g (/opt/visual-studio-code/resources/app/out/vs/workbench/api/node/extensionHostProcess.js:153:188926)
    at r.executeCommand (/opt/visual-studio-code/resources/app/out/vs/workbench/api/node/extensionHostProcess.js:153:188364)
    at k.registerCommand.description (/opt/visual-studio-code/resources/app/out/vs/workbench/api/node/extensionHostProcess.js:153:187688)
    at r.h (/opt/visual-studio-code/resources/app/out/vs/workbench/api/node/extensionHostProcess.js:153:189465)
    at r.g (/opt/visual-studio-code/resources/app/out/vs/workbench/api/node/extensionHostProcess.js:153:188457)
    at r.executeCommand (/opt/visual-studio-code/resources/app/out/vs/workbench/api/node/extensionHostProcess.js:153:188364)
    at Object.executeCommand (/opt/visual-studio-code/resources/app/out/vs/workbench/api/node/extensionHostProcess.js:163:22673)
    at a.VscodeDevShareProvider.set hasGitHubRepositories [as hasGitHubRepositories] (/opt/visual-studio-code/resources/app/extensions/github/dist/extension.js:2:322969)
    at /opt/visual-studio-code/resources/app/extensions/github/dist/extension.js:2:323928
    at a.value (/opt/visual-studio-code/resources/app/extensions/git/dist/main.js:2:1050711)
    at o.y (/opt/visual-studio-code/resources/app/out/vs/workbench/api/node/extensionHostProcess.js:82:660)
    at o.z (/opt/visual-studio-code/resources/app/out/vs/workbench/api/node/extensionHostProcess.js:82:730)
    at o.fire (/opt/visual-studio-code/resources/app/out/vs/workbench/api/node/extensionHostProcess.js:82:946)
    at Object.p [as dispose] (/opt/visual-studio-code/resources/app/extensions/git/dist/main.js:2:964222)
    at /opt/visual-studio-code/resources/app/extensions/git/dist/main.js:2:970260
    at Array.forEach (<anonymous>)
    at f.dispose (/opt/visual-studio-code/resources/app/extensions/git/dist/main.js:2:970246)
    at h.<anonymous> (/opt/visual-studio-code/resources/app/out/vs/workbench/api/node/extensionHostProcess.js:151:3955)
    at h.dispose (/opt/visual-studio-code/resources/app/out/vs/workbench/api/node/extensionHostProcess.js:151:4052)
    at h.<anonymous> (/opt/visual-studio-code/resources/app/extensions/git/dist/main.js:2:947395)
    at h.dispose (/opt/visual-studio-code/resources/app/out/vs/workbench/api/node/extensionHostProcess.js:151:4052)
    at a (/opt/visual-studio-code/resources/app/out/vs/workbench/api/node/extensionHostProcess.js:30:744)
    at f.eb (/opt/visual-studio-code/resources/app/out/vs/workbench/api/node/extensionHostProcess.js:159:9975)
    at /opt/visual-studio-code/resources/app/out/vs/workbench/api/node/extensionHostProcess.js:159:7824
    at Array.map (<anonymous>)
    at f.$ (/opt/visual-studio-code/resources/app/out/vs/workbench/api/node/extensionHostProcess.js:159:7811)
    at f.terminate (/opt/visual-studio-code/resources/app/out/vs/workbench/api/node/extensionHostProcess.js:159:8085)
    at a.terminate (/opt/visual-studio-code/resources/app/out/vs/workbench/api/node/extensionHostProcess.js:163:1513)
    at t (/opt/visual-studio-code/resources/app/out/vs/workbench/api/node/extensionHostProcess.js:176:9922)
    at MessagePortMain.<anonymous> (/opt/visual-studio-code/resources/app/out/vs/workbench/api/node/extensionHostProcess.js:176:6347)
    at MessagePortMain.emit (node:events:517:28)
    at Object.MessagePortMain._internalPort.emit (node:electron/js2c/utility_init:2:2285) setContext undefined
2024-05-26 12:33:15.259 [info] Extension host with pid 76210 exiting with code 0
2024-05-26 12:33:17.477 [info] Extension host with pid 125751 started
2024-05-26 12:33:17.477 [info] Skipping acquiring lock for /home/prasant/.config/Code/User/workspaceStorage/32614b22623198c1ebc3e2e6676ffa72.
2024-05-26 12:33:17.559 [info] ExtensionService#_doActivateExtension vscode.git-base, startup: true, activationEvent: '*', root cause: vscode.git
2024-05-26 12:33:17.562 [info] ExtensionService#_doActivateExtension formulahendry.auto-close-tag, startup: true, activationEvent: '*'
2024-05-26 12:33:17.568 [info] ExtensionService#_doActivateExtension formulahendry.auto-rename-tag, startup: true, activationEvent: '*'
2024-05-26 12:33:17.588 [info] ExtensionService#_doActivateExtension johnpapa.vscode-peacock, startup: true, activationEvent: '*'
2024-05-26 12:33:17.595 [info] ExtensionService#_doActivateExtension oderwat.indent-rainbow, startup: true, activationEvent: '*'
2024-05-26 12:33:17.621 [info] ExtensionService#_doActivateExtension vscode.git, startup: true, activationEvent: '*'
2024-05-26 12:33:17.653 [info] ExtensionService#_doActivateExtension vscode.github, startup: true, activationEvent: '*'
2024-05-26 12:33:18.010 [info] Eager extensions activated
2024-05-26 12:33:18.062 [info] ExtensionService#_doActivateExtension vscode.debug-auto-launch, startup: false, activationEvent: 'onStartupFinished'
2024-05-26 12:33:18.066 [info] ExtensionService#_doActivateExtension vscode.merge-conflict, startup: false, activationEvent: 'onStartupFinished'
2024-05-26 12:33:18.075 [info] ExtensionService#_doActivateExtension bradlc.vscode-tailwindcss, startup: false, activationEvent: 'onStartupFinished'
2024-05-26 12:33:18.103 [info] ExtensionService#_doActivateExtension Catppuccin.catppuccin-vsc, startup: false, activationEvent: 'onStartupFinished'
2024-05-26 12:33:18.108 [info] ExtensionService#_doActivateExtension esbenp.prettier-vscode, startup: false, activationEvent: 'onStartupFinished'
2024-05-26 12:33:18.158 [info] ExtensionService#_doActivateExtension formulahendry.code-runner, startup: false, activationEvent: 'onStartupFinished'
2024-05-26 12:33:18.190 [info] ExtensionService#_doActivateExtension kisstkondoros.vscode-gutter-preview, startup: false, activationEvent: 'onStartupFinished'
2024-05-26 12:33:18.230 [info] ExtensionService#_doActivateExtension naumovs.color-highlight, startup: false, activationEvent: 'onStartupFinished'
2024-05-26 12:33:18.237 [info] ExtensionService#_doActivateExtension PKief.material-icon-theme, startup: false, activationEvent: 'onStartupFinished'
2024-05-26 12:33:30.692 [warning] [Decorations] CAPPING events from decorations provider vscode.git 2369
2024-05-26 12:33:31.000 [warning] [Decorations] CAPPING events from decorations provider vscode.git 2369
2024-05-26 12:33:39.570 [warning] [Decorations] CAPPING events from decorations provider vscode.git 2369
2024-05-26 12:34:00.062 [warning] [Decorations] CAPPING events from decorations provider vscode.git 2369
2024-05-26 12:34:25.991 [warning] [Decorations] CAPPING events from decorations provider vscode.git 2369
2024-05-26 12:34:47.223 [info] ExtensionService#_doActivateExtension vscode.github-authentication, startup: false, activationEvent: 'onAuthenticationRequest:github'
2024-05-26 12:38:51.333 [info] ExtensionService#_doActivateExtension vscode.extension-editing, startup: false, activationEvent: 'onLanguage:markdown'
2024-05-26 12:38:51.340 [info] ExtensionService#_doActivateExtension vscode.markdown-language-features, startup: false, activationEvent: 'onLanguage:markdown'
2024-05-26 12:38:51.449 [info] ExtensionService#_doActivateExtension shd101wyy.markdown-preview-enhanced, startup: false, activationEvent: 'onLanguage:markdown'
2024-05-26 12:38:52.282 [info] ExtensionService#_doActivateExtension vscode.emmet, startup: false, activationEvent: 'onLanguage'
2024-05-26 12:38:52.742 [info] ExtensionService#_doActivateExtension vscode.markdown-math, startup: false, activationEvent: 'api', root cause: vscode.markdown-language-features
2024-05-26 12:39:13.933 [warning] [Decorations] CAPPING events from decorations provider vscode.git 2370
2024-05-26 12:39:14.210 [warning] [Decorations] CAPPING events from decorations provider vscode.git 2370
2024-05-26 12:39:17.380 [warning] [Decorations] CAPPING events from decorations provider vscode.git 2370
2024-05-26 12:39:27.066 [warning] [Decorations] CAPPING events from decorations provider vscode.git 2370
2024-05-26 12:39:32.173 [warning] [Decorations] CAPPING events from decorations provider vscode.git 2370
2024-05-26 12:45:26.389 [error] Error: Failed to execute git
    at ChildProcess.a (/opt/visual-studio-code/resources/app/extensions/git/dist/main.js:2:926495)
    at ChildProcess.emit (node:events:517:28)
    at maybeClose (node:internal/child_process:1098:16)
    at Socket.<anonymous> (node:internal/child_process:450:11)
    at Socket.emit (node:events:517:28)
    at Pipe.<anonymous> (node:net:350:12)
2024-05-26 12:46:17.729 [warning] [Decorations] CAPPING events from decorations provider vscode.git 1666
2024-05-26 12:46:17.775 [warning] [Decorations] CAPPING events from decorations provider vscode.git 1666
2024-05-26 12:46:25.466 [warning] [Decorations] CAPPING events from decorations provider vscode.git 1666
2024-05-26 12:46:30.495 [warning] [Decorations] CAPPING events from decorations provider vscode.git 1666
2024-05-26 12:47:49.195 [info] Extension host terminating: renderer closed the MessagePort
2024-05-26 12:47:49.214 [error] Canceled: Canceled
    at new O (/opt/visual-studio-code/resources/app/out/vs/workbench/api/node/extensionHostProcess.js:143:47131)
    at c.U (/opt/visual-studio-code/resources/app/out/vs/workbench/api/node/extensionHostProcess.js:150:5542)
    at Proxy.F.<computed>.z.charCodeAt.F.<computed> (/opt/visual-studio-code/resources/app/out/vs/workbench/api/node/extensionHostProcess.js:150:2993)
    at r.g (/opt/visual-studio-code/resources/app/out/vs/workbench/api/node/extensionHostProcess.js:153:188926)
    at r.executeCommand (/opt/visual-studio-code/resources/app/out/vs/workbench/api/node/extensionHostProcess.js:153:188364)
    at k.registerCommand.description (/opt/visual-studio-code/resources/app/out/vs/workbench/api/node/extensionHostProcess.js:153:187688)
    at r.h (/opt/visual-studio-code/resources/app/out/vs/workbench/api/node/extensionHostProcess.js:153:189465)
    at r.g (/opt/visual-studio-code/resources/app/out/vs/workbench/api/node/extensionHostProcess.js:153:188457)
    at r.executeCommand (/opt/visual-studio-code/resources/app/out/vs/workbench/api/node/extensionHostProcess.js:153:188364)
    at Object.executeCommand (/opt/visual-studio-code/resources/app/out/vs/workbench/api/node/extensionHostProcess.js:163:22673)
    at a.O [as value] (/opt/visual-studio-code/resources/app/extensions/git/dist/main.js:2:945138)
    at o.y (/opt/visual-studio-code/resources/app/out/vs/workbench/api/node/extensionHostProcess.js:82:660)
    at o.z (/opt/visual-studio-code/resources/app/out/vs/workbench/api/node/extensionHostProcess.js:82:730)
    at o.fire (/opt/visual-studio-code/resources/app/out/vs/workbench/api/node/extensionHostProcess.js:82:946)
    at Object.p [as dispose] (/opt/visual-studio-code/resources/app/extensions/git/dist/main.js:2:964222)
    at /opt/visual-studio-code/resources/app/extensions/git/dist/main.js:2:970260
    at Array.forEach (<anonymous>)
    at f.dispose (/opt/visual-studio-code/resources/app/extensions/git/dist/main.js:2:970246)
    at h.<anonymous> (/opt/visual-studio-code/resources/app/out/vs/workbench/api/node/extensionHostProcess.js:151:3955)
    at h.dispose (/opt/visual-studio-code/resources/app/out/vs/workbench/api/node/extensionHostProcess.js:151:4052)
    at h.<anonymous> (/opt/visual-studio-code/resources/app/extensions/git/dist/main.js:2:947395)
    at h.dispose (/opt/visual-studio-code/resources/app/out/vs/workbench/api/node/extensionHostProcess.js:151:4052)
    at a (/opt/visual-studio-code/resources/app/out/vs/workbench/api/node/extensionHostProcess.js:30:744)
    at f.eb (/opt/visual-studio-code/resources/app/out/vs/workbench/api/node/extensionHostProcess.js:159:9975)
    at /opt/visual-studio-code/resources/app/out/vs/workbench/api/node/extensionHostProcess.js:159:7824
    at Array.map (<anonymous>)
    at f.$ (/opt/visual-studio-code/resources/app/out/vs/workbench/api/node/extensionHostProcess.js:159:7811)
    at f.terminate (/opt/visual-studio-code/resources/app/out/vs/workbench/api/node/extensionHostProcess.js:159:8085)
    at a.terminate (/opt/visual-studio-code/resources/app/out/vs/workbench/api/node/extensionHostProcess.js:163:1513)
    at t (/opt/visual-studio-code/resources/app/out/vs/workbench/api/node/extensionHostProcess.js:176:9922)
    at MessagePortMain.<anonymous> (/opt/visual-studio-code/resources/app/out/vs/workbench/api/node/extensionHostProcess.js:176:6347)
    at MessagePortMain.emit (node:events:517:28)
    at Object.MessagePortMain._internalPort.emit (node:electron/js2c/utility_init:2:2285) setContext undefined
2024-05-26 12:47:49.220 [error] Canceled: Canceled
    at new O (/opt/visual-studio-code/resources/app/out/vs/workbench/api/node/extensionHostProcess.js:143:47131)
    at c.U (/opt/visual-studio-code/resources/app/out/vs/workbench/api/node/extensionHostProcess.js:150:5542)
    at Proxy.F.<computed>.z.charCodeAt.F.<computed> (/opt/visual-studio-code/resources/app/out/vs/workbench/api/node/extensionHostProcess.js:150:2993)
    at r.g (/opt/visual-studio-code/resources/app/out/vs/workbench/api/node/extensionHostProcess.js:153:188926)
    at r.executeCommand (/opt/visual-studio-code/resources/app/out/vs/workbench/api/node/extensionHostProcess.js:153:188364)
    at k.registerCommand.description (/opt/visual-studio-code/resources/app/out/vs/workbench/api/node/extensionHostProcess.js:153:187688)
    at r.h (/opt/visual-studio-code/resources/app/out/vs/workbench/api/node/extensionHostProcess.js:153:189465)
    at r.g (/opt/visual-studio-code/resources/app/out/vs/workbench/api/node/extensionHostProcess.js:153:188457)
    at r.executeCommand (/opt/visual-studio-code/resources/app/out/vs/workbench/api/node/extensionHostProcess.js:153:188364)
    at Object.executeCommand (/opt/visual-studio-code/resources/app/out/vs/workbench/api/node/extensionHostProcess.js:163:22673)
    at a.VscodeDevShareProvider.set hasGitHubRepositories [as hasGitHubRepositories] (/opt/visual-studio-code/resources/app/extensions/github/dist/extension.js:2:322969)
    at /opt/visual-studio-code/resources/app/extensions/github/dist/extension.js:2:323928
    at a.value (/opt/visual-studio-code/resources/app/extensions/git/dist/main.js:2:1050711)
    at o.y (/opt/visual-studio-code/resources/app/out/vs/workbench/api/node/extensionHostProcess.js:82:660)
    at o.z (/opt/visual-studio-code/resources/app/out/vs/workbench/api/node/extensionHostProcess.js:82:730)
    at o.fire (/opt/visual-studio-code/resources/app/out/vs/workbench/api/node/extensionHostProcess.js:82:946)
    at Object.p [as dispose] (/opt/visual-studio-code/resources/app/extensions/git/dist/main.js:2:964222)
    at /opt/visual-studio-code/resources/app/extensions/git/dist/main.js:2:970260
    at Array.forEach (<anonymous>)
    at f.dispose (/opt/visual-studio-code/resources/app/extensions/git/dist/main.js:2:970246)
    at h.<anonymous> (/opt/visual-studio-code/resources/app/out/vs/workbench/api/node/extensionHostProcess.js:151:3955)
    at h.dispose (/opt/visual-studio-code/resources/app/out/vs/workbench/api/node/extensionHostProcess.js:151:4052)
    at h.<anonymous> (/opt/visual-studio-code/resources/app/extensions/git/dist/main.js:2:947395)
    at h.dispose (/opt/visual-studio-code/resources/app/out/vs/workbench/api/node/extensionHostProcess.js:151:4052)
    at a (/opt/visual-studio-code/resources/app/out/vs/workbench/api/node/extensionHostProcess.js:30:744)
    at f.eb (/opt/visual-studio-code/resources/app/out/vs/workbench/api/node/extensionHostProcess.js:159:9975)
    at /opt/visual-studio-code/resources/app/out/vs/workbench/api/node/extensionHostProcess.js:159:7824
    at Array.map (<anonymous>)
    at f.$ (/opt/visual-studio-code/resources/app/out/vs/workbench/api/node/extensionHostProcess.js:159:7811)
    at f.terminate (/opt/visual-studio-code/resources/app/out/vs/workbench/api/node/extensionHostProcess.js:159:8085)
    at a.terminate (/opt/visual-studio-code/resources/app/out/vs/workbench/api/node/extensionHostProcess.js:163:1513)
    at t (/opt/visual-studio-code/resources/app/out/vs/workbench/api/node/extensionHostProcess.js:176:9922)
    at MessagePortMain.<anonymous> (/opt/visual-studio-code/resources/app/out/vs/workbench/api/node/extensionHostProcess.js:176:6347)
    at MessagePortMain.emit (node:events:517:28)
    at Object.MessagePortMain._internalPort.emit (node:electron/js2c/utility_init:2:2285) setContext undefined
2024-05-26 12:47:49.220 [info] Extension host with pid 125751 exiting with code 0
