2024-05-26 11:47:42.153 [info] Log level: Info
2024-05-26 11:47:42.153 [info] Validating found git in: "git"
2024-05-26 11:47:42.153 [info] Using git "2.45.1" from "git"
2024-05-26 11:50:00.676 [info] Log level: Info
2024-05-26 11:50:00.676 [info] Validating found git in: "git"
2024-05-26 11:50:00.676 [info] Using git "2.45.1" from "git"
2024-05-26 11:50:00.676 [info] > git rev-parse --show-toplevel [2ms]
2024-05-26 11:50:00.676 [info] fatal: not a git repository (or any parent up to mount point /)
Stopping at filesystem boundary (GIT_DISCOVERY_ACROSS_FILESYSTEM not set).
2024-05-26 11:50:00.676 [info] > git rev-parse --show-toplevel [12ms]
2024-05-26 11:50:00.676 [info] fatal: not a git repository (or any parent up to mount point /)
Stopping at filesystem boundary (GIT_DISCOVERY_ACROSS_FILESYSTEM not set).
2024-05-26 11:50:00.682 [info] > git rev-parse --show-toplevel [4ms]
2024-05-26 11:50:00.682 [info] fatal: not a git repository (or any parent up to mount point /)
Stopping at filesystem boundary (GIT_DISCOVERY_ACROSS_FILESYSTEM not set).
2024-05-26 11:50:00.705 [info] > git rev-parse --show-toplevel [5ms]
2024-05-26 11:50:00.705 [info] fatal: not a git repository (or any parent up to mount point /)
Stopping at filesystem boundary (GIT_DISCOVERY_ACROSS_FILESYSTEM not set).
2024-05-26 11:50:00.718 [info] > git rev-parse --show-toplevel [3ms]
2024-05-26 11:50:00.718 [info] fatal: not a git repository (or any parent up to mount point /)
Stopping at filesystem boundary (GIT_DISCOVERY_ACROSS_FILESYSTEM not set).
2024-05-26 11:50:00.732 [info] > git rev-parse --show-toplevel [3ms]
2024-05-26 11:50:00.732 [info] fatal: not a git repository (or any parent up to mount point /)
Stopping at filesystem boundary (GIT_DISCOVERY_ACROSS_FILESYSTEM not set).
2024-05-26 11:50:00.757 [info] > git rev-parse --show-toplevel [12ms]
2024-05-26 11:50:00.757 [info] fatal: not a git repository (or any parent up to mount point /)
Stopping at filesystem boundary (GIT_DISCOVERY_ACROSS_FILESYSTEM not set).
2024-05-26 11:50:00.774 [info] > git rev-parse --show-toplevel [7ms]
2024-05-26 11:50:00.774 [info] fatal: not a git repository (or any parent up to mount point /)
Stopping at filesystem boundary (GIT_DISCOVERY_ACROSS_FILESYSTEM not set).
2024-05-26 11:50:00.785 [info] > git rev-parse --show-toplevel [2ms]
2024-05-26 11:50:00.785 [info] fatal: not a git repository (or any parent up to mount point /)
Stopping at filesystem boundary (GIT_DISCOVERY_ACROSS_FILESYSTEM not set).
2024-05-26 11:50:00.800 [info] > git rev-parse --show-toplevel [4ms]
2024-05-26 11:50:00.800 [info] fatal: not a git repository (or any parent up to mount point /)
Stopping at filesystem boundary (GIT_DISCOVERY_ACROSS_FILESYSTEM not set).
2024-05-26 11:50:00.812 [info] > git rev-parse --show-toplevel [4ms]
2024-05-26 11:50:00.812 [info] fatal: not a git repository (or any parent up to mount point /)
Stopping at filesystem boundary (GIT_DISCOVERY_ACROSS_FILESYSTEM not set).
2024-05-26 11:50:00.829 [info] > git rev-parse --show-toplevel [9ms]
2024-05-26 11:50:00.829 [info] fatal: not a git repository (or any parent up to mount point /)
Stopping at filesystem boundary (GIT_DISCOVERY_ACROSS_FILESYSTEM not set).
2024-05-26 11:50:00.839 [info] > git rev-parse --show-toplevel [3ms]
2024-05-26 11:50:00.839 [info] fatal: not a git repository (or any parent up to mount point /)
Stopping at filesystem boundary (GIT_DISCOVERY_ACROSS_FILESYSTEM not set).
2024-05-26 11:50:00.851 [info] > git rev-parse --show-toplevel [4ms]
2024-05-26 11:50:00.851 [info] fatal: not a git repository (or any parent up to mount point /)
Stopping at filesystem boundary (GIT_DISCOVERY_ACROSS_FILESYSTEM not set).
2024-05-26 11:50:00.861 [info] > git rev-parse --show-toplevel [2ms]
2024-05-26 11:50:00.861 [info] fatal: not a git repository (or any parent up to mount point /)
Stopping at filesystem boundary (GIT_DISCOVERY_ACROSS_FILESYSTEM not set).
2024-05-26 11:50:00.874 [info] > git rev-parse --show-toplevel [1ms]
2024-05-26 11:50:00.874 [info] fatal: not a git repository (or any parent up to mount point /)
Stopping at filesystem boundary (GIT_DISCOVERY_ACROSS_FILESYSTEM not set).
2024-05-26 11:50:00.883 [info] > git rev-parse --show-toplevel [2ms]
2024-05-26 11:50:00.883 [info] fatal: not a git repository (or any parent up to mount point /)
Stopping at filesystem boundary (GIT_DISCOVERY_ACROSS_FILESYSTEM not set).
2024-05-26 11:50:00.895 [info] > git rev-parse --show-toplevel [5ms]
2024-05-26 11:50:00.895 [info] fatal: not a git repository (or any parent up to mount point /)
Stopping at filesystem boundary (GIT_DISCOVERY_ACROSS_FILESYSTEM not set).
2024-05-26 11:50:00.902 [info] > git rev-parse --show-toplevel [2ms]
2024-05-26 11:50:00.902 [info] fatal: not a git repository (or any parent up to mount point /)
Stopping at filesystem boundary (GIT_DISCOVERY_ACROSS_FILESYSTEM not set).
2024-05-26 11:50:00.909 [info] > git rev-parse --show-toplevel [1ms]
2024-05-26 11:50:00.909 [info] fatal: not a git repository (or any parent up to mount point /)
Stopping at filesystem boundary (GIT_DISCOVERY_ACROSS_FILESYSTEM not set).
2024-05-26 11:50:01.180 [info] > git rev-parse --show-toplevel [98ms]
2024-05-26 11:50:01.180 [info] fatal: not a git repository (or any parent up to mount point /)
Stopping at filesystem boundary (GIT_DISCOVERY_ACROSS_FILESYSTEM not set).
2024-05-26 11:50:01.226 [info] > git rev-parse --show-toplevel [7ms]
2024-05-26 11:50:01.226 [info] fatal: not a git repository (or any parent up to mount point /)
Stopping at filesystem boundary (GIT_DISCOVERY_ACROSS_FILESYSTEM not set).
2024-05-26 11:50:01.238 [info] > git rev-parse --show-toplevel [1ms]
2024-05-26 11:50:01.238 [info] fatal: not a git repository (or any parent up to mount point /)
Stopping at filesystem boundary (GIT_DISCOVERY_ACROSS_FILESYSTEM not set).
2024-05-26 11:50:01.258 [info] > git rev-parse --show-toplevel [12ms]
2024-05-26 11:50:01.258 [info] fatal: not a git repository (or any parent up to mount point /)
Stopping at filesystem boundary (GIT_DISCOVERY_ACROSS_FILESYSTEM not set).
2024-05-26 11:50:01.266 [info] > git rev-parse --show-toplevel [0ms]
2024-05-26 11:50:01.266 [info] fatal: not a git repository (or any parent up to mount point /)
Stopping at filesystem boundary (GIT_DISCOVERY_ACROSS_FILESYSTEM not set).
2024-05-26 11:50:01.273 [info] > git rev-parse --show-toplevel [0ms]
2024-05-26 11:50:01.273 [info] fatal: not a git repository (or any parent up to mount point /)
Stopping at filesystem boundary (GIT_DISCOVERY_ACROSS_FILESYSTEM not set).
2024-05-26 11:50:01.283 [info] > git rev-parse --show-toplevel [2ms]
2024-05-26 11:50:01.283 [info] fatal: not a git repository (or any parent up to mount point /)
Stopping at filesystem boundary (GIT_DISCOVERY_ACROSS_FILESYSTEM not set).
2024-05-26 11:50:01.290 [info] > git rev-parse --show-toplevel [1ms]
2024-05-26 11:50:01.290 [info] fatal: not a git repository (or any parent up to mount point /)
Stopping at filesystem boundary (GIT_DISCOVERY_ACROSS_FILESYSTEM not set).
2024-05-26 11:50:01.299 [info] > git rev-parse --show-toplevel [2ms]
2024-05-26 11:50:01.299 [info] fatal: not a git repository (or any parent up to mount point /)
Stopping at filesystem boundary (GIT_DISCOVERY_ACROSS_FILESYSTEM not set).
2024-05-26 11:50:01.306 [info] > git rev-parse --show-toplevel [1ms]
2024-05-26 11:50:01.306 [info] fatal: not a git repository (or any parent up to mount point /)
Stopping at filesystem boundary (GIT_DISCOVERY_ACROSS_FILESYSTEM not set).
2024-05-26 11:50:01.315 [info] > git rev-parse --show-toplevel [1ms]
2024-05-26 11:50:01.315 [info] fatal: not a git repository (or any parent up to mount point /)
Stopping at filesystem boundary (GIT_DISCOVERY_ACROSS_FILESYSTEM not set).
2024-05-26 11:50:01.333 [info] > git rev-parse --show-toplevel [3ms]
2024-05-26 11:50:01.334 [info] fatal: not a git repository (or any parent up to mount point /)
Stopping at filesystem boundary (GIT_DISCOVERY_ACROSS_FILESYSTEM not set).
2024-05-26 11:50:01.345 [info] > git rev-parse --show-toplevel [4ms]
2024-05-26 11:50:01.346 [info] fatal: not a git repository (or any parent up to mount point /)
Stopping at filesystem boundary (GIT_DISCOVERY_ACROSS_FILESYSTEM not set).
2024-05-26 11:50:01.358 [info] > git rev-parse --show-toplevel [4ms]
2024-05-26 11:50:01.358 [info] fatal: not a git repository (or any parent up to mount point /)
Stopping at filesystem boundary (GIT_DISCOVERY_ACROSS_FILESYSTEM not set).
2024-05-26 11:50:01.365 [info] > git rev-parse --show-toplevel [2ms]
2024-05-26 11:50:01.365 [info] fatal: not a git repository (or any parent up to mount point /)
Stopping at filesystem boundary (GIT_DISCOVERY_ACROSS_FILESYSTEM not set).
2024-05-26 11:50:01.372 [info] > git rev-parse --show-toplevel [2ms]
2024-05-26 11:50:01.372 [info] fatal: not a git repository (or any parent up to mount point /)
Stopping at filesystem boundary (GIT_DISCOVERY_ACROSS_FILESYSTEM not set).
2024-05-26 11:50:01.380 [info] > git rev-parse --show-toplevel [2ms]
2024-05-26 11:50:01.380 [info] fatal: not a git repository (or any parent up to mount point /)
Stopping at filesystem boundary (GIT_DISCOVERY_ACROSS_FILESYSTEM not set).
2024-05-26 11:50:01.386 [info] > git rev-parse --show-toplevel [2ms]
2024-05-26 11:50:01.386 [info] fatal: not a git repository (or any parent up to mount point /)
Stopping at filesystem boundary (GIT_DISCOVERY_ACROSS_FILESYSTEM not set).
2024-05-26 11:50:01.394 [info] > git rev-parse --show-toplevel [1ms]
2024-05-26 11:50:01.394 [info] fatal: not a git repository (or any parent up to mount point /)
Stopping at filesystem boundary (GIT_DISCOVERY_ACROSS_FILESYSTEM not set).
2024-05-26 11:50:01.402 [info] > git rev-parse --show-toplevel [1ms]
2024-05-26 11:50:01.402 [info] fatal: not a git repository (or any parent up to mount point /)
Stopping at filesystem boundary (GIT_DISCOVERY_ACROSS_FILESYSTEM not set).
2024-05-26 11:50:01.408 [info] > git rev-parse --show-toplevel [2ms]
2024-05-26 11:50:01.408 [info] fatal: not a git repository (or any parent up to mount point /)
Stopping at filesystem boundary (GIT_DISCOVERY_ACROSS_FILESYSTEM not set).
2024-05-26 11:50:01.416 [info] > git rev-parse --show-toplevel [1ms]
2024-05-26 11:50:01.416 [info] fatal: not a git repository (or any parent up to mount point /)
Stopping at filesystem boundary (GIT_DISCOVERY_ACROSS_FILESYSTEM not set).
2024-05-26 11:50:01.422 [info] > git rev-parse --show-toplevel [2ms]
2024-05-26 11:50:01.422 [info] fatal: not a git repository (or any parent up to mount point /)
Stopping at filesystem boundary (GIT_DISCOVERY_ACROSS_FILESYSTEM not set).
2024-05-26 11:50:01.429 [info] > git rev-parse --show-toplevel [2ms]
2024-05-26 11:50:01.429 [info] fatal: not a git repository (or any parent up to mount point /)
Stopping at filesystem boundary (GIT_DISCOVERY_ACROSS_FILESYSTEM not set).
2024-05-26 11:50:01.437 [info] > git rev-parse --show-toplevel [1ms]
2024-05-26 11:50:01.437 [info] fatal: not a git repository (or any parent up to mount point /)
Stopping at filesystem boundary (GIT_DISCOVERY_ACROSS_FILESYSTEM not set).
2024-05-26 11:50:01.445 [info] > git rev-parse --show-toplevel [3ms]
2024-05-26 11:50:01.446 [info] fatal: not a git repository (or any parent up to mount point /)
Stopping at filesystem boundary (GIT_DISCOVERY_ACROSS_FILESYSTEM not set).
2024-05-26 11:50:01.453 [info] > git rev-parse --show-toplevel [1ms]
2024-05-26 11:50:01.453 [info] fatal: not a git repository (or any parent up to mount point /)
Stopping at filesystem boundary (GIT_DISCOVERY_ACROSS_FILESYSTEM not set).
2024-05-26 11:50:01.461 [info] > git rev-parse --show-toplevel [1ms]
2024-05-26 11:50:01.461 [info] fatal: not a git repository (or any parent up to mount point /)
Stopping at filesystem boundary (GIT_DISCOVERY_ACROSS_FILESYSTEM not set).
2024-05-26 11:50:01.468 [info] > git rev-parse --show-toplevel [2ms]
2024-05-26 11:50:01.468 [info] fatal: not a git repository (or any parent up to mount point /)
Stopping at filesystem boundary (GIT_DISCOVERY_ACROSS_FILESYSTEM not set).
2024-05-26 11:50:01.477 [info] > git rev-parse --show-toplevel [3ms]
2024-05-26 11:50:01.477 [info] fatal: not a git repository (or any parent up to mount point /)
Stopping at filesystem boundary (GIT_DISCOVERY_ACROSS_FILESYSTEM not set).
2024-05-26 11:50:01.484 [info] > git rev-parse --show-toplevel [1ms]
2024-05-26 11:50:01.484 [info] fatal: not a git repository (or any parent up to mount point /)
Stopping at filesystem boundary (GIT_DISCOVERY_ACROSS_FILESYSTEM not set).
2024-05-26 11:50:01.491 [info] > git rev-parse --show-toplevel [2ms]
2024-05-26 11:50:01.491 [info] fatal: not a git repository (or any parent up to mount point /)
Stopping at filesystem boundary (GIT_DISCOVERY_ACROSS_FILESYSTEM not set).
2024-05-26 11:50:01.503 [info] > git rev-parse --show-toplevel [3ms]
2024-05-26 11:50:01.503 [info] fatal: not a git repository (or any parent up to mount point /)
Stopping at filesystem boundary (GIT_DISCOVERY_ACROSS_FILESYSTEM not set).
2024-05-26 11:50:01.509 [info] > git rev-parse --show-toplevel [2ms]
2024-05-26 11:50:01.509 [info] fatal: not a git repository (or any parent up to mount point /)
Stopping at filesystem boundary (GIT_DISCOVERY_ACROSS_FILESYSTEM not set).
2024-05-26 11:50:16.953 [info] > git rev-parse --show-toplevel [1ms]
2024-05-26 11:50:16.959 [info] > git rev-parse --git-dir --git-common-dir [2ms]
2024-05-26 11:50:16.973 [info] Open repository: /home/prasant/.config
2024-05-26 11:50:16.986 [info] No remotes found in the git config file.
2024-05-26 11:50:16.987 [info] > git config --get commit.template [6ms]
2024-05-26 11:50:16.988 [info] > git for-each-ref --format=%(refname)%00%(upstream:short)%00%(objectname)%00%(upstream:track)%00%(upstream:remotename)%00%(upstream:remoteref) refs/heads/master refs/remotes/master [2ms]
2024-05-26 11:50:16.988 [warning] No such branch: master.
2024-05-26 11:50:17.035 [info] > git status -z -uall [43ms]
2024-05-26 11:50:17.689 [info] > git config --get commit.template [29ms]
2024-05-26 11:50:17.694 [info] > git check-ignore -v -z --stdin [7ms]
2024-05-26 11:50:17.722 [info] No remotes found in the git config file.
2024-05-26 11:50:17.734 [info] > git for-each-ref --format=%(refname)%00%(upstream:short)%00%(objectname)%00%(upstream:track)%00%(upstream:remotename)%00%(upstream:remoteref) refs/heads/master refs/remotes/master [11ms]
2024-05-26 11:50:17.734 [warning] No such branch: master.
2024-05-26 11:50:17.787 [info] > git status -z -uall [43ms]
2024-05-26 11:50:19.888 [info] No remotes found in the git config file.
2024-05-26 11:50:19.888 [info] > git config --get commit.template [4ms]
2024-05-26 11:50:19.889 [info] > git for-each-ref --format=%(refname)%00%(upstream:short)%00%(objectname)%00%(upstream:track)%00%(upstream:remotename)%00%(upstream:remoteref) refs/heads/master refs/remotes/master [1ms]
2024-05-26 11:50:19.889 [warning] No such branch: master.
2024-05-26 11:50:19.921 [info] > git status -z -uall [28ms]
2024-05-26 11:50:24.979 [info] No remotes found in the git config file.
2024-05-26 11:50:24.980 [info] > git config --get commit.template [6ms]
2024-05-26 11:50:24.981 [info] > git for-each-ref --format=%(refname)%00%(upstream:short)%00%(objectname)%00%(upstream:track)%00%(upstream:remotename)%00%(upstream:remoteref) refs/heads/master refs/remotes/master [2ms]
2024-05-26 11:50:24.981 [warning] No such branch: master.
2024-05-26 11:50:25.012 [info] > git status -z -uall [28ms]
2024-05-26 11:50:30.066 [info] No remotes found in the git config file.
2024-05-26 11:50:30.066 [info] > git config --get commit.template [5ms]
2024-05-26 11:50:30.067 [info] > git for-each-ref --format=%(refname)%00%(upstream:short)%00%(objectname)%00%(upstream:track)%00%(upstream:remotename)%00%(upstream:remoteref) refs/heads/master refs/remotes/master [2ms]
2024-05-26 11:50:30.067 [warning] No such branch: master.
2024-05-26 11:50:30.099 [info] > git status -z -uall [29ms]
2024-05-26 11:50:35.155 [info] No remotes found in the git config file.
2024-05-26 11:50:35.156 [info] > git config --get commit.template [5ms]
2024-05-26 11:50:35.157 [info] > git for-each-ref --format=%(refname)%00%(upstream:short)%00%(objectname)%00%(upstream:track)%00%(upstream:remotename)%00%(upstream:remoteref) refs/heads/master refs/remotes/master [2ms]
2024-05-26 11:50:35.157 [warning] No such branch: master.
2024-05-26 11:50:35.187 [info] > git status -z -uall [26ms]
2024-05-26 11:50:40.249 [info] No remotes found in the git config file.
2024-05-26 11:50:40.249 [info] > git config --get commit.template [4ms]
2024-05-26 11:50:40.250 [info] > git for-each-ref --format=%(refname)%00%(upstream:short)%00%(objectname)%00%(upstream:track)%00%(upstream:remotename)%00%(upstream:remoteref) refs/heads/master refs/remotes/master [2ms]
2024-05-26 11:50:40.250 [warning] No such branch: master.
2024-05-26 11:50:40.282 [info] > git status -z -uall [28ms]
2024-05-26 11:50:45.367 [info] No remotes found in the git config file.
2024-05-26 11:50:45.367 [info] > git config --get commit.template [5ms]
2024-05-26 11:50:45.368 [info] > git for-each-ref --format=%(refname)%00%(upstream:short)%00%(objectname)%00%(upstream:track)%00%(upstream:remotename)%00%(upstream:remoteref) refs/heads/master refs/remotes/master [1ms]
2024-05-26 11:50:45.368 [warning] No such branch: master.
2024-05-26 11:50:45.400 [info] > git status -z -uall [28ms]
2024-05-26 11:51:07.850 [info] No remotes found in the git config file.
2024-05-26 11:51:07.851 [info] > git config --get commit.template [7ms]
2024-05-26 11:51:07.851 [info] > git for-each-ref --format=%(refname)%00%(upstream:short)%00%(objectname)%00%(upstream:track)%00%(upstream:remotename)%00%(upstream:remoteref) refs/heads/master refs/remotes/master [1ms]
2024-05-26 11:51:07.852 [warning] No such branch: master.
2024-05-26 11:51:07.891 [info] > git status -z -uall [35ms]
2024-05-26 11:51:12.973 [info] No remotes found in the git config file.
2024-05-26 11:51:12.974 [info] > git config --get commit.template [6ms]
2024-05-26 11:51:12.974 [info] > git for-each-ref --format=%(refname)%00%(upstream:short)%00%(objectname)%00%(upstream:track)%00%(upstream:remotename)%00%(upstream:remoteref) refs/heads/master refs/remotes/master [1ms]
2024-05-26 11:51:12.975 [warning] No such branch: master.
2024-05-26 11:51:13.005 [info] > git status -z -uall [27ms]
2024-05-26 11:51:18.077 [info] No remotes found in the git config file.
2024-05-26 11:51:18.078 [info] > git config --get commit.template [6ms]
2024-05-26 11:51:18.079 [info] > git for-each-ref --format=%(refname)%00%(upstream:short)%00%(objectname)%00%(upstream:track)%00%(upstream:remotename)%00%(upstream:remoteref) refs/heads/master refs/remotes/master [2ms]
2024-05-26 11:51:18.079 [warning] No such branch: master.
2024-05-26 11:51:18.110 [info] > git status -z -uall [28ms]
2024-05-26 11:51:23.166 [info] No remotes found in the git config file.
2024-05-26 11:51:23.167 [info] > git config --get commit.template [6ms]
2024-05-26 11:51:23.167 [info] > git for-each-ref --format=%(refname)%00%(upstream:short)%00%(objectname)%00%(upstream:track)%00%(upstream:remotename)%00%(upstream:remoteref) refs/heads/master refs/remotes/master [1ms]
2024-05-26 11:51:23.167 [warning] No such branch: master.
2024-05-26 11:51:23.198 [info] > git status -z -uall [27ms]
2024-05-26 11:51:28.260 [info] No remotes found in the git config file.
2024-05-26 11:51:28.260 [info] > git config --get commit.template [5ms]
2024-05-26 11:51:28.261 [info] > git for-each-ref --format=%(refname)%00%(upstream:short)%00%(objectname)%00%(upstream:track)%00%(upstream:remotename)%00%(upstream:remoteref) refs/heads/master refs/remotes/master [1ms]
2024-05-26 11:51:28.261 [warning] No such branch: master.
2024-05-26 11:51:28.293 [info] > git status -z -uall [28ms]
2024-05-26 11:51:33.346 [info] No remotes found in the git config file.
2024-05-26 11:51:33.347 [info] > git config --get commit.template [5ms]
2024-05-26 11:51:33.347 [info] > git for-each-ref --format=%(refname)%00%(upstream:short)%00%(objectname)%00%(upstream:track)%00%(upstream:remotename)%00%(upstream:remoteref) refs/heads/master refs/remotes/master [1ms]
2024-05-26 11:51:33.348 [warning] No such branch: master.
2024-05-26 11:51:33.387 [info] > git status -z -uall [36ms]
2024-05-26 11:51:38.447 [info] No remotes found in the git config file.
2024-05-26 11:51:38.447 [info] > git config --get commit.template [4ms]
2024-05-26 11:51:38.448 [info] > git for-each-ref --format=%(refname)%00%(upstream:short)%00%(objectname)%00%(upstream:track)%00%(upstream:remotename)%00%(upstream:remoteref) refs/heads/master refs/remotes/master [1ms]
2024-05-26 11:51:38.448 [warning] No such branch: master.
2024-05-26 11:51:38.487 [info] > git status -z -uall [35ms]
2024-05-26 11:51:41.152 [info] > git check-ignore -v -z --stdin [1ms]
2024-05-26 11:51:43.565 [info] No remotes found in the git config file.
2024-05-26 11:51:43.565 [info] > git config --get commit.template [6ms]
2024-05-26 11:51:43.566 [info] > git for-each-ref --format=%(refname)%00%(upstream:short)%00%(objectname)%00%(upstream:track)%00%(upstream:remotename)%00%(upstream:remoteref) refs/heads/master refs/remotes/master [2ms]
2024-05-26 11:51:43.566 [warning] No such branch: master.
2024-05-26 11:51:43.611 [info] > git status -z -uall [39ms]
2024-05-26 11:51:48.683 [info] No remotes found in the git config file.
2024-05-26 11:51:48.683 [info] > git config --get commit.template [4ms]
2024-05-26 11:51:48.684 [info] > git for-each-ref --format=%(refname)%00%(upstream:short)%00%(objectname)%00%(upstream:track)%00%(upstream:remotename)%00%(upstream:remoteref) refs/heads/master refs/remotes/master [1ms]
2024-05-26 11:51:48.684 [warning] No such branch: master.
2024-05-26 11:51:48.715 [info] > git status -z -uall [27ms]
2024-05-26 11:51:53.769 [info] No remotes found in the git config file.
2024-05-26 11:51:53.770 [info] > git config --get commit.template [5ms]
2024-05-26 11:51:53.771 [info] > git for-each-ref --format=%(refname)%00%(upstream:short)%00%(objectname)%00%(upstream:track)%00%(upstream:remotename)%00%(upstream:remoteref) refs/heads/master refs/remotes/master [2ms]
2024-05-26 11:51:53.771 [warning] No such branch: master.
2024-05-26 11:51:53.801 [info] > git status -z -uall [26ms]
2024-05-26 11:51:58.868 [info] No remotes found in the git config file.
2024-05-26 11:51:58.869 [info] > git config --get commit.template [5ms]
2024-05-26 11:51:58.870 [info] > git for-each-ref --format=%(refname)%00%(upstream:short)%00%(objectname)%00%(upstream:track)%00%(upstream:remotename)%00%(upstream:remoteref) refs/heads/master refs/remotes/master [2ms]
2024-05-26 11:51:58.870 [warning] No such branch: master.
2024-05-26 11:51:58.904 [info] > git status -z -uall [30ms]
2024-05-26 11:52:03.962 [info] No remotes found in the git config file.
2024-05-26 11:52:03.963 [info] > git config --get commit.template [5ms]
2024-05-26 11:52:03.964 [info] > git for-each-ref --format=%(refname)%00%(upstream:short)%00%(objectname)%00%(upstream:track)%00%(upstream:remotename)%00%(upstream:remoteref) refs/heads/master refs/remotes/master [2ms]
2024-05-26 11:52:03.964 [warning] No such branch: master.
2024-05-26 11:52:03.994 [info] > git status -z -uall [27ms]
2024-05-26 11:52:09.047 [info] No remotes found in the git config file.
2024-05-26 11:52:09.048 [info] > git config --get commit.template [5ms]
2024-05-26 11:52:09.049 [info] > git for-each-ref --format=%(refname)%00%(upstream:short)%00%(objectname)%00%(upstream:track)%00%(upstream:remotename)%00%(upstream:remoteref) refs/heads/master refs/remotes/master [2ms]
2024-05-26 11:52:09.049 [warning] No such branch: master.
2024-05-26 11:52:09.089 [info] > git status -z -uall [36ms]
2024-05-26 11:52:14.149 [info] No remotes found in the git config file.
2024-05-26 11:52:14.149 [info] > git config --get commit.template [5ms]
2024-05-26 11:52:14.150 [info] > git for-each-ref --format=%(refname)%00%(upstream:short)%00%(objectname)%00%(upstream:track)%00%(upstream:remotename)%00%(upstream:remoteref) refs/heads/master refs/remotes/master [1ms]
2024-05-26 11:52:14.150 [warning] No such branch: master.
2024-05-26 11:52:14.189 [info] > git status -z -uall [35ms]
2024-05-26 11:52:19.245 [info] No remotes found in the git config file.
2024-05-26 11:52:19.249 [info] > git config --get commit.template [5ms]
2024-05-26 11:52:19.250 [info] > git for-each-ref --format=%(refname)%00%(upstream:short)%00%(objectname)%00%(upstream:track)%00%(upstream:remotename)%00%(upstream:remoteref) refs/heads/master refs/remotes/master [2ms]
2024-05-26 11:52:19.250 [warning] No such branch: master.
2024-05-26 11:52:19.289 [info] > git status -z -uall [35ms]
2024-05-26 11:52:24.348 [info] No remotes found in the git config file.
2024-05-26 11:52:24.349 [info] > git config --get commit.template [5ms]
2024-05-26 11:52:24.350 [info] > git for-each-ref --format=%(refname)%00%(upstream:short)%00%(objectname)%00%(upstream:track)%00%(upstream:remotename)%00%(upstream:remoteref) refs/heads/master refs/remotes/master [2ms]
2024-05-26 11:52:24.350 [warning] No such branch: master.
2024-05-26 11:52:24.392 [info] > git status -z -uall [38ms]
2024-05-26 11:52:29.445 [info] No remotes found in the git config file.
2024-05-26 11:52:29.445 [info] > git config --get commit.template [4ms]
2024-05-26 11:52:29.446 [info] > git for-each-ref --format=%(refname)%00%(upstream:short)%00%(objectname)%00%(upstream:track)%00%(upstream:remotename)%00%(upstream:remoteref) refs/heads/master refs/remotes/master [1ms]
2024-05-26 11:52:29.446 [warning] No such branch: master.
2024-05-26 11:52:29.484 [info] > git status -z -uall [35ms]
2024-05-26 11:52:34.543 [info] No remotes found in the git config file.
2024-05-26 11:52:34.544 [info] > git config --get commit.template [5ms]
2024-05-26 11:52:34.544 [info] > git for-each-ref --format=%(refname)%00%(upstream:short)%00%(objectname)%00%(upstream:track)%00%(upstream:remotename)%00%(upstream:remoteref) refs/heads/master refs/remotes/master [1ms]
2024-05-26 11:52:34.544 [warning] No such branch: master.
2024-05-26 11:52:34.582 [info] > git status -z -uall [34ms]
2024-05-26 11:52:39.649 [info] No remotes found in the git config file.
2024-05-26 11:52:39.650 [info] > git config --get commit.template [4ms]
2024-05-26 11:52:39.650 [info] > git for-each-ref --format=%(refname)%00%(upstream:short)%00%(objectname)%00%(upstream:track)%00%(upstream:remotename)%00%(upstream:remoteref) refs/heads/master refs/remotes/master [1ms]
2024-05-26 11:52:39.650 [warning] No such branch: master.
2024-05-26 11:52:39.689 [info] > git status -z -uall [35ms]
2024-05-26 11:52:44.743 [warning] ENOENT: no such file or directory, open '/home/prasant/.config/.git/HEAD'
2024-05-26 11:52:44.747 [warning] getRemotes() - ENOENT: no such file or directory, open '/home/prasant/.config/.git/config'
2024-05-26 11:52:44.753 [info] > git remote --verbose [5ms]
2024-05-26 11:52:44.753 [info] fatal: not a git repository (or any parent up to mount point /)
Stopping at filesystem boundary (GIT_DISCOVERY_ACROSS_FILESYSTEM not set).
2024-05-26 11:52:44.756 [info] > git symbolic-ref --short HEAD [13ms]
2024-05-26 11:52:44.756 [info] fatal: not a git repository (or any parent up to mount point /)
Stopping at filesystem boundary (GIT_DISCOVERY_ACROSS_FILESYSTEM not set).
2024-05-26 11:52:44.768 [warning] ENOENT: no such file or directory, open '/home/prasant/.config/.git/HEAD'
2024-05-26 11:52:44.774 [warning] getRemotes() - ENOENT: no such file or directory, open '/home/prasant/.config/.git/config'
2024-05-26 11:52:44.781 [info] > git rev-parse HEAD [19ms]
2024-05-26 11:52:44.781 [info] fatal: not a git repository (or any parent up to mount point /)
Stopping at filesystem boundary (GIT_DISCOVERY_ACROSS_FILESYSTEM not set).
2024-05-26 11:52:44.781 [info] > git config --get commit.template [30ms]
2024-05-26 11:52:44.782 [info] > git config --get commit.template [3ms]
2024-05-26 11:52:44.782 [info] > git remote --verbose [8ms]
2024-05-26 11:52:44.782 [info] fatal: not a git repository (or any parent up to mount point /)
Stopping at filesystem boundary (GIT_DISCOVERY_ACROSS_FILESYSTEM not set).
2024-05-26 11:52:44.783 [info] > git symbolic-ref --short HEAD [15ms]
2024-05-26 11:52:44.783 [info] fatal: not a git repository (or any parent up to mount point /)
Stopping at filesystem boundary (GIT_DISCOVERY_ACROSS_FILESYSTEM not set).
2024-05-26 11:52:44.790 [info] > git rev-parse HEAD [2ms]
2024-05-26 11:52:44.790 [info] fatal: not a git repository (or any parent up to mount point /)
Stopping at filesystem boundary (GIT_DISCOVERY_ACROSS_FILESYSTEM not set).
2024-05-26 11:52:50.521 [info] > git rev-parse --show-toplevel [3ms]
2024-05-26 11:52:50.528 [info] > git rev-parse --git-dir --git-common-dir [2ms]
2024-05-26 11:52:50.539 [info] Open repository: /home/prasant/.config
2024-05-26 11:52:50.550 [info] No remotes found in the git config file.
2024-05-26 11:52:50.551 [info] > git config --get commit.template [6ms]
2024-05-26 11:52:50.552 [info] > git for-each-ref --format=%(refname)%00%(upstream:short)%00%(objectname)%00%(upstream:track)%00%(upstream:remotename)%00%(upstream:remoteref) refs/heads/master refs/remotes/master [2ms]
2024-05-26 11:52:50.552 [warning] No such branch: master.
2024-05-26 11:52:50.593 [info] > git status -z -uall [36ms]
2024-05-26 11:52:51.184 [info] > git config --get commit.template [24ms]
2024-05-26 11:52:51.189 [info] > git check-ignore -v -z --stdin [7ms]
2024-05-26 11:52:51.196 [info] No remotes found in the git config file.
2024-05-26 11:52:51.201 [info] > git for-each-ref --format=%(refname)%00%(upstream:short)%00%(objectname)%00%(upstream:track)%00%(upstream:remotename)%00%(upstream:remoteref) refs/heads/master refs/remotes/master [6ms]
2024-05-26 11:52:51.201 [warning] No such branch: master.
2024-05-26 11:52:51.260 [info] > git status -z -uall [51ms]
2024-05-26 11:52:52.808 [info] No remotes found in the git config file.
2024-05-26 11:52:52.812 [info] > git config --get commit.template [5ms]
2024-05-26 11:52:52.813 [info] > git for-each-ref --format=%(refname)%00%(upstream:short)%00%(objectname)%00%(upstream:track)%00%(upstream:remotename)%00%(upstream:remoteref) refs/heads/master refs/remotes/master [2ms]
2024-05-26 11:52:52.813 [warning] No such branch: master.
2024-05-26 11:52:52.851 [info] > git status -z -uall [34ms]
2024-05-26 11:52:57.911 [info] No remotes found in the git config file.
2024-05-26 11:52:57.912 [info] > git config --get commit.template [5ms]
2024-05-26 11:52:57.913 [info] > git for-each-ref --format=%(refname)%00%(upstream:short)%00%(objectname)%00%(upstream:track)%00%(upstream:remotename)%00%(upstream:remoteref) refs/heads/master refs/remotes/master [1ms]
2024-05-26 11:52:57.913 [warning] No such branch: master.
2024-05-26 11:52:57.945 [info] > git status -z -uall [28ms]
2024-05-26 11:53:03.026 [info] No remotes found in the git config file.
2024-05-26 11:53:03.027 [info] > git config --get commit.template [6ms]
2024-05-26 11:53:03.027 [info] > git for-each-ref --format=%(refname)%00%(upstream:short)%00%(objectname)%00%(upstream:track)%00%(upstream:remotename)%00%(upstream:remoteref) refs/heads/master refs/remotes/master [1ms]
2024-05-26 11:53:03.028 [warning] No such branch: master.
2024-05-26 11:53:03.060 [info] > git status -z -uall [28ms]
2024-05-26 11:53:08.115 [info] No remotes found in the git config file.
2024-05-26 11:53:08.115 [info] > git config --get commit.template [5ms]
2024-05-26 11:53:08.116 [info] > git for-each-ref --format=%(refname)%00%(upstream:short)%00%(objectname)%00%(upstream:track)%00%(upstream:remotename)%00%(upstream:remoteref) refs/heads/master refs/remotes/master [2ms]
2024-05-26 11:53:08.116 [warning] No such branch: master.
2024-05-26 11:53:08.148 [info] > git status -z -uall [28ms]
2024-05-26 11:53:13.206 [info] No remotes found in the git config file.
2024-05-26 11:53:13.207 [info] > git config --get commit.template [5ms]
2024-05-26 11:53:13.208 [info] > git for-each-ref --format=%(refname)%00%(upstream:short)%00%(objectname)%00%(upstream:track)%00%(upstream:remotename)%00%(upstream:remoteref) refs/heads/master refs/remotes/master [2ms]
2024-05-26 11:53:13.208 [warning] No such branch: master.
2024-05-26 11:53:13.241 [info] > git status -z -uall [29ms]
2024-05-26 11:53:18.321 [info] No remotes found in the git config file.
2024-05-26 11:53:18.322 [info] > git config --get commit.template [6ms]
2024-05-26 11:53:18.322 [info] > git for-each-ref --format=%(refname)%00%(upstream:short)%00%(objectname)%00%(upstream:track)%00%(upstream:remotename)%00%(upstream:remoteref) refs/heads/master refs/remotes/master [1ms]
2024-05-26 11:53:18.322 [warning] No such branch: master.
2024-05-26 11:53:18.355 [info] > git status -z -uall [29ms]
2024-05-26 11:53:23.436 [info] No remotes found in the git config file.
2024-05-26 11:53:23.437 [info] > git config --get commit.template [6ms]
2024-05-26 11:53:23.438 [info] > git for-each-ref --format=%(refname)%00%(upstream:short)%00%(objectname)%00%(upstream:track)%00%(upstream:remotename)%00%(upstream:remoteref) refs/heads/master refs/remotes/master [2ms]
2024-05-26 11:53:23.438 [warning] No such branch: master.
2024-05-26 11:53:23.470 [info] > git status -z -uall [28ms]
2024-05-26 11:53:28.536 [info] No remotes found in the git config file.
2024-05-26 11:53:28.536 [info] > git config --get commit.template [5ms]
2024-05-26 11:53:28.537 [info] > git for-each-ref --format=%(refname)%00%(upstream:short)%00%(objectname)%00%(upstream:track)%00%(upstream:remotename)%00%(upstream:remoteref) refs/heads/master refs/remotes/master [2ms]
2024-05-26 11:53:28.537 [warning] No such branch: master.
2024-05-26 11:53:28.575 [info] > git status -z -uall [35ms]
2024-05-26 11:53:33.629 [info] No remotes found in the git config file.
2024-05-26 11:53:33.630 [info] > git config --get commit.template [5ms]
2024-05-26 11:53:33.631 [info] > git for-each-ref --format=%(refname)%00%(upstream:short)%00%(objectname)%00%(upstream:track)%00%(upstream:remotename)%00%(upstream:remoteref) refs/heads/master refs/remotes/master [2ms]
2024-05-26 11:53:33.631 [warning] No such branch: master.
2024-05-26 11:53:33.669 [info] > git status -z -uall [34ms]
2024-05-26 11:53:38.721 [info] No remotes found in the git config file.
2024-05-26 11:53:38.722 [info] > git config --get commit.template [5ms]
2024-05-26 11:53:38.723 [info] > git for-each-ref --format=%(refname)%00%(upstream:short)%00%(objectname)%00%(upstream:track)%00%(upstream:remotename)%00%(upstream:remoteref) refs/heads/master refs/remotes/master [1ms]
2024-05-26 11:53:38.723 [warning] No such branch: master.
2024-05-26 11:53:38.759 [info] > git status -z -uall [33ms]
2024-05-26 11:53:43.816 [info] No remotes found in the git config file.
2024-05-26 11:53:43.817 [info] > git config --get commit.template [5ms]
2024-05-26 11:53:43.818 [info] > git for-each-ref --format=%(refname)%00%(upstream:short)%00%(objectname)%00%(upstream:track)%00%(upstream:remotename)%00%(upstream:remoteref) refs/heads/master refs/remotes/master [2ms]
2024-05-26 11:53:43.818 [warning] No such branch: master.
2024-05-26 11:53:43.862 [info] > git status -z -uall [41ms]
2024-05-26 11:53:48.928 [info] No remotes found in the git config file.
2024-05-26 11:53:48.929 [info] > git config --get commit.template [5ms]
2024-05-26 11:53:48.930 [info] > git for-each-ref --format=%(refname)%00%(upstream:short)%00%(objectname)%00%(upstream:track)%00%(upstream:remotename)%00%(upstream:remoteref) refs/heads/master refs/remotes/master [2ms]
2024-05-26 11:53:48.930 [warning] No such branch: master.
2024-05-26 11:53:48.967 [info] > git status -z -uall [33ms]
2024-05-26 11:53:54.020 [info] No remotes found in the git config file.
2024-05-26 11:53:54.021 [info] > git config --get commit.template [5ms]
2024-05-26 11:53:54.021 [info] > git for-each-ref --format=%(refname)%00%(upstream:short)%00%(objectname)%00%(upstream:track)%00%(upstream:remotename)%00%(upstream:remoteref) refs/heads/master refs/remotes/master [1ms]
2024-05-26 11:53:54.021 [warning] No such branch: master.
2024-05-26 11:53:54.063 [info] > git status -z -uall [38ms]
2024-05-26 11:53:54.638 [info] > git check-ignore -v -z --stdin [462ms]
2024-05-26 11:58:41.585 [info] No remotes found in the git config file.
2024-05-26 11:58:41.586 [info] > git config --get commit.template [7ms]
2024-05-26 11:58:41.587 [info] > git for-each-ref --format=%(refname)%00%(upstream:short)%00%(objectname)%00%(upstream:track)%00%(upstream:remotename)%00%(upstream:remoteref) refs/heads/master refs/remotes/master [2ms]
2024-05-26 11:58:41.587 [warning] No such branch: master.
2024-05-26 11:58:41.636 [info] > git status -z -uall [45ms]
2024-05-26 11:58:46.723 [info] No remotes found in the git config file.
2024-05-26 11:58:46.724 [info] > git config --get commit.template [4ms]
2024-05-26 11:58:46.724 [info] > git for-each-ref --format=%(refname)%00%(upstream:short)%00%(objectname)%00%(upstream:track)%00%(upstream:remotename)%00%(upstream:remoteref) refs/heads/master refs/remotes/master [1ms]
2024-05-26 11:58:46.724 [warning] No such branch: master.
2024-05-26 11:58:46.758 [info] > git status -z -uall [30ms]
2024-05-26 11:58:50.825 [info] > git check-ignore -v -z --stdin [2ms]
2024-05-26 11:58:51.818 [info] No remotes found in the git config file.
2024-05-26 11:58:51.819 [info] > git config --get commit.template [6ms]
2024-05-26 11:58:51.820 [info] > git for-each-ref --format=%(refname)%00%(upstream:short)%00%(objectname)%00%(upstream:track)%00%(upstream:remotename)%00%(upstream:remoteref) refs/heads/master refs/remotes/master [2ms]
2024-05-26 11:58:51.820 [warning] No such branch: master.
2024-05-26 11:58:51.856 [info] > git status -z -uall [33ms]
2024-05-26 11:58:56.917 [info] No remotes found in the git config file.
2024-05-26 11:58:56.917 [info] > git config --get commit.template [5ms]
2024-05-26 11:58:56.918 [info] > git for-each-ref --format=%(refname)%00%(upstream:short)%00%(objectname)%00%(upstream:track)%00%(upstream:remotename)%00%(upstream:remoteref) refs/heads/master refs/remotes/master [1ms]
2024-05-26 11:58:56.918 [warning] No such branch: master.
2024-05-26 11:58:56.951 [info] > git status -z -uall [29ms]
2024-05-26 11:59:02.004 [info] No remotes found in the git config file.
2024-05-26 11:59:02.005 [info] > git config --get commit.template [5ms]
2024-05-26 11:59:02.005 [info] > git for-each-ref --format=%(refname)%00%(upstream:short)%00%(objectname)%00%(upstream:track)%00%(upstream:remotename)%00%(upstream:remoteref) refs/heads/master refs/remotes/master [1ms]
2024-05-26 11:59:02.005 [warning] No such branch: master.
2024-05-26 11:59:02.040 [info] > git status -z -uall [31ms]
2024-05-26 11:59:07.095 [info] No remotes found in the git config file.
2024-05-26 11:59:07.099 [info] > git config --get commit.template [5ms]
2024-05-26 11:59:07.100 [info] > git for-each-ref --format=%(refname)%00%(upstream:short)%00%(objectname)%00%(upstream:track)%00%(upstream:remotename)%00%(upstream:remoteref) refs/heads/master refs/remotes/master [2ms]
2024-05-26 11:59:07.100 [warning] No such branch: master.
2024-05-26 11:59:07.135 [info] > git status -z -uall [31ms]
2024-05-26 11:59:12.193 [info] No remotes found in the git config file.
2024-05-26 11:59:12.194 [info] > git config --get commit.template [5ms]
2024-05-26 11:59:12.195 [info] > git for-each-ref --format=%(refname)%00%(upstream:short)%00%(objectname)%00%(upstream:track)%00%(upstream:remotename)%00%(upstream:remoteref) refs/heads/master refs/remotes/master [2ms]
2024-05-26 11:59:12.195 [warning] No such branch: master.
2024-05-26 11:59:12.227 [info] > git status -z -uall [28ms]
2024-05-26 11:59:17.282 [warning] ENOENT: no such file or directory, open '/home/prasant/.config/.git/HEAD'
2024-05-26 11:59:17.289 [info] > git symbolic-ref --short HEAD [6ms]
2024-05-26 11:59:17.289 [info] fatal: not a git repository (or any parent up to mount point /)
Stopping at filesystem boundary (GIT_DISCOVERY_ACROSS_FILESYSTEM not set).
2024-05-26 11:59:17.294 [info] > git config --get commit.template [6ms]
2024-05-26 11:59:17.294 [info] No remotes found in the git config file.
2024-05-26 11:59:17.294 [info] > git rev-parse HEAD [1ms]
2024-05-26 11:59:17.294 [info] fatal: not a git repository (or any parent up to mount point /)
Stopping at filesystem boundary (GIT_DISCOVERY_ACROSS_FILESYSTEM not set).
2024-05-26 11:59:17.301 [info] > git status -z -uall [2ms]
2024-05-26 11:59:17.310 [warning] ENOENT: no such file or directory, open '/home/prasant/.config/.git/HEAD'
2024-05-26 11:59:17.316 [info] > git symbolic-ref --short HEAD [6ms]
2024-05-26 11:59:17.316 [info] fatal: not a git repository (or any parent up to mount point /)
Stopping at filesystem boundary (GIT_DISCOVERY_ACROSS_FILESYSTEM not set).
2024-05-26 11:59:17.323 [info] > git config --get commit.template [8ms]
2024-05-26 11:59:17.323 [info] No remotes found in the git config file.
2024-05-26 11:59:17.324 [info] > git rev-parse HEAD [2ms]
2024-05-26 11:59:17.325 [info] fatal: not a git repository (or any parent up to mount point /)
Stopping at filesystem boundary (GIT_DISCOVERY_ACROSS_FILESYSTEM not set).
2024-05-26 11:59:17.333 [info] > git status -z -uall [2ms]
2024-05-26 11:59:18.089 [info] > git rev-parse --show-toplevel [1ms]
2024-05-26 11:59:18.089 [info] fatal: not a git repository (or any parent up to mount point /)
Stopping at filesystem boundary (GIT_DISCOVERY_ACROSS_FILESYSTEM not set).
2024-05-26 11:59:20.930 [info] > git rev-parse --show-toplevel [2ms]
2024-05-26 11:59:20.937 [info] > git rev-parse --git-dir --git-common-dir [2ms]
2024-05-26 11:59:20.947 [info] Open repository: /home/prasant/.config
2024-05-26 11:59:20.955 [info] > git config --get commit.template [2ms]
2024-05-26 11:59:20.956 [info] No remotes found in the git config file.
2024-05-26 11:59:20.963 [info] > git for-each-ref --format=%(refname)%00%(upstream:short)%00%(objectname)%00%(upstream:track)%00%(upstream:remotename)%00%(upstream:remoteref) refs/heads/master refs/remotes/master [2ms]
2024-05-26 11:59:20.963 [warning] No such branch: master.
2024-05-26 11:59:20.994 [info] > git status -z -uall [27ms]
2024-05-26 11:59:21.513 [info] > git config --get commit.template [17ms]
2024-05-26 11:59:21.515 [info] > git check-ignore -v -z --stdin [3ms]
2024-05-26 11:59:21.530 [info] No remotes found in the git config file.
2024-05-26 11:59:21.534 [info] > git for-each-ref --format=%(refname)%00%(upstream:short)%00%(objectname)%00%(upstream:track)%00%(upstream:remotename)%00%(upstream:remoteref) refs/heads/master refs/remotes/master [4ms]
2024-05-26 11:59:21.534 [warning] No such branch: master.
2024-05-26 11:59:21.600 [info] > git status -z -uall [58ms]
2024-05-26 11:59:23.166 [info] No remotes found in the git config file.
2024-05-26 11:59:23.166 [info] > git config --get commit.template [5ms]
2024-05-26 11:59:23.167 [info] > git for-each-ref --format=%(refname)%00%(upstream:short)%00%(objectname)%00%(upstream:track)%00%(upstream:remotename)%00%(upstream:remoteref) refs/heads/master refs/remotes/master [2ms]
2024-05-26 11:59:23.167 [warning] No such branch: master.
2024-05-26 11:59:23.199 [info] > git status -z -uall [28ms]
2024-05-26 11:59:28.255 [info] No remotes found in the git config file.
2024-05-26 11:59:28.256 [info] > git config --get commit.template [5ms]
2024-05-26 11:59:28.257 [info] > git for-each-ref --format=%(refname)%00%(upstream:short)%00%(objectname)%00%(upstream:track)%00%(upstream:remotename)%00%(upstream:remoteref) refs/heads/master refs/remotes/master [2ms]
2024-05-26 11:59:28.257 [warning] No such branch: master.
2024-05-26 11:59:28.289 [info] > git status -z -uall [28ms]
2024-05-26 11:59:33.359 [info] No remotes found in the git config file.
2024-05-26 11:59:33.360 [info] > git config --get commit.template [6ms]
2024-05-26 11:59:33.360 [info] > git for-each-ref --format=%(refname)%00%(upstream:short)%00%(objectname)%00%(upstream:track)%00%(upstream:remotename)%00%(upstream:remoteref) refs/heads/master refs/remotes/master [1ms]
2024-05-26 11:59:33.360 [warning] No such branch: master.
2024-05-26 11:59:33.392 [info] > git status -z -uall [28ms]
2024-05-26 11:59:38.448 [info] No remotes found in the git config file.
2024-05-26 11:59:38.449 [info] > git config --get commit.template [6ms]
2024-05-26 11:59:38.450 [info] > git for-each-ref --format=%(refname)%00%(upstream:short)%00%(objectname)%00%(upstream:track)%00%(upstream:remotename)%00%(upstream:remoteref) refs/heads/master refs/remotes/master [2ms]
2024-05-26 11:59:38.450 [warning] No such branch: master.
2024-05-26 11:59:38.491 [info] > git status -z -uall [37ms]
2024-05-26 11:59:43.546 [info] No remotes found in the git config file.
2024-05-26 11:59:43.547 [info] > git config --get commit.template [6ms]
2024-05-26 11:59:43.548 [info] > git for-each-ref --format=%(refname)%00%(upstream:short)%00%(objectname)%00%(upstream:track)%00%(upstream:remotename)%00%(upstream:remoteref) refs/heads/master refs/remotes/master [2ms]
2024-05-26 11:59:43.548 [warning] No such branch: master.
2024-05-26 11:59:43.580 [info] > git status -z -uall [28ms]
2024-05-26 11:59:48.661 [info] No remotes found in the git config file.
2024-05-26 11:59:48.661 [info] > git config --get commit.template [5ms]
2024-05-26 11:59:48.662 [info] > git for-each-ref --format=%(refname)%00%(upstream:short)%00%(objectname)%00%(upstream:track)%00%(upstream:remotename)%00%(upstream:remoteref) refs/heads/master refs/remotes/master [2ms]
2024-05-26 11:59:48.662 [warning] No such branch: master.
2024-05-26 11:59:48.694 [info] > git status -z -uall [27ms]
2024-05-26 11:59:53.769 [info] No remotes found in the git config file.
2024-05-26 11:59:53.770 [info] > git config --get commit.template [5ms]
2024-05-26 11:59:53.770 [info] > git for-each-ref --format=%(refname)%00%(upstream:short)%00%(objectname)%00%(upstream:track)%00%(upstream:remotename)%00%(upstream:remoteref) refs/heads/master refs/remotes/master [1ms]
2024-05-26 11:59:53.770 [warning] No such branch: master.
2024-05-26 11:59:53.802 [info] > git status -z -uall [28ms]
2024-05-26 11:59:58.855 [info] No remotes found in the git config file.
2024-05-26 11:59:58.856 [info] > git config --get commit.template [4ms]
2024-05-26 11:59:58.857 [info] > git for-each-ref --format=%(refname)%00%(upstream:short)%00%(objectname)%00%(upstream:track)%00%(upstream:remotename)%00%(upstream:remoteref) refs/heads/master refs/remotes/master [2ms]
2024-05-26 11:59:58.857 [warning] No such branch: master.
2024-05-26 11:59:58.893 [info] > git status -z -uall [33ms]
2024-05-26 12:00:03.950 [info] No remotes found in the git config file.
2024-05-26 12:00:03.951 [info] > git config --get commit.template [5ms]
2024-05-26 12:00:03.951 [info] > git for-each-ref --format=%(refname)%00%(upstream:short)%00%(objectname)%00%(upstream:track)%00%(upstream:remotename)%00%(upstream:remoteref) refs/heads/master refs/remotes/master [1ms]
2024-05-26 12:00:03.951 [warning] No such branch: master.
2024-05-26 12:00:03.988 [info] > git status -z -uall [33ms]
2024-05-26 12:00:09.051 [info] No remotes found in the git config file.
2024-05-26 12:00:09.052 [info] > git config --get commit.template [5ms]
2024-05-26 12:00:09.052 [info] > git for-each-ref --format=%(refname)%00%(upstream:short)%00%(objectname)%00%(upstream:track)%00%(upstream:remotename)%00%(upstream:remoteref) refs/heads/master refs/remotes/master [1ms]
2024-05-26 12:00:09.052 [warning] No such branch: master.
2024-05-26 12:00:09.094 [info] > git status -z -uall [38ms]
2024-05-26 12:00:14.158 [info] No remotes found in the git config file.
2024-05-26 12:00:14.159 [info] > git config --get commit.template [5ms]
2024-05-26 12:00:14.160 [info] > git for-each-ref --format=%(refname)%00%(upstream:short)%00%(objectname)%00%(upstream:track)%00%(upstream:remotename)%00%(upstream:remoteref) refs/heads/master refs/remotes/master [2ms]
2024-05-26 12:00:14.160 [warning] No such branch: master.
2024-05-26 12:00:14.203 [info] > git status -z -uall [38ms]
2024-05-26 12:00:19.257 [info] No remotes found in the git config file.
2024-05-26 12:00:19.257 [info] > git config --get commit.template [4ms]
2024-05-26 12:00:19.258 [info] > git for-each-ref --format=%(refname)%00%(upstream:short)%00%(objectname)%00%(upstream:track)%00%(upstream:remotename)%00%(upstream:remoteref) refs/heads/master refs/remotes/master [1ms]
2024-05-26 12:00:19.258 [warning] No such branch: master.
2024-05-26 12:00:19.295 [info] > git status -z -uall [33ms]
2024-05-26 12:00:24.352 [info] No remotes found in the git config file.
2024-05-26 12:00:24.353 [info] > git config --get commit.template [5ms]
2024-05-26 12:00:24.354 [info] > git for-each-ref --format=%(refname)%00%(upstream:short)%00%(objectname)%00%(upstream:track)%00%(upstream:remotename)%00%(upstream:remoteref) refs/heads/master refs/remotes/master [2ms]
2024-05-26 12:00:24.354 [warning] No such branch: master.
2024-05-26 12:00:24.391 [info] > git status -z -uall [34ms]
2024-05-26 12:00:29.458 [info] No remotes found in the git config file.
2024-05-26 12:00:29.459 [info] > git config --get commit.template [5ms]
2024-05-26 12:00:29.460 [info] > git for-each-ref --format=%(refname)%00%(upstream:short)%00%(objectname)%00%(upstream:track)%00%(upstream:remotename)%00%(upstream:remoteref) refs/heads/master refs/remotes/master [2ms]
2024-05-26 12:00:29.460 [warning] No such branch: master.
2024-05-26 12:00:29.498 [info] > git status -z -uall [34ms]
2024-05-26 12:00:34.557 [info] No remotes found in the git config file.
2024-05-26 12:00:34.558 [info] > git config --get commit.template [5ms]
2024-05-26 12:00:34.559 [info] > git for-each-ref --format=%(refname)%00%(upstream:short)%00%(objectname)%00%(upstream:track)%00%(upstream:remotename)%00%(upstream:remoteref) refs/heads/master refs/remotes/master [2ms]
2024-05-26 12:00:34.559 [warning] No such branch: master.
2024-05-26 12:00:34.602 [info] > git status -z -uall [39ms]
2024-05-26 12:00:39.658 [info] No remotes found in the git config file.
2024-05-26 12:00:39.658 [info] > git config --get commit.template [4ms]
2024-05-26 12:00:39.659 [info] > git for-each-ref --format=%(refname)%00%(upstream:short)%00%(objectname)%00%(upstream:track)%00%(upstream:remotename)%00%(upstream:remoteref) refs/heads/master refs/remotes/master [1ms]
2024-05-26 12:00:39.659 [warning] No such branch: master.
2024-05-26 12:00:39.698 [info] > git status -z -uall [34ms]
2024-05-26 12:00:44.752 [info] No remotes found in the git config file.
2024-05-26 12:00:44.753 [info] > git config --get commit.template [5ms]
2024-05-26 12:00:44.754 [info] > git for-each-ref --format=%(refname)%00%(upstream:short)%00%(objectname)%00%(upstream:track)%00%(upstream:remotename)%00%(upstream:remoteref) refs/heads/master refs/remotes/master [2ms]
2024-05-26 12:00:44.754 [warning] No such branch: master.
2024-05-26 12:00:44.792 [info] > git status -z -uall [35ms]
2024-05-26 12:00:49.849 [info] No remotes found in the git config file.
2024-05-26 12:00:49.850 [info] > git config --get commit.template [6ms]
2024-05-26 12:00:49.851 [info] > git for-each-ref --format=%(refname)%00%(upstream:short)%00%(objectname)%00%(upstream:track)%00%(upstream:remotename)%00%(upstream:remoteref) refs/heads/master refs/remotes/master [1ms]
2024-05-26 12:00:49.851 [warning] No such branch: master.
2024-05-26 12:00:49.888 [info] > git status -z -uall [34ms]
2024-05-26 12:00:54.941 [info] No remotes found in the git config file.
2024-05-26 12:00:54.942 [info] > git config --get commit.template [5ms]
2024-05-26 12:00:54.943 [info] > git for-each-ref --format=%(refname)%00%(upstream:short)%00%(objectname)%00%(upstream:track)%00%(upstream:remotename)%00%(upstream:remoteref) refs/heads/master refs/remotes/master [2ms]
2024-05-26 12:00:54.943 [warning] No such branch: master.
2024-05-26 12:00:54.981 [info] > git status -z -uall [34ms]
2024-05-26 12:01:00.035 [info] No remotes found in the git config file.
2024-05-26 12:01:00.036 [info] > git config --get commit.template [5ms]
2024-05-26 12:01:00.037 [info] > git for-each-ref --format=%(refname)%00%(upstream:short)%00%(objectname)%00%(upstream:track)%00%(upstream:remotename)%00%(upstream:remoteref) refs/heads/master refs/remotes/master [2ms]
2024-05-26 12:01:00.037 [warning] No such branch: master.
2024-05-26 12:01:00.073 [info] > git status -z -uall [33ms]
2024-05-26 12:01:05.135 [info] No remotes found in the git config file.
2024-05-26 12:01:05.136 [info] > git config --get commit.template [5ms]
2024-05-26 12:01:05.137 [info] > git for-each-ref --format=%(refname)%00%(upstream:short)%00%(objectname)%00%(upstream:track)%00%(upstream:remotename)%00%(upstream:remoteref) refs/heads/master refs/remotes/master [1ms]
2024-05-26 12:01:05.137 [warning] No such branch: master.
2024-05-26 12:01:05.173 [info] > git status -z -uall [33ms]
2024-05-26 12:01:10.226 [info] No remotes found in the git config file.
2024-05-26 12:01:10.227 [info] > git config --get commit.template [5ms]
2024-05-26 12:01:10.228 [info] > git for-each-ref --format=%(refname)%00%(upstream:short)%00%(objectname)%00%(upstream:track)%00%(upstream:remotename)%00%(upstream:remoteref) refs/heads/master refs/remotes/master [2ms]
2024-05-26 12:01:10.228 [warning] No such branch: master.
2024-05-26 12:01:10.261 [info] > git status -z -uall [29ms]
2024-05-26 12:01:15.312 [warning] ENOENT: no such file or directory, open '/home/prasant/.config/.git/HEAD'
2024-05-26 12:01:15.316 [warning] getRemotes() - ENOENT: no such file or directory, open '/home/prasant/.config/.git/config'
2024-05-26 12:01:15.320 [info] > git remote --verbose [4ms]
2024-05-26 12:01:15.320 [info] fatal: not a git repository (or any parent up to mount point /)
Stopping at filesystem boundary (GIT_DISCOVERY_ACROSS_FILESYSTEM not set).
2024-05-26 12:01:15.322 [info] > git symbolic-ref --short HEAD [10ms]
2024-05-26 12:01:15.322 [info] fatal: not a git repository (or any parent up to mount point /)
Stopping at filesystem boundary (GIT_DISCOVERY_ACROSS_FILESYSTEM not set).
2024-05-26 12:01:15.333 [warning] ENOENT: no such file or directory, open '/home/prasant/.config/.git/HEAD'
2024-05-26 12:01:15.338 [warning] getRemotes() - ENOENT: no such file or directory, open '/home/prasant/.config/.git/config'
2024-05-26 12:01:15.342 [info] > git config --get commit.template [23ms]
2024-05-26 12:01:15.344 [info] > git config --get commit.template [2ms]
2024-05-26 12:01:15.344 [info] > git remote --verbose [6ms]
2024-05-26 12:01:15.344 [info] fatal: not a git repository (or any parent up to mount point /)
Stopping at filesystem boundary (GIT_DISCOVERY_ACROSS_FILESYSTEM not set).
2024-05-26 12:01:15.345 [info] > git symbolic-ref --short HEAD [12ms]
2024-05-26 12:01:15.345 [info] fatal: not a git repository (or any parent up to mount point /)
Stopping at filesystem boundary (GIT_DISCOVERY_ACROSS_FILESYSTEM not set).
2024-05-26 12:01:15.349 [info] > git rev-parse HEAD [23ms]
2024-05-26 12:01:15.349 [info] fatal: not a git repository (or any parent up to mount point /)
Stopping at filesystem boundary (GIT_DISCOVERY_ACROSS_FILESYSTEM not set).
2024-05-26 12:01:15.350 [info] > git rev-parse HEAD [1ms]
2024-05-26 12:01:15.350 [info] fatal: not a git repository (or any parent up to mount point /)
Stopping at filesystem boundary (GIT_DISCOVERY_ACROSS_FILESYSTEM not set).
2024-05-26 12:01:19.228 [info] > git rev-parse --show-toplevel [2ms]
2024-05-26 12:01:19.234 [info] > git rev-parse --git-dir --git-common-dir [2ms]
2024-05-26 12:01:19.238 [info] Open repository: /home/prasant/.config
2024-05-26 12:01:19.248 [info] No remotes found in the git config file.
2024-05-26 12:01:19.249 [info] > git config --get commit.template [5ms]
2024-05-26 12:01:19.250 [info] > git for-each-ref --format=%(refname)%00%(upstream:short)%00%(objectname)%00%(upstream:track)%00%(upstream:remotename)%00%(upstream:remoteref) refs/heads/master refs/remotes/master [2ms]
2024-05-26 12:01:19.250 [warning] No such branch: master.
2024-05-26 12:01:19.288 [info] > git status -z -uall [34ms]
2024-05-26 12:01:19.792 [info] > git check-ignore -v -z --stdin [3ms]
2024-05-26 12:01:19.793 [info] > git config --get commit.template [11ms]
2024-05-26 12:01:19.801 [info] No remotes found in the git config file.
2024-05-26 12:01:19.802 [info] > git for-each-ref --format=%(refname)%00%(upstream:short)%00%(objectname)%00%(upstream:track)%00%(upstream:remotename)%00%(upstream:remoteref) refs/heads/master refs/remotes/master [1ms]
2024-05-26 12:01:19.802 [warning] No such branch: master.
2024-05-26 12:01:19.850 [info] > git status -z -uall [44ms]
2024-05-26 12:01:21.388 [info] No remotes found in the git config file.
2024-05-26 12:01:21.389 [info] > git config --get commit.template [5ms]
2024-05-26 12:01:21.389 [info] > git for-each-ref --format=%(refname)%00%(upstream:short)%00%(objectname)%00%(upstream:track)%00%(upstream:remotename)%00%(upstream:remoteref) refs/heads/master refs/remotes/master [1ms]
2024-05-26 12:01:21.389 [warning] No such branch: master.
2024-05-26 12:01:21.422 [info] > git status -z -uall [29ms]
2024-05-26 12:01:26.479 [info] No remotes found in the git config file.
2024-05-26 12:01:26.480 [info] > git config --get commit.template [6ms]
2024-05-26 12:01:26.481 [info] > git for-each-ref --format=%(refname)%00%(upstream:short)%00%(objectname)%00%(upstream:track)%00%(upstream:remotename)%00%(upstream:remoteref) refs/heads/master refs/remotes/master [2ms]
2024-05-26 12:01:26.481 [warning] No such branch: master.
2024-05-26 12:01:26.514 [info] > git status -z -uall [28ms]
