2024-05-30 10:30:21.732 [info] Log level: Info
2024-05-30 10:30:21.732 [info] Validating found git in: "git"
2024-05-30 10:30:21.732 [info] Using git "2.45.1" from "git"
2024-05-30 10:30:21.732 [info] > git rev-parse --show-toplevel [5ms]
2024-05-30 10:30:21.734 [info] fatal: not a git repository (or any parent up to mount point /)
Stopping at filesystem boundary (GIT_DISCOVERY_ACROSS_FILESYSTEM not set).
2024-05-30 10:30:21.734 [info] > git rev-parse --show-toplevel [1ms]
2024-05-30 10:30:21.734 [info] > git rev-parse --git-dir --git-common-dir [4ms]
2024-05-30 10:30:21.734 [info] Open repository: /home/prasant/Downloads/Downloads/React_Projects/Food_Ordering_App
2024-05-30 10:30:21.734 [info] > git config --get commit.template [15ms]
2024-05-30 10:30:21.734 [info] > git rev-parse --show-toplevel [4ms]
2024-05-30 10:30:21.734 [info] fatal: not a git repository (or any parent up to mount point /)
Stopping at filesystem boundary (GIT_DISCOVERY_ACROSS_FILESYSTEM not set).
2024-05-30 10:30:21.734 [info] No remotes found in the git config file.
2024-05-30 10:30:21.734 [info] > git for-each-ref --format=%(refname)%00%(upstream:short)%00%(objectname)%00%(upstream:track)%00%(upstream:remotename)%00%(upstream:remoteref) refs/heads/master refs/remotes/master [10ms]
2024-05-30 10:30:21.862 [info] > git status -z -uall [405ms]
2024-05-30 10:30:21.948 [info] > git config --get commit.template [35ms]
2024-05-30 10:30:21.984 [info] No remotes found in the git config file.
2024-05-30 10:30:21.994 [info] > git for-each-ref --format=%(refname)%00%(upstream:short)%00%(objectname)%00%(upstream:track)%00%(upstream:remotename)%00%(upstream:remoteref) refs/heads/master refs/remotes/master [12ms]
2024-05-30 10:30:23.844 [info] > git status -z -uall [1830ms]
2024-05-30 10:30:24.094 [info] > git show --textconv :src/App.js [56ms]
2024-05-30 10:30:24.114 [info] > git ls-files --stage -- /home/prasant/Downloads/Downloads/React_Projects/Food_Ordering_App/src/App.js [45ms]
2024-05-30 10:30:24.154 [info] > git cat-file -s d650e55cf60fa3a86bd937eaeeeb64f1ba940a3b [1ms]
2024-05-30 10:30:24.546 [info] > git check-ignore -v -z --stdin [20ms]
