2024-05-30 10:30:20.855 [info] Log level: Info
2024-05-30 10:30:20.855 [info] Validating found git in: "git"
2024-05-30 10:30:20.936 [info] Using git "2.45.1" from "git"
2024-05-30 10:30:20.969 [info] > git rev-parse --show-toplevel [7ms]
2024-05-30 10:30:20.986 [info] > git rev-parse --git-dir --git-common-dir [2ms]
2024-05-30 10:30:21.019 [info] Open repository: /home/prasant/.config
2024-05-30 10:30:21.076 [info] > git rev-parse --show-toplevel [2ms]
2024-05-30 10:30:21.089 [info] > git config --get commit.template [39ms]
2024-05-30 10:30:21.167 [info] > git rev-parse --show-toplevel [48ms]
2024-05-30 10:30:21.210 [info] > git rev-parse --show-toplevel [16ms]
2024-05-30 10:30:21.250 [info] > git rev-parse --show-toplevel [7ms]
2024-05-30 10:30:21.270 [info] > git rev-parse --show-toplevel [5ms]
2024-05-30 10:30:21.311 [info] > git rev-parse --show-toplevel [27ms]
2024-05-30 10:30:21.335 [info] > git rev-parse --show-toplevel [7ms]
2024-05-30 10:30:23.848 [info] > git for-each-ref --format=%(refname)%00%(upstream:short)%00%(objectname)%00%(upstream:track)%00%(upstream:remotename)%00%(upstream:remoteref) refs/heads/main refs/remotes/main [2692ms]
2024-05-30 10:30:23.849 [info] > git rev-parse --show-toplevel [2503ms]
2024-05-30 10:30:24.067 [info] > git rev-parse --show-toplevel [26ms]
2024-05-30 10:30:24.118 [info] > git rev-parse --show-toplevel [30ms]
2024-05-30 10:30:24.160 [info] > git rev-parse --show-toplevel [29ms]
2024-05-30 10:30:24.171 [info] > git rev-parse --show-toplevel [3ms]
2024-05-30 10:30:24.182 [info] > git rev-parse --show-toplevel [1ms]
2024-05-30 10:30:24.200 [info] > git rev-parse --show-toplevel [2ms]
2024-05-30 10:30:24.222 [info] > git rev-parse --show-toplevel [6ms]
2024-05-30 10:30:24.241 [info] > git rev-parse --show-toplevel [1ms]
2024-05-30 10:30:24.268 [info] > git rev-parse --show-toplevel [8ms]
2024-05-30 10:30:24.301 [info] > git rev-parse --show-toplevel [1ms]
2024-05-30 10:30:24.338 [info] > git rev-parse --show-toplevel [16ms]
2024-05-30 10:30:24.401 [info] > git rev-parse --show-toplevel [47ms]
2024-05-30 10:30:24.448 [info] > git rev-parse --show-toplevel [14ms]
2024-05-30 10:30:24.472 [info] > git check-ignore -v -z --stdin [73ms]
2024-05-30 10:30:24.480 [info] > git rev-parse --show-toplevel [10ms]
2024-05-30 10:30:24.499 [info] > git rev-parse --show-toplevel [1ms]
2024-05-30 10:30:24.518 [info] > git rev-parse --show-toplevel [1ms]
2024-05-30 10:30:24.550 [info] > git rev-parse --show-toplevel [1ms]
2024-05-30 10:30:24.563 [info] > git rev-parse --show-toplevel [2ms]
2024-05-30 10:30:24.572 [info] > git rev-parse --show-toplevel [3ms]
2024-05-30 10:30:24.589 [info] > git rev-parse --show-toplevel [3ms]
2024-05-30 10:30:24.612 [info] > git rev-parse --show-toplevel [5ms]
2024-05-30 10:30:24.629 [info] > git rev-parse --show-toplevel [4ms]
2024-05-30 10:30:24.654 [info] > git rev-parse --show-toplevel [10ms]
2024-05-30 10:30:24.678 [info] > git rev-parse --show-toplevel [9ms]
2024-05-30 10:30:24.703 [info] > git rev-parse --show-toplevel [1ms]
2024-05-30 10:30:24.728 [info] > git rev-parse --show-toplevel [3ms]
2024-05-30 10:30:24.746 [info] > git rev-parse --show-toplevel [2ms]
2024-05-30 10:30:24.773 [info] > git rev-parse --show-toplevel [6ms]
2024-05-30 10:30:24.785 [info] > git rev-parse --show-toplevel [2ms]
2024-05-30 10:30:24.809 [info] > git rev-parse --show-toplevel [5ms]
2024-05-30 10:30:24.818 [info] > git rev-parse --show-toplevel [2ms]
2024-05-30 10:30:24.832 [info] > git rev-parse --show-toplevel [2ms]
2024-05-30 10:30:24.845 [info] > git rev-parse --show-toplevel [6ms]
2024-05-30 10:30:24.853 [info] > git rev-parse --show-toplevel [1ms]
2024-05-30 10:30:24.870 [info] > git rev-parse --show-toplevel [1ms]
2024-05-30 10:30:24.881 [info] > git rev-parse --show-toplevel [1ms]
2024-05-30 10:30:24.887 [info] > git rev-parse --show-toplevel [2ms]
2024-05-30 10:30:24.898 [info] > git rev-parse --show-toplevel [0ms]
2024-05-30 10:30:24.907 [info] > git rev-parse --show-toplevel [4ms]
2024-05-30 10:30:24.918 [info] > git rev-parse --show-toplevel [2ms]
2024-05-30 10:30:24.929 [info] > git rev-parse --show-toplevel [3ms]
2024-05-30 10:30:24.937 [info] > git rev-parse --show-toplevel [3ms]
2024-05-30 10:30:24.952 [info] > git rev-parse --show-toplevel [5ms]
2024-05-30 10:30:24.966 [info] > git rev-parse --show-toplevel [2ms]
2024-05-30 10:30:24.974 [info] > git rev-parse --show-toplevel [3ms]
2024-05-30 10:30:24.984 [info] > git rev-parse --show-toplevel [0ms]
2024-05-30 10:30:26.461 [info] > git status -z -uall [2345ms]
2024-05-30 10:30:26.527 [info] > git merge-base refs/heads/main refs/remotes/origin/main [47ms]
2024-05-30 10:30:26.538 [info] > git config --get commit.template [12ms]
2024-05-30 10:30:26.796 [info] > git rev-list --count --left-right refs/heads/main...refs/remotes/origin/main [262ms]
2024-05-30 10:30:26.802 [info] > git for-each-ref --format=%(refname)%00%(upstream:short)%00%(objectname)%00%(upstream:track)%00%(upstream:remotename)%00%(upstream:remoteref) refs/heads/main refs/remotes/main [256ms]
2024-05-30 10:30:26.806 [info] > git diff --name-status -z --diff-filter=ADMR f9f880cff9016bd53d72c63fcb90b821d4f0b445...refs/remotes/origin/main [4ms]
