2024-05-26 12:03:06.179 [info] Reading sessions from keychain...
2024-05-26 12:03:06.179 [info] Getting sessions for all scopes...
2024-05-26 12:03:06.179 [info] Getting sessions for all scopes...
2024-05-26 12:03:06.179 [info] Got 0 sessions for ...
2024-05-26 12:03:06.179 [info] Got 0 sessions for ...
2024-05-26 12:03:06.179 [info] Getting sessions for all scopes...
2024-05-26 12:03:06.179 [info] Got 0 sessions for ...
2024-05-26 12:03:06.179 [info] Getting sessions for read:user,repo,user:email,workflow...
2024-05-26 12:03:06.179 [info] Got 0 sessions for read:user,repo,user:email,workflow...
2024-05-26 12:03:08.396 [info] Logging in for the following scopes: read:user repo user:email workflow
2024-05-26 12:03:08.421 [info] Trying without local server... (read:user repo user:email workflow)
2024-05-26 12:03:14.338 [info] Exchanging code for token...
2024-05-26 12:03:16.734 [info] Token exchange success!
2024-05-26 12:03:16.737 [info] Getting user info...
2024-05-26 12:03:17.550 [info] Got account info!
2024-05-26 12:03:17.550 [info] Storing 1 sessions...
2024-05-26 12:03:19.396 [info] Reading sessions from keychain...
2024-05-26 12:03:19.396 [info] Stored 1 sessions!
2024-05-26 12:03:19.397 [info] Login success!
2024-05-26 12:03:19.496 [info] Got stored sessions!
2024-05-26 12:03:19.496 [info] Got 1 verified sessions.
2024-05-26 12:03:20.227 [info] Getting sessions for read:user,repo,user:email,workflow...
2024-05-26 12:03:20.227 [info] Got 1 sessions for read:user,repo,user:email,workflow...
2024-05-26 12:03:22.473 [info] Getting sessions for read:user,repo,user:email,workflow...
2024-05-26 12:03:22.474 [info] Got 1 sessions for read:user,repo,user:email,workflow...
2024-05-26 12:27:52.513 [info] Getting sessions for read:user,repo,user:email,workflow...
2024-05-26 12:27:52.514 [info] Got 1 sessions for read:user,repo,user:email,workflow...
