2024-05-27 12:34:42.131 [info] Added views:workbench.panel.markers.view in workbench.panel.markers
2024-05-27 12:34:42.131 [info] Added views:workbench.panel.output in workbench.panel.output
2024-05-27 12:34:42.132 [info] Added views:terminal in terminal
2024-05-27 12:34:42.132 [info] Added views:outline in workbench.view.explorer
2024-05-27 12:34:42.132 [info] Added views:workbench.scm in workbench.view.scm
2024-05-27 12:34:42.132 [info] Added views:workbench.view.search in workbench.view.search
2024-05-27 12:34:42.132 [info] Added views:timeline in workbench.view.explorer
2024-05-27 12:34:42.132 [info] Added views:workbench.explorer.fileView in workbench.view.explorer
2024-05-27 12:34:42.511 [info] Added views:workbench.debug.welcome in workbench.view.debug
2024-05-27 12:34:43.990 [info] Added views:~remote.forwardedPorts in ~remote.forwardedPortsContainer
2024-05-27 12:34:44.089 [info] Added views:workbench.panel.repl.view in workbench.panel.repl
2024-05-27 12:34:54.663 [info] Added views:workbench.views.extensions.installed,workbench.views.extensions.popular,extensions.recommendedList in workbench.view.extensions
2024-05-27 12:34:54.667 [info] Removed views:workbench.views.extensions.popular from workbench.view.extensions
2024-05-27 12:34:57.121 [info] Removed views:extensions.recommendedList,workbench.views.extensions.installed from workbench.view.extensions
2024-05-27 12:34:57.130 [info] Added views:workbench.views.extensions.marketplace in workbench.view.extensions
2024-05-27 12:35:56.321 [info] Removed views:workbench.views.extensions.marketplace from workbench.view.extensions
2024-05-27 12:35:56.338 [info] Added views:workbench.views.extensions.installed,extensions.recommendedList in workbench.view.extensions
2024-05-27 12:36:33.627 [info] Removed views:extensions.recommendedList,workbench.views.extensions.installed from workbench.view.extensions
2024-05-27 12:36:33.635 [info] Added views:workbench.views.extensions.marketplace in workbench.view.extensions
2024-05-27 12:36:54.699 [info] Removed views:workbench.views.extensions.marketplace from workbench.view.extensions
2024-05-27 12:36:54.709 [info] Added views:workbench.views.extensions.installed,extensions.recommendedList in workbench.view.extensions
2024-05-27 12:36:56.017 [info] Removed views:extensions.recommendedList,workbench.views.extensions.installed from workbench.view.extensions
2024-05-27 12:36:56.025 [info] Added views:workbench.views.extensions.marketplace in workbench.view.extensions
2024-05-27 12:37:36.926 [info] Removed views:workbench.views.extensions.marketplace from workbench.view.extensions
2024-05-27 12:37:36.973 [info] Added views:workbench.views.extensions.installed,extensions.recommendedList in workbench.view.extensions
2024-05-27 12:37:38.125 [info] Removed views:extensions.recommendedList,workbench.views.extensions.installed from workbench.view.extensions
2024-05-27 12:37:38.136 [info] Added views:workbench.views.extensions.marketplace in workbench.view.extensions
2024-05-27 12:37:54.302 [info] Removed views:workbench.views.extensions.marketplace from workbench.view.extensions
2024-05-27 12:37:54.345 [info] Added views:workbench.views.extensions.installed,extensions.recommendedList in workbench.view.extensions
2024-05-27 12:37:55.964 [info] Removed views:extensions.recommendedList,workbench.views.extensions.installed from workbench.view.extensions
2024-05-27 12:37:55.974 [info] Added views:workbench.views.extensions.marketplace in workbench.view.extensions
2024-05-27 12:38:15.525 [info] Removed views:workbench.views.extensions.marketplace from workbench.view.extensions
2024-05-27 12:38:15.534 [info] Added views:workbench.views.extensions.installed,extensions.recommendedList in workbench.view.extensions
2024-05-27 12:38:40.350 [info] Removed views:extensions.recommendedList,workbench.views.extensions.installed from workbench.view.extensions
2024-05-27 12:38:40.358 [info] Added views:workbench.views.extensions.marketplace in workbench.view.extensions
2024-05-27 12:39:07.985 [info] Removed views:workbench.views.extensions.marketplace from workbench.view.extensions
2024-05-27 12:39:07.996 [info] Added views:workbench.views.extensions.installed,extensions.recommendedList in workbench.view.extensions
2024-05-27 12:39:09.214 [info] Removed views:extensions.recommendedList,workbench.views.extensions.installed from workbench.view.extensions
2024-05-27 12:39:09.220 [info] Added views:workbench.views.extensions.marketplace in workbench.view.extensions
2024-05-27 12:39:31.462 [info] Removed views:workbench.views.extensions.marketplace from workbench.view.extensions
2024-05-27 12:39:31.501 [info] Added views:workbench.views.extensions.installed,extensions.recommendedList in workbench.view.extensions
2024-05-27 12:39:32.611 [info] Removed views:extensions.recommendedList,workbench.views.extensions.installed from workbench.view.extensions
2024-05-27 12:39:32.618 [info] Added views:workbench.views.extensions.marketplace in workbench.view.extensions
2024-05-27 12:39:53.638 [info] Removed views:workbench.views.extensions.marketplace from workbench.view.extensions
2024-05-27 12:39:53.677 [info] Added views:workbench.views.extensions.installed,extensions.recommendedList in workbench.view.extensions
2024-05-27 12:39:55.071 [info] Removed views:extensions.recommendedList,workbench.views.extensions.installed from workbench.view.extensions
2024-05-27 12:39:55.078 [info] Added views:workbench.views.extensions.marketplace in workbench.view.extensions
2024-05-27 12:40:17.028 [info] Removed views:workbench.views.extensions.marketplace from workbench.view.extensions
2024-05-27 12:40:17.069 [info] Added views:workbench.views.extensions.installed,extensions.recommendedList in workbench.view.extensions
2024-05-27 12:40:18.232 [info] Removed views:extensions.recommendedList,workbench.views.extensions.installed from workbench.view.extensions
2024-05-27 12:40:18.240 [info] Added views:workbench.views.extensions.marketplace in workbench.view.extensions
2024-05-27 12:40:57.623 [info] Removed views:workbench.views.extensions.marketplace from workbench.view.extensions
2024-05-27 12:40:57.661 [info] Added views:workbench.views.extensions.installed,extensions.recommendedList in workbench.view.extensions
2024-05-27 12:41:08.107 [info] Removed views:extensions.recommendedList,workbench.views.extensions.installed from workbench.view.extensions
2024-05-27 12:41:08.144 [info] Added views:workbench.views.extensions.marketplace in workbench.view.extensions
2024-05-27 12:41:57.151 [info] Removed views:workbench.views.extensions.marketplace from workbench.view.extensions
2024-05-27 12:41:57.191 [info] Added views:workbench.views.extensions.installed,extensions.recommendedList in workbench.view.extensions
2024-05-27 12:41:58.434 [info] Removed views:extensions.recommendedList,workbench.views.extensions.installed from workbench.view.extensions
2024-05-27 12:41:58.442 [info] Added views:workbench.views.extensions.marketplace in workbench.view.extensions
2024-05-27 12:45:15.059 [info] Removed views:workbench.views.extensions.marketplace from workbench.view.extensions
2024-05-27 12:45:15.098 [info] Added views:workbench.views.extensions.installed,extensions.recommendedList in workbench.view.extensions
2024-05-27 12:45:23.544 [info] Removed views:extensions.recommendedList,workbench.views.extensions.installed from workbench.view.extensions
2024-05-27 12:45:23.551 [info] Added views:workbench.views.extensions.marketplace in workbench.view.extensions
2024-05-27 12:54:01.690 [info] Removed views:workbench.views.extensions.marketplace from workbench.view.extensions
2024-05-27 12:54:01.730 [info] Added views:workbench.views.extensions.installed,extensions.recommendedList in workbench.view.extensions
2024-05-27 12:54:03.153 [info] Removed views:extensions.recommendedList,workbench.views.extensions.installed from workbench.view.extensions
2024-05-27 12:54:03.160 [info] Added views:workbench.views.extensions.marketplace in workbench.view.extensions
2024-05-27 12:54:29.222 [info] Removed views:workbench.views.extensions.marketplace from workbench.view.extensions
2024-05-27 12:54:29.231 [info] Added views:workbench.views.extensions.installed,extensions.recommendedList in workbench.view.extensions
2024-05-27 12:54:30.959 [info] Removed views:extensions.recommendedList,workbench.views.extensions.installed from workbench.view.extensions
2024-05-27 12:54:30.966 [info] Added views:workbench.views.extensions.marketplace in workbench.view.extensions
2024-05-27 12:54:49.918 [info] Removed views:workbench.views.extensions.marketplace from workbench.view.extensions
2024-05-27 12:54:49.927 [info] Added views:workbench.views.extensions.installed,extensions.recommendedList in workbench.view.extensions
2024-05-27 12:54:51.291 [info] Removed views:extensions.recommendedList,workbench.views.extensions.installed from workbench.view.extensions
2024-05-27 12:54:51.299 [info] Added views:workbench.views.extensions.marketplace in workbench.view.extensions
2024-05-27 12:56:08.243 [info] Removed views:workbench.views.extensions.marketplace from workbench.view.extensions
2024-05-27 12:56:08.252 [info] Added views:workbench.views.extensions.installed,extensions.recommendedList in workbench.view.extensions
