2024-05-30 10:32:29.744 [info] Log level: Info
2024-05-30 10:32:29.744 [info] Validating found git in: "git"
2024-05-30 10:32:29.744 [info] Using git "2.45.1" from "git"
2024-05-30 10:32:49.463 [info] Log level: Info
2024-05-30 10:32:49.463 [info] Validating found git in: "git"
2024-05-30 10:32:49.463 [info] Using git "2.45.1" from "git"
2024-05-30 10:32:49.463 [info] > git rev-parse --show-toplevel [21ms]
2024-05-30 10:32:49.509 [info] > git rev-parse --git-dir --git-common-dir [28ms]
2024-05-30 10:32:49.529 [info] Open repository: /home/prasant/.config
2024-05-30 10:32:49.566 [info] > git config --get commit.template [19ms]
2024-05-30 10:32:49.572 [info] > git rev-parse --show-toplevel [8ms]
2024-05-30 10:32:49.597 [info] > git for-each-ref --format=%(refname)%00%(upstream:short)%00%(objectname)%00%(upstream:track)%00%(upstream:remotename)%00%(upstream:remoteref) refs/heads/main refs/remotes/main [13ms]
2024-05-30 10:32:49.605 [info] > git rev-parse --show-toplevel [8ms]
2024-05-30 10:32:49.634 [info] > git rev-parse --show-toplevel [17ms]
2024-05-30 10:32:49.662 [info] > git rev-parse --show-toplevel [3ms]
2024-05-30 10:32:50.017 [info] > git rev-parse --show-toplevel [95ms]
2024-05-30 10:32:50.032 [info] > git rev-parse --show-toplevel [4ms]
2024-05-30 10:32:50.040 [info] > git rev-parse --show-toplevel [2ms]
2024-05-30 10:32:50.048 [info] > git rev-parse --show-toplevel [1ms]
2024-05-30 10:32:50.055 [info] > git rev-parse --show-toplevel [1ms]
2024-05-30 10:32:50.063 [info] > git rev-parse --show-toplevel [1ms]
2024-05-30 10:32:50.071 [info] > git rev-parse --show-toplevel [1ms]
2024-05-30 10:32:50.088 [info] > git rev-parse --show-toplevel [4ms]
2024-05-30 10:32:50.119 [info] > git rev-parse --show-toplevel [16ms]
2024-05-30 10:32:50.150 [info] > git rev-parse --show-toplevel [13ms]
2024-05-30 10:32:50.165 [info] > git rev-parse --show-toplevel [0ms]
2024-05-30 10:32:50.180 [info] > git check-ignore -v -z --stdin [62ms]
2024-05-30 10:32:50.183 [info] > git rev-parse --show-toplevel [4ms]
2024-05-30 10:32:50.220 [info] > git rev-parse --show-toplevel [4ms]
2024-05-30 10:32:50.228 [info] > git rev-parse --show-toplevel [1ms]
2024-05-30 10:32:50.242 [info] > git rev-parse --show-toplevel [1ms]
2024-05-30 10:32:50.252 [info] > git rev-parse --show-toplevel [2ms]
2024-05-30 10:32:50.260 [info] > git rev-parse --show-toplevel [2ms]
2024-05-30 10:32:50.272 [info] > git rev-parse --show-toplevel [1ms]
2024-05-30 10:32:50.286 [info] > git rev-parse --show-toplevel [5ms]
2024-05-30 10:32:50.294 [info] > git rev-parse --show-toplevel [2ms]
2024-05-30 10:32:50.317 [info] > git status -z -uall [690ms]
2024-05-30 10:32:50.318 [info] > git rev-parse --show-toplevel [14ms]
2024-05-30 10:32:50.435 [info] > git merge-base refs/heads/main refs/remotes/origin/main [87ms]
2024-05-30 10:32:50.663 [info] > git rev-list --count --left-right refs/heads/main...refs/remotes/origin/main [216ms]
2024-05-30 10:32:50.672 [info] > git config --get commit.template [236ms]
2024-05-30 10:32:50.672 [info] > git rev-parse --show-toplevel [244ms]
2024-05-30 10:32:50.708 [info] > git rev-parse --show-toplevel [24ms]
2024-05-30 10:32:50.708 [info] > git diff --name-status -z --diff-filter=ADMR f9f880cff9016bd53d72c63fcb90b821d4f0b445...refs/remotes/origin/main [37ms]
2024-05-30 10:32:50.717 [info] > git for-each-ref --format=%(refname)%00%(upstream:short)%00%(objectname)%00%(upstream:track)%00%(upstream:remotename)%00%(upstream:remoteref) refs/heads/main refs/remotes/main [10ms]
2024-05-30 10:32:50.736 [info] > git rev-parse --show-toplevel [20ms]
2024-05-30 10:32:50.758 [info] > git rev-parse --show-toplevel [12ms]
2024-05-30 10:32:50.780 [info] > git rev-parse --show-toplevel [2ms]
2024-05-30 10:32:51.005 [info] > git rev-parse --show-toplevel [4ms]
2024-05-30 10:32:51.031 [info] > git rev-parse --show-toplevel [12ms]
2024-05-30 10:32:51.050 [info] > git rev-parse --show-toplevel [2ms]
2024-05-30 10:32:51.079 [info] > git rev-parse --show-toplevel [5ms]
2024-05-30 10:32:51.090 [info] > git rev-parse --show-toplevel [1ms]
2024-05-30 10:32:51.100 [info] > git rev-parse --show-toplevel [1ms]
2024-05-30 10:32:51.107 [info] > git rev-parse --show-toplevel [1ms]
2024-05-30 10:32:51.115 [info] > git rev-parse --show-toplevel [1ms]
2024-05-30 10:32:51.126 [info] > git rev-parse --show-toplevel [5ms]
2024-05-30 10:32:51.137 [info] > git rev-parse --show-toplevel [1ms]
2024-05-30 10:32:51.146 [info] > git rev-parse --show-toplevel [3ms]
2024-05-30 10:32:51.173 [info] > git rev-parse --show-toplevel [20ms]
2024-05-30 10:32:51.183 [info] > git rev-parse --show-toplevel [2ms]
2024-05-30 10:32:51.191 [info] > git status -z -uall [419ms]
2024-05-30 10:32:51.222 [info] > git rev-parse --show-toplevel [33ms]
2024-05-30 10:32:51.241 [info] > git rev-parse --show-toplevel [11ms]
2024-05-30 10:32:51.259 [info] > git rev-parse --show-toplevel [6ms]
2024-05-30 10:32:51.269 [info] > git rev-parse --show-toplevel [3ms]
2024-05-30 10:32:51.278 [info] > git rev-parse --show-toplevel [2ms]
2024-05-30 10:32:51.289 [info] > git rev-parse --show-toplevel [5ms]
2024-05-30 10:32:51.530 [info] > git rev-parse --show-toplevel [229ms]
2024-05-30 10:32:51.545 [info] > git rev-parse --show-toplevel [1ms]
2024-05-30 10:32:51.552 [info] > git rev-parse --show-toplevel [2ms]
2024-05-30 10:32:51.560 [info] > git rev-parse --show-toplevel [3ms]
2024-05-30 10:32:51.566 [info] > git rev-parse --show-toplevel [2ms]
2024-05-30 10:32:53.474 [info] > git config --get commit.template [5ms]
2024-05-30 10:32:53.475 [info] > git for-each-ref --format=%(refname)%00%(upstream:short)%00%(objectname)%00%(upstream:track)%00%(upstream:remotename)%00%(upstream:remoteref) refs/heads/main refs/remotes/main [2ms]
2024-05-30 10:32:53.615 [info] > git status -z -uall [135ms]
2024-05-30 10:32:57.069 [info] > git check-ignore -v -z --stdin [3ms]
2024-05-30 10:32:58.649 [info] > git config --get commit.template [7ms]
2024-05-30 10:32:58.649 [info] > git for-each-ref --format=%(refname)%00%(upstream:short)%00%(objectname)%00%(upstream:track)%00%(upstream:remotename)%00%(upstream:remoteref) refs/heads/main refs/remotes/main [1ms]
2024-05-30 10:32:58.851 [info] > git status -z -uall [197ms]
2024-05-30 10:33:03.887 [info] > git config --get commit.template [4ms]
2024-05-30 10:33:03.889 [info] > git for-each-ref --format=%(refname)%00%(upstream:short)%00%(objectname)%00%(upstream:track)%00%(upstream:remotename)%00%(upstream:remoteref) refs/heads/main refs/remotes/main [2ms]
2024-05-30 10:33:04.030 [info] > git status -z -uall [137ms]
2024-05-30 10:33:09.059 [info] > git config --get commit.template [5ms]
2024-05-30 10:33:09.060 [info] > git for-each-ref --format=%(refname)%00%(upstream:short)%00%(objectname)%00%(upstream:track)%00%(upstream:remotename)%00%(upstream:remoteref) refs/heads/main refs/remotes/main [1ms]
2024-05-30 10:33:09.183 [info] > git status -z -uall [119ms]
