2024-05-26 17:25:50.682 [info] Log level: Info
2024-05-26 17:25:50.683 [info] Validating found git in: "git"
2024-05-26 17:25:50.683 [info] Using git "2.45.1" from "git"
2024-05-26 17:25:50.683 [info] > git rev-parse --show-toplevel [32ms]
2024-05-26 17:25:50.683 [info] fatal: not a git repository (or any parent up to mount point /)
Stopping at filesystem boundary (GIT_DISCOVERY_ACROSS_FILESYSTEM not set).
2024-05-26 17:25:50.683 [info] > git rev-parse --show-toplevel [3ms]
2024-05-26 17:25:50.683 [info] > git rev-parse --git-dir --git-common-dir [4ms]
2024-05-26 17:25:50.683 [info] Open repository: /home/prasant/Downloads/Downloads/React_Projects/Food_Ordering_App
2024-05-26 17:25:50.689 [info] > git rev-parse --show-toplevel [52ms]
2024-05-26 17:25:50.689 [info] fatal: not a git repository (or any parent up to mount point /)
Stopping at filesystem boundary (GIT_DISCOVERY_ACROSS_FILESYSTEM not set).
2024-05-26 17:25:50.704 [info] > git config --get commit.template [81ms]
2024-05-26 17:25:51.323 [info] No remotes found in the git config file.
2024-05-26 17:25:51.691 [info] > git check-ignore -v -z --stdin [396ms]
2024-05-26 17:25:51.693 [info] > git for-each-ref --format=%(refname)%00%(upstream:short)%00%(objectname)%00%(upstream:track)%00%(upstream:remotename)%00%(upstream:remoteref) refs/heads/master refs/remotes/master [371ms]
2024-05-26 17:25:51.832 [info] > git status -z -uall [107ms]
2024-05-26 17:25:51.904 [info] > git rev-parse --show-toplevel [250ms]
2024-05-26 17:25:51.904 [info] fatal: not a git repository (or any parent up to mount point /)
Stopping at filesystem boundary (GIT_DISCOVERY_ACROSS_FILESYSTEM not set).
2024-05-26 17:25:51.942 [info] > git config --get commit.template [4ms]
2024-05-26 17:25:51.957 [info] No remotes found in the git config file.
2024-05-26 17:25:51.976 [info] > git for-each-ref --format=%(refname)%00%(upstream:short)%00%(objectname)%00%(upstream:track)%00%(upstream:remotename)%00%(upstream:remoteref) refs/heads/master refs/remotes/master [20ms]
2024-05-26 17:25:52.020 [info] > git status -z -uall [10ms]
2024-05-26 17:25:52.713 [info] > git rev-parse --show-toplevel [11ms]
2024-05-26 17:25:52.713 [info] fatal: not a git repository (or any parent up to mount point /)
Stopping at filesystem boundary (GIT_DISCOVERY_ACROSS_FILESYSTEM not set).
2024-05-26 17:25:53.340 [info] > git rev-parse --show-toplevel [1ms]
2024-05-26 17:25:53.340 [info] fatal: not a git repository (or any parent up to mount point /)
Stopping at filesystem boundary (GIT_DISCOVERY_ACROSS_FILESYSTEM not set).
2024-05-26 17:25:53.417 [info] > git show --textconv :src/App.js [17ms]
2024-05-26 17:25:53.424 [info] > git ls-files --stage -- /home/prasant/Downloads/Downloads/React_Projects/Food_Ordering_App/src/App.js [8ms]
2024-05-26 17:25:53.435 [info] > git cat-file -s d650e55cf60fa3a86bd937eaeeeb64f1ba940a3b [1ms]
