2024-05-21 20:25:11.989 [info] Started local extension host with pid 202805.
2024-05-21 20:25:16.724 [info] [perf] Render performance baseline is 120ms
2024-05-21 20:25:34.966 [error] Cancelled: Canceled
    at ee.B (vscode-file://vscode-app/opt/visual-studio-code/resources/app/out/vs/workbench/workbench.desktop.main.js:792:24018)
    at async ee.z (vscode-file://vscode-app/opt/visual-studio-code/resources/app/out/vs/workbench/workbench.desktop.main.js:792:20814)
    at async _ (vscode-file://vscode-app/opt/visual-studio-code/resources/app/out/vs/workbench/workbench.desktop.main.js:792:19741)
    at async ee.query (vscode-file://vscode-app/opt/visual-studio-code/resources/app/out/vs/workbench/workbench.desktop.main.js:792:20039)
    at async X.queryGallery (vscode-file://vscode-app/opt/visual-studio-code/resources/app/out/vs/workbench/workbench.desktop.main.js:2477:13663)
    at async Me.Kc (vscode-file://vscode-app/opt/visual-studio-code/resources/app/out/vs/workbench/workbench.desktop.main.js:2413:23125)
    at async Me.uc (vscode-file://vscode-app/opt/visual-studio-code/resources/app/out/vs/workbench/workbench.desktop.main.js:2413:14733)
    at async vscode-file://vscode-app/opt/visual-studio-code/resources/app/out/vs/workbench/workbench.desktop.main.js:2413:13032
2024-05-21 20:25:36.352 [error] Cancelled: Canceled
    at ee.B (vscode-file://vscode-app/opt/visual-studio-code/resources/app/out/vs/workbench/workbench.desktop.main.js:792:24018)
    at async ee.z (vscode-file://vscode-app/opt/visual-studio-code/resources/app/out/vs/workbench/workbench.desktop.main.js:792:20814)
    at async ee.z (vscode-file://vscode-app/opt/visual-studio-code/resources/app/out/vs/workbench/workbench.desktop.main.js:792:21759)
    at async ee.getExtensions (vscode-file://vscode-app/opt/visual-studio-code/resources/app/out/vs/workbench/workbench.desktop.main.js:792:17451)
    at async X.getExtensions (vscode-file://vscode-app/opt/visual-studio-code/resources/app/out/vs/workbench/workbench.desktop.main.js:2477:14090)
    at async Oe.Oc (vscode-file://vscode-app/opt/visual-studio-code/resources/app/out/vs/workbench/workbench.desktop.main.js:2413:25245)
    at async Oe.Xc (vscode-file://vscode-app/opt/visual-studio-code/resources/app/out/vs/workbench/workbench.desktop.main.js:2413:28048)
    at async Oe.uc (vscode-file://vscode-app/opt/visual-studio-code/resources/app/out/vs/workbench/workbench.desktop.main.js:2413:14733)
    at async vscode-file://vscode-app/opt/visual-studio-code/resources/app/out/vs/workbench/workbench.desktop.main.js:2413:13032
2024-05-21 20:25:37.537 [error] Cancelled: Canceled
    at ee.B (vscode-file://vscode-app/opt/visual-studio-code/resources/app/out/vs/workbench/workbench.desktop.main.js:792:24018)
    at async ee.z (vscode-file://vscode-app/opt/visual-studio-code/resources/app/out/vs/workbench/workbench.desktop.main.js:792:20814)
    at async _ (vscode-file://vscode-app/opt/visual-studio-code/resources/app/out/vs/workbench/workbench.desktop.main.js:792:19741)
    at async ee.query (vscode-file://vscode-app/opt/visual-studio-code/resources/app/out/vs/workbench/workbench.desktop.main.js:792:20039)
    at async X.queryGallery (vscode-file://vscode-app/opt/visual-studio-code/resources/app/out/vs/workbench/workbench.desktop.main.js:2477:13663)
    at async Me.Kc (vscode-file://vscode-app/opt/visual-studio-code/resources/app/out/vs/workbench/workbench.desktop.main.js:2413:23125)
    at async Me.uc (vscode-file://vscode-app/opt/visual-studio-code/resources/app/out/vs/workbench/workbench.desktop.main.js:2413:14733)
    at async vscode-file://vscode-app/opt/visual-studio-code/resources/app/out/vs/workbench/workbench.desktop.main.js:2413:13032
2024-05-21 20:26:25.018 [info] Started local extension host with pid 204141.
2024-05-21 20:26:29.228 [info] [perf] Render performance baseline is 90ms
2024-05-21 20:27:08.660 [info] Started local extension host with pid 204843.
2024-05-21 20:27:13.126 [info] [perf] Render performance baseline is 87ms
