2024-05-21 20:25:11.574 [info] Added views:workbench.panel.markers.view in workbench.panel.markers
2024-05-21 20:25:11.575 [info] Added views:workbench.panel.output in workbench.panel.output
2024-05-21 20:25:11.575 [info] Added views:terminal in terminal
2024-05-21 20:25:11.575 [info] Added views:outline in workbench.view.explorer
2024-05-21 20:25:11.575 [info] Added views:workbench.scm in workbench.view.scm
2024-05-21 20:25:11.575 [info] Added views:workbench.view.search in workbench.view.search
2024-05-21 20:25:11.575 [info] Added views:timeline in workbench.view.explorer
2024-05-21 20:25:11.575 [info] Added views:workbench.explorer.fileView in workbench.view.explorer
2024-05-21 20:25:11.816 [info] Added views:workbench.debug.welcome in workbench.view.debug
2024-05-21 20:25:13.122 [info] Added views:workbench.panel.repl.view in workbench.panel.repl
2024-05-21 20:25:15.376 [info] Added views:~remote.forwardedPorts in ~remote.forwardedPortsContainer
2024-05-21 20:25:30.318 [info] Added views:workbench.views.extensions.installed,workbench.views.extensions.popular,extensions.recommendedList in workbench.view.extensions
2024-05-21 20:25:30.321 [info] Removed views:workbench.views.extensions.popular from workbench.view.extensions
2024-05-21 20:25:34.917 [info] Removed views:extensions.recommendedList,workbench.views.extensions.installed from workbench.view.extensions
2024-05-21 20:25:34.927 [info] Added views:workbench.views.extensions.marketplace in workbench.view.extensions
2024-05-21 20:25:34.952 [info] Removed views:workbench.views.extensions.marketplace from workbench.view.extensions
2024-05-21 20:25:34.963 [info] Added views:workbench.views.extensions.installed,extensions.recommendedList in workbench.view.extensions
2024-05-21 20:25:36.343 [info] Removed views:extensions.recommendedList,workbench.views.extensions.installed from workbench.view.extensions
2024-05-21 20:25:36.350 [info] Added views:workbench.views.extensions.marketplace in workbench.view.extensions
2024-05-21 20:26:24.836 [info] Added views:workbench.panel.markers.view in workbench.panel.markers
2024-05-21 20:26:24.836 [info] Added views:workbench.panel.output in workbench.panel.output
2024-05-21 20:26:24.836 [info] Added views:terminal in terminal
2024-05-21 20:26:24.836 [info] Added views:outline in workbench.view.explorer
2024-05-21 20:26:24.836 [info] Added views:workbench.scm in workbench.view.scm
2024-05-21 20:26:24.836 [info] Added views:workbench.view.search in workbench.view.search
2024-05-21 20:26:24.836 [info] Added views:timeline in workbench.view.explorer
2024-05-21 20:26:24.836 [info] Added views:workbench.explorer.fileView in workbench.view.explorer
2024-05-21 20:26:25.126 [info] Added views:workbench.debug.welcome in workbench.view.debug
2024-05-21 20:26:26.141 [info] Added views:workbench.panel.repl.view in workbench.panel.repl
2024-05-21 20:26:26.940 [info] Added views:~remote.forwardedPorts in ~remote.forwardedPortsContainer
2024-05-21 20:26:27.792 [info] Added views:workbench.views.extensions.installed,extensions.recommendedList in workbench.view.extensions
2024-05-21 20:27:08.450 [info] Added views:workbench.panel.markers.view in workbench.panel.markers
2024-05-21 20:27:08.450 [info] Added views:workbench.panel.output in workbench.panel.output
2024-05-21 20:27:08.450 [info] Added views:terminal in terminal
2024-05-21 20:27:08.450 [info] Added views:outline in workbench.view.explorer
2024-05-21 20:27:08.450 [info] Added views:workbench.scm in workbench.view.scm
2024-05-21 20:27:08.450 [info] Added views:workbench.view.search in workbench.view.search
2024-05-21 20:27:08.450 [info] Added views:timeline in workbench.view.explorer
2024-05-21 20:27:08.450 [info] Added views:workbench.explorer.fileView in workbench.view.explorer
2024-05-21 20:27:08.772 [info] Added views:workbench.debug.welcome in workbench.view.debug
2024-05-21 20:27:09.512 [info] Added views:workbench.panel.repl.view in workbench.panel.repl
2024-05-21 20:27:11.587 [info] Added views:~remote.forwardedPorts in ~remote.forwardedPortsContainer
